[0.027s] Invoking command in '/home/jetsonros2/MyProject/kopikia_ws/build/xarm_gazebo': AMENT_PREFIX_PATH=/home/jetsonros2/MyProject/kopikia_ws/install/uf_ros_lib:/home/jetsonros2/MyProject/kopikia_ws/install/piper_vendor:/home/jetsonros2/MyProject/kopikia_ws/install/piper_hfhub_vendor:/home/jetsonros2/MyProject/kopikia_ws/install/audio_common_msgs:/home/jetsonros2/MyProject/kopikia_ws/install/xarm_planner:/home/jetsonros2/MyProject/kopikia_ws/install/xarm_moveit_servo:/home/jetsonros2/MyProject/kopikia_ws/install/xarm_moveit_config:/home/jetsonros2/MyProject/kopikia_ws/install/xarm_gazebo:/home/jetsonros2/MyProject/kopikia_ws/install/xarm_controller:/home/jetsonros2/MyProject/kopikia_ws/install/d435i_xarm_setup:/home/jetsonros2/MyProject/kopikia_ws/install/xarm_api:/home/jetsonros2/MyProject/kopikia_ws/install/xarm_sdk:/home/jetsonros2/MyProject/kopikia_ws/install/xarm_msgs:/home/jetsonros2/MyProject/kopikia_ws/install/xarm_description:/home/jetsonros2/MyProject/kopikia_ws/install/realsense_gazebo_plugin:/home/jetsonros2/MyProject/kopikia_ws/install/mbot_demo:/home/jetsonros2/MyProject/kopikia_ws/install/kopikia_bot:/home/jetsonros2/MyProject/smartgardener_ws/install/realsense2_description:/home/jetsonros2/MyProject/smartgardener_ws/install/realsense2_camera:/home/jetsonros2/MyProject/smartgardener_ws/install/realsense2_camera_msgs:/home/jetsonros2/MyProject/smartgardener_ws/install/kone_api:/opt/ros/humble CMAKE_PREFIX_PATH=/home/jetsonros2/MyProject/kopikia_ws/install/xarm_controller:/home/jetsonros2/MyProject/kopikia_ws/install/xarm_api:/home/jetsonros2/MyProject/kopikia_ws/install/xarm_sdk:/home/jetsonros2/MyProject/kopikia_ws/install/xarm_msgs:/home/jetsonros2/MyProject/kopikia_ws/install/xarm_description:/home/jetsonros2/MyProject/kopikia_ws/install/piper_vendor:/home/jetsonros2/MyProject/kopikia_ws/install/piper_hfhub_vendor:/home/jetsonros2/MyProject/kopikia_ws/install/audio_common_msgs:/home/jetsonros2/MyProject/kopikia_ws/install/xarm_planner:/home/jetsonros2/MyProject/kopikia_ws/install/xarm_moveit_servo:/home/jetsonros2/MyProject/kopikia_ws/install/xarm_moveit_config:/home/jetsonros2/MyProject/kopikia_ws/install/xarm_gazebo:/home/jetsonros2/MyProject/kopikia_ws/install/d435i_xarm_setup:/home/jetsonros2/MyProject/kopikia_ws/install/realsense_gazebo_plugin:/home/jetsonros2/MyProject/kopikia_ws/install/mbot_demo:/home/jetsonros2/MyProject/smartgardener_ws/install/realsense2_description:/home/jetsonros2/MyProject/smartgardener_ws/install/realsense2_camera:/home/jetsonros2/MyProject/smartgardener_ws/install/realsense2_camera_msgs:/home/jetsonros2/MyProject/smartgardener_ws/install/kone_api:/home/jetsonros2/MyProject/kopikia_ws/install/uf_ros_lib:/home/jetsonros2/MyProject/kopikia_ws/install/kopikia_bot:/opt/ros/humble LD_LIBRARY_PATH=/home/jetsonros2/MyProject/kopikia_ws/install/xarm_controller/lib:/home/jetsonros2/MyProject/kopikia_ws/install/xarm_api/lib:/home/jetsonros2/MyProject/kopikia_ws/install/xarm_sdk/lib:/home/jetsonros2/MyProject/kopikia_ws/install/xarm_msgs/lib:/home/jetsonros2/MyProject/kopikia_ws/install/piper_vendor/lib:/home/jetsonros2/MyProject/kopikia_ws/install/piper_hfhub_vendor/lib:/home/jetsonros2/MyProject/kopikia_ws/install/audio_common_msgs/lib:/home/jetsonros2/MyProject/kopikia_ws/install/xarm_planner/lib:/home/jetsonros2/MyProject/kopikia_ws/install/xarm_moveit_servo/lib:/home/jetsonros2/MyProject/kopikia_ws/install/xarm_gazebo/lib:/home/jetsonros2/MyProject/kopikia_ws/install/realsense_gazebo_plugin/lib:/home/jetsonros2/MyProject/smartgardener_ws/install/realsense2_camera/lib:/home/jetsonros2/MyProject/smartgardener_ws/install/realsense2_camera_msgs/lib:/usr/lib/x86_64-linux-gnu/gazebo-11/plugins:/opt/ros/humble/opt/rviz_ogre_vendor/lib:/opt/ros/humble/lib/x86_64-linux-gnu:/opt/ros/humble/lib PYTHONPATH=/home/jetsonros2/MyProject/kopikia_ws/build/uf_ros_lib:/home/jetsonros2/MyProject/kopikia_ws/install/uf_ros_lib/lib/python3.10/site-packages:/home/jetsonros2/MyProject/kopikia_ws/install/audio_common_msgs/local/lib/python3.10/dist-packages:/home/jetsonros2/MyProject/kopikia_ws/install/xarm_msgs/local/lib/python3.10/dist-packages:/home/jetsonros2/MyProject/kopikia_ws/install/kopikia_bot/lib/python3.10/site-packages:/home/jetsonros2/MyProject/smartgardener_ws/install/realsense2_camera_msgs/local/lib/python3.10/dist-packages:/opt/ros/humble/lib/python3.10/site-packages:/opt/ros/humble/local/lib/python3.10/dist-packages /usr/bin/cmake /home/jetsonros2/MyProject/kopikia_ws/src/xarm_ros2/xarm_gazebo -DAMENT_CMAKE_SYMLINK_INSTALL=1 -DCMAKE_INSTALL_PREFIX=/home/jetsonros2/MyProject/kopikia_ws/install/xarm_gazebo
[0.084s] -- The C compiler identification is GNU 11.4.0
[0.138s] -- The CXX compiler identification is GNU 11.4.0
[0.146s] -- Detecting C compiler ABI info
[0.213s] -- Detecting C compiler ABI info - done
[0.219s] -- Check for working C compiler: /usr/bin/cc - skipped
[0.219s] -- Detecting C compile features
[0.219s] -- Detecting C compile features - done
[0.223s] -- Detecting CXX compiler ABI info
[0.297s] -- Detecting CXX compiler ABI info - done
[0.304s] -- Check for working CXX compiler: /usr/bin/c++ - skipped
[0.304s] -- Detecting CXX compile features
[0.304s] -- Detecting CXX compile features - done
[0.308s] -- Found ament_cmake: 1.3.12 (/opt/ros/humble/share/ament_cmake/cmake)
[0.466s] -- Found Python3: /usr/bin/python3 (found version "3.10.12") found components: Interpreter 
[0.532s] -- Override CMake install command with custom implementation using symlinks instead of copying resources
[0.573s] -- Found rclcpp: 16.0.16 (/opt/ros/humble/share/rclcpp/cmake)
[0.624s] -- Found rosidl_generator_c: 3.1.7 (/opt/ros/humble/share/rosidl_generator_c/cmake)
[0.629s] -- Found rosidl_adapter: 3.1.7 (/opt/ros/humble/share/rosidl_adapter/cmake)
[0.639s] -- Found rosidl_generator_cpp: 3.1.7 (/opt/ros/humble/share/rosidl_generator_cpp/cmake)
[0.652s] -- Using all available rosidl_typesupport_c: rosidl_typesupport_fastrtps_c;rosidl_typesupport_introspection_c
[0.670s] -- Using all available rosidl_typesupport_cpp: rosidl_typesupport_fastrtps_cpp;rosidl_typesupport_introspection_cpp
[0.716s] -- Found rmw_implementation_cmake: 6.1.2 (/opt/ros/humble/share/rmw_implementation_cmake/cmake)
[0.720s] -- Found rmw_fastrtps_cpp: 6.2.9 (/opt/ros/humble/share/rmw_fastrtps_cpp/cmake)
[0.827s] -- Found OpenSSL: /usr/lib/x86_64-linux-gnu/libcrypto.so (found version "3.0.2")  
[0.875s] -- Found FastRTPS: /opt/ros/humble/include  
[0.971s] -- Using RMW implementation 'rmw_fastrtps_cpp' as default
[0.980s] -- Looking for pthread.h
[1.046s] -- Looking for pthread.h - found
[1.047s] -- Performing Test CMAKE_HAVE_LIBC_PTHREAD
[1.114s] -- Performing Test CMAKE_HAVE_LIBC_PTHREAD - Success
[1.115s] -- Found Threads: TRUE  
[1.162s] -- Found control_toolbox: 3.6.2 (/opt/ros/humble/share/control_toolbox/cmake)
[1.387s] -- Found controller_manager: 2.52.2 (/opt/ros/humble/share/controller_manager/cmake)
[1.418s] -- Found gazebo_ros: 3.9.0 (/opt/ros/humble/share/gazebo_ros/cmake)
[1.428s] -- Found PkgConfig: /usr/bin/pkg-config (found version "0.29.2") 
[1.429s] -- Checking for module 'bullet>=2.82'
[1.442s] --   Found bullet, version 3.05
[1.529s] -- Found fcl: /usr/include (found suitable version "0.7.0", minimum required is "0.5.0") 
[1.572s] -- Found assimp: /usr/include (found version "5.2.0") 
[1.584s] -- Found DART: /usr/include (Required is at least version "6.6") found components: dart 
[1.609s] -- Found Boost: /usr/lib/x86_64-linux-gnu/cmake/Boost-1.74.0/BoostConfig.cmake (found suitable version "1.74.0", minimum required is "1.40.0") found components: thread system filesystem program_options regex iostreams date_time 
[1.622s] -- Found Protobuf: /usr/lib/x86_64-linux-gnu/libprotobuf.so (found version "3.12.4") 
[1.628s] -- Looking for ignition-math6 -- found version 6.15.1
[1.633s] -- Searching for dependencies of ignition-math6
[1.635s] -- Looking for OGRE...
[1.635s] -- OGRE_PREFIX_WATCH changed.
[1.641s] -- Checking for module 'OGRE'
[1.657s] --   Found OGRE, version 1.9.0
[1.693s] -- Found Ogre Ghadamon (1.9.0)
[1.701s] -- Found OGRE: optimized;/usr/lib/x86_64-linux-gnu/libOgreMain.so;debug;/usr/lib/x86_64-linux-gnu/libOgreMain.so
[1.710s] -- Looking for OGRE_Paging...
[1.717s] -- Found OGRE_Paging: optimized;/usr/lib/x86_64-linux-gnu/libOgrePaging.so;debug;/usr/lib/x86_64-linux-gnu/libOgrePaging.so
[1.717s] -- Looking for OGRE_Terrain...
[1.722s] -- Found OGRE_Terrain: optimized;/usr/lib/x86_64-linux-gnu/libOgreTerrain.so;debug;/usr/lib/x86_64-linux-gnu/libOgreTerrain.so
[1.722s] -- Looking for OGRE_Property...
[1.728s] -- Found OGRE_Property: optimized;/usr/lib/x86_64-linux-gnu/libOgreProperty.so;debug;/usr/lib/x86_64-linux-gnu/libOgreProperty.so
[1.729s] -- Looking for OGRE_RTShaderSystem...
[1.734s] -- Found OGRE_RTShaderSystem: optimized;/usr/lib/x86_64-linux-gnu/libOgreRTShaderSystem.so;debug;/usr/lib/x86_64-linux-gnu/libOgreRTShaderSystem.so
[1.734s] -- Looking for OGRE_Volume...
[1.740s] -- Found OGRE_Volume: optimized;/usr/lib/x86_64-linux-gnu/libOgreVolume.so;debug;/usr/lib/x86_64-linux-gnu/libOgreVolume.so
[1.740s] -- Looking for OGRE_Overlay...
[1.746s] -- Found OGRE_Overlay: optimized;/usr/lib/x86_64-linux-gnu/libOgreOverlay.so;debug;/usr/lib/x86_64-linux-gnu/libOgreOverlay.so
[1.846s] -- Looking for ignition-math6 -- found version 6.15.1
[1.848s] -- Looking for ignition-transport8 -- found version 8.2.1
[1.848s] -- Searching for dependencies of ignition-transport8
[1.876s] -- Found Protobuf: /usr/lib/x86_64-linux-gnu/libprotobuf.so (found suitable version "3.12.4", minimum required is "3") 
[1.897s] -- Config-file not installed for ZeroMQ -- checking for pkg-config
[1.901s] -- Checking for module 'libzmq >= 4'
[1.911s] --   Found libzmq , version 4.3.4
[1.937s] -- Found ZeroMQ: TRUE (Required is at least version "4") 
[1.941s] -- Checking for module 'uuid'
[1.951s] --   Found uuid, version 2.37.2
[1.975s] -- Found UUID: TRUE  
[1.978s] -- Looking for ignition-msgs5 -- found version 5.8.1
[1.978s] -- Searching for dependencies of ignition-msgs5
[2.005s] -- Looking for ignition-math6 -- found version 6.15.1
[2.009s] -- Checking for module 'tinyxml2'
[2.020s] --   Found tinyxml2, version 9.0.0
[2.043s] -- Looking for ignition-msgs5 -- found version 5.8.1
[2.044s] -- Looking for ignition-common3 -- found version 3.14.0
[2.045s] -- Searching for dependencies of ignition-common3
[2.045s] -- Looking for dlfcn.h - found
[2.046s] -- Looking for libdl - found
[2.047s] -- Found DL: TRUE  
[2.058s] -- Found tinyobjloader: /usr/lib/x86_64-linux-gnu/cmake/tinyobjloader/tinyobjloader-config.cmake (found version "2.0.0") 
[2.058s] -- Searching for <ignition-common3> component [graphics]
[2.060s] -- Looking for ignition-common3-graphics -- found version 3.14.0
[2.061s] -- Searching for dependencies of ignition-common3-graphics
[2.061s] -- Looking for ignition-math6 -- found version 6.15.1
[2.064s] -- Looking for ignition-fuel_tools4 -- found version 4.4.0
[2.064s] -- Searching for dependencies of ignition-fuel_tools4
[2.135s] -- Found CURL: /usr/lib/x86_64-linux-gnu/libcurl.so (found version "7.81.0")  
[2.142s] -- Checking for module 'jsoncpp'
[2.152s] --   Found jsoncpp, version 1.9.5
[2.177s] -- Found JSONCPP: TRUE  
[2.181s] -- Checking for module 'libzip'
[2.191s] --   Found libzip, version 1.7.3
[2.215s] -- Found ZIP: TRUE  
[2.216s] -- Looking for ignition-common3 -- found version 3.14.0
[2.216s] -- Looking for ignition-math6 -- found version 6.15.1
[2.216s] -- Looking for ignition-msgs5 -- found version 5.8.1
[2.220s] -- Gazebo version: 11.10
[2.220s] -- Checking for module 'tbb'
[2.230s] --   Found tbb, version 2021.5.0
[2.255s] -- Found ament_lint_auto: 0.12.14 (/opt/ros/humble/share/ament_lint_auto/cmake)
[2.329s] -- Added test 'copyright' to check source files copyright and LICENSE
[2.331s] -- Added test 'cppcheck' to perform static code analysis on C / C++ code
[2.331s] -- Configured cppcheck include dirs: /home/jetsonros2/MyProject/kopikia_ws/src/xarm_ros2/xarm_gazebo/include
[2.331s] -- Configured cppcheck exclude dirs and/or files: 
[2.333s] -- Added test 'cpplint' to check C / C++ code against the Google style
[2.333s] -- Configured cpplint exclude dirs and/or files: 
[2.334s] -- Added test 'flake8' to check Python code syntax and style conventions
[2.335s] -- Added test 'lint_cmake' to check CMake code style
[2.336s] -- Added test 'pep257' to check Python code against some of the docstring style conventions in PEP 257
[2.337s] -- Added test 'uncrustify' to check C / C++ code style
[2.337s] -- Configured uncrustify additional arguments: 
[2.338s] -- Added test 'xmllint' to check XML markup files
[2.340s] -- Configuring done
[2.360s] -- Generating done
[2.365s] -- Build files have been written to: /home/jetsonros2/MyProject/kopikia_ws/build/xarm_gazebo
[2.377s] Invoked command in '/home/jetsonros2/MyProject/kopikia_ws/build/xarm_gazebo' returned '0': AMENT_PREFIX_PATH=/home/jetsonros2/MyProject/kopikia_ws/install/uf_ros_lib:/home/jetsonros2/MyProject/kopikia_ws/install/piper_vendor:/home/jetsonros2/MyProject/kopikia_ws/install/piper_hfhub_vendor:/home/jetsonros2/MyProject/kopikia_ws/install/audio_common_msgs:/home/jetsonros2/MyProject/kopikia_ws/install/xarm_planner:/home/jetsonros2/MyProject/kopikia_ws/install/xarm_moveit_servo:/home/jetsonros2/MyProject/kopikia_ws/install/xarm_moveit_config:/home/jetsonros2/MyProject/kopikia_ws/install/xarm_gazebo:/home/jetsonros2/MyProject/kopikia_ws/install/xarm_controller:/home/jetsonros2/MyProject/kopikia_ws/install/d435i_xarm_setup:/home/jetsonros2/MyProject/kopikia_ws/install/xarm_api:/home/jetsonros2/MyProject/kopikia_ws/install/xarm_sdk:/home/jetsonros2/MyProject/kopikia_ws/install/xarm_msgs:/home/jetsonros2/MyProject/kopikia_ws/install/xarm_description:/home/jetsonros2/MyProject/kopikia_ws/install/realsense_gazebo_plugin:/home/jetsonros2/MyProject/kopikia_ws/install/mbot_demo:/home/jetsonros2/MyProject/kopikia_ws/install/kopikia_bot:/home/jetsonros2/MyProject/smartgardener_ws/install/realsense2_description:/home/jetsonros2/MyProject/smartgardener_ws/install/realsense2_camera:/home/jetsonros2/MyProject/smartgardener_ws/install/realsense2_camera_msgs:/home/jetsonros2/MyProject/smartgardener_ws/install/kone_api:/opt/ros/humble CMAKE_PREFIX_PATH=/home/jetsonros2/MyProject/kopikia_ws/install/xarm_controller:/home/jetsonros2/MyProject/kopikia_ws/install/xarm_api:/home/jetsonros2/MyProject/kopikia_ws/install/xarm_sdk:/home/jetsonros2/MyProject/kopikia_ws/install/xarm_msgs:/home/jetsonros2/MyProject/kopikia_ws/install/xarm_description:/home/jetsonros2/MyProject/kopikia_ws/install/piper_vendor:/home/jetsonros2/MyProject/kopikia_ws/install/piper_hfhub_vendor:/home/jetsonros2/MyProject/kopikia_ws/install/audio_common_msgs:/home/jetsonros2/MyProject/kopikia_ws/install/xarm_planner:/home/jetsonros2/MyProject/kopikia_ws/install/xarm_moveit_servo:/home/jetsonros2/MyProject/kopikia_ws/install/xarm_moveit_config:/home/jetsonros2/MyProject/kopikia_ws/install/xarm_gazebo:/home/jetsonros2/MyProject/kopikia_ws/install/d435i_xarm_setup:/home/jetsonros2/MyProject/kopikia_ws/install/realsense_gazebo_plugin:/home/jetsonros2/MyProject/kopikia_ws/install/mbot_demo:/home/jetsonros2/MyProject/smartgardener_ws/install/realsense2_description:/home/jetsonros2/MyProject/smartgardener_ws/install/realsense2_camera:/home/jetsonros2/MyProject/smartgardener_ws/install/realsense2_camera_msgs:/home/jetsonros2/MyProject/smartgardener_ws/install/kone_api:/home/jetsonros2/MyProject/kopikia_ws/install/uf_ros_lib:/home/jetsonros2/MyProject/kopikia_ws/install/kopikia_bot:/opt/ros/humble LD_LIBRARY_PATH=/home/jetsonros2/MyProject/kopikia_ws/install/xarm_controller/lib:/home/jetsonros2/MyProject/kopikia_ws/install/xarm_api/lib:/home/jetsonros2/MyProject/kopikia_ws/install/xarm_sdk/lib:/home/jetsonros2/MyProject/kopikia_ws/install/xarm_msgs/lib:/home/jetsonros2/MyProject/kopikia_ws/install/piper_vendor/lib:/home/jetsonros2/MyProject/kopikia_ws/install/piper_hfhub_vendor/lib:/home/jetsonros2/MyProject/kopikia_ws/install/audio_common_msgs/lib:/home/jetsonros2/MyProject/kopikia_ws/install/xarm_planner/lib:/home/jetsonros2/MyProject/kopikia_ws/install/xarm_moveit_servo/lib:/home/jetsonros2/MyProject/kopikia_ws/install/xarm_gazebo/lib:/home/jetsonros2/MyProject/kopikia_ws/install/realsense_gazebo_plugin/lib:/home/jetsonros2/MyProject/smartgardener_ws/install/realsense2_camera/lib:/home/jetsonros2/MyProject/smartgardener_ws/install/realsense2_camera_msgs/lib:/usr/lib/x86_64-linux-gnu/gazebo-11/plugins:/opt/ros/humble/opt/rviz_ogre_vendor/lib:/opt/ros/humble/lib/x86_64-linux-gnu:/opt/ros/humble/lib PYTHONPATH=/home/jetsonros2/MyProject/kopikia_ws/build/uf_ros_lib:/home/jetsonros2/MyProject/kopikia_ws/install/uf_ros_lib/lib/python3.10/site-packages:/home/jetsonros2/MyProject/kopikia_ws/install/audio_common_msgs/local/lib/python3.10/dist-packages:/home/jetsonros2/MyProject/kopikia_ws/install/xarm_msgs/local/lib/python3.10/dist-packages:/home/jetsonros2/MyProject/kopikia_ws/install/kopikia_bot/lib/python3.10/site-packages:/home/jetsonros2/MyProject/smartgardener_ws/install/realsense2_camera_msgs/local/lib/python3.10/dist-packages:/opt/ros/humble/lib/python3.10/site-packages:/opt/ros/humble/local/lib/python3.10/dist-packages /usr/bin/cmake /home/jetsonros2/MyProject/kopikia_ws/src/xarm_ros2/xarm_gazebo -DAMENT_CMAKE_SYMLINK_INSTALL=1 -DCMAKE_INSTALL_PREFIX=/home/jetsonros2/MyProject/kopikia_ws/install/xarm_gazebo
[2.379s] Invoking command in '/home/jetsonros2/MyProject/kopikia_ws/build/xarm_gazebo': AMENT_PREFIX_PATH=/home/jetsonros2/MyProject/kopikia_ws/install/uf_ros_lib:/home/jetsonros2/MyProject/kopikia_ws/install/piper_vendor:/home/jetsonros2/MyProject/kopikia_ws/install/piper_hfhub_vendor:/home/jetsonros2/MyProject/kopikia_ws/install/audio_common_msgs:/home/jetsonros2/MyProject/kopikia_ws/install/xarm_planner:/home/jetsonros2/MyProject/kopikia_ws/install/xarm_moveit_servo:/home/jetsonros2/MyProject/kopikia_ws/install/xarm_moveit_config:/home/jetsonros2/MyProject/kopikia_ws/install/xarm_gazebo:/home/jetsonros2/MyProject/kopikia_ws/install/xarm_controller:/home/jetsonros2/MyProject/kopikia_ws/install/d435i_xarm_setup:/home/jetsonros2/MyProject/kopikia_ws/install/xarm_api:/home/jetsonros2/MyProject/kopikia_ws/install/xarm_sdk:/home/jetsonros2/MyProject/kopikia_ws/install/xarm_msgs:/home/jetsonros2/MyProject/kopikia_ws/install/xarm_description:/home/jetsonros2/MyProject/kopikia_ws/install/realsense_gazebo_plugin:/home/jetsonros2/MyProject/kopikia_ws/install/mbot_demo:/home/jetsonros2/MyProject/kopikia_ws/install/kopikia_bot:/home/jetsonros2/MyProject/smartgardener_ws/install/realsense2_description:/home/jetsonros2/MyProject/smartgardener_ws/install/realsense2_camera:/home/jetsonros2/MyProject/smartgardener_ws/install/realsense2_camera_msgs:/home/jetsonros2/MyProject/smartgardener_ws/install/kone_api:/opt/ros/humble CMAKE_PREFIX_PATH=/home/jetsonros2/MyProject/kopikia_ws/install/xarm_controller:/home/jetsonros2/MyProject/kopikia_ws/install/xarm_api:/home/jetsonros2/MyProject/kopikia_ws/install/xarm_sdk:/home/jetsonros2/MyProject/kopikia_ws/install/xarm_msgs:/home/jetsonros2/MyProject/kopikia_ws/install/xarm_description:/home/jetsonros2/MyProject/kopikia_ws/install/piper_vendor:/home/jetsonros2/MyProject/kopikia_ws/install/piper_hfhub_vendor:/home/jetsonros2/MyProject/kopikia_ws/install/audio_common_msgs:/home/jetsonros2/MyProject/kopikia_ws/install/xarm_planner:/home/jetsonros2/MyProject/kopikia_ws/install/xarm_moveit_servo:/home/jetsonros2/MyProject/kopikia_ws/install/xarm_moveit_config:/home/jetsonros2/MyProject/kopikia_ws/install/xarm_gazebo:/home/jetsonros2/MyProject/kopikia_ws/install/d435i_xarm_setup:/home/jetsonros2/MyProject/kopikia_ws/install/realsense_gazebo_plugin:/home/jetsonros2/MyProject/kopikia_ws/install/mbot_demo:/home/jetsonros2/MyProject/smartgardener_ws/install/realsense2_description:/home/jetsonros2/MyProject/smartgardener_ws/install/realsense2_camera:/home/jetsonros2/MyProject/smartgardener_ws/install/realsense2_camera_msgs:/home/jetsonros2/MyProject/smartgardener_ws/install/kone_api:/home/jetsonros2/MyProject/kopikia_ws/install/uf_ros_lib:/home/jetsonros2/MyProject/kopikia_ws/install/kopikia_bot:/opt/ros/humble LD_LIBRARY_PATH=/home/jetsonros2/MyProject/kopikia_ws/install/xarm_controller/lib:/home/jetsonros2/MyProject/kopikia_ws/install/xarm_api/lib:/home/jetsonros2/MyProject/kopikia_ws/install/xarm_sdk/lib:/home/jetsonros2/MyProject/kopikia_ws/install/xarm_msgs/lib:/home/jetsonros2/MyProject/kopikia_ws/install/piper_vendor/lib:/home/jetsonros2/MyProject/kopikia_ws/install/piper_hfhub_vendor/lib:/home/jetsonros2/MyProject/kopikia_ws/install/audio_common_msgs/lib:/home/jetsonros2/MyProject/kopikia_ws/install/xarm_planner/lib:/home/jetsonros2/MyProject/kopikia_ws/install/xarm_moveit_servo/lib:/home/jetsonros2/MyProject/kopikia_ws/install/xarm_gazebo/lib:/home/jetsonros2/MyProject/kopikia_ws/install/realsense_gazebo_plugin/lib:/home/jetsonros2/MyProject/smartgardener_ws/install/realsense2_camera/lib:/home/jetsonros2/MyProject/smartgardener_ws/install/realsense2_camera_msgs/lib:/usr/lib/x86_64-linux-gnu/gazebo-11/plugins:/opt/ros/humble/opt/rviz_ogre_vendor/lib:/opt/ros/humble/lib/x86_64-linux-gnu:/opt/ros/humble/lib PYTHONPATH=/home/jetsonros2/MyProject/kopikia_ws/build/uf_ros_lib:/home/jetsonros2/MyProject/kopikia_ws/install/uf_ros_lib/lib/python3.10/site-packages:/home/jetsonros2/MyProject/kopikia_ws/install/audio_common_msgs/local/lib/python3.10/dist-packages:/home/jetsonros2/MyProject/kopikia_ws/install/xarm_msgs/local/lib/python3.10/dist-packages:/home/jetsonros2/MyProject/kopikia_ws/install/kopikia_bot/lib/python3.10/site-packages:/home/jetsonros2/MyProject/smartgardener_ws/install/realsense2_camera_msgs/local/lib/python3.10/dist-packages:/opt/ros/humble/lib/python3.10/site-packages:/opt/ros/humble/local/lib/python3.10/dist-packages /usr/bin/cmake --build /home/jetsonros2/MyProject/kopikia_ws/build/xarm_gazebo -- -j20 -l20
[2.419s] [ 50%] [32mBuilding CXX object CMakeFiles/gazebo_mimic_joint_plugin.dir/src/mimic_joint_plugin.cpp.o[0m
[10.633s] [100%] [32m[1mLinking CXX shared library libgazebo_mimic_joint_plugin.so[0m
[10.972s] [100%] Built target gazebo_mimic_joint_plugin
[10.982s] Invoked command in '/home/jetsonros2/MyProject/kopikia_ws/build/xarm_gazebo' returned '0': AMENT_PREFIX_PATH=/home/jetsonros2/MyProject/kopikia_ws/install/uf_ros_lib:/home/jetsonros2/MyProject/kopikia_ws/install/piper_vendor:/home/jetsonros2/MyProject/kopikia_ws/install/piper_hfhub_vendor:/home/jetsonros2/MyProject/kopikia_ws/install/audio_common_msgs:/home/jetsonros2/MyProject/kopikia_ws/install/xarm_planner:/home/jetsonros2/MyProject/kopikia_ws/install/xarm_moveit_servo:/home/jetsonros2/MyProject/kopikia_ws/install/xarm_moveit_config:/home/jetsonros2/MyProject/kopikia_ws/install/xarm_gazebo:/home/jetsonros2/MyProject/kopikia_ws/install/xarm_controller:/home/jetsonros2/MyProject/kopikia_ws/install/d435i_xarm_setup:/home/jetsonros2/MyProject/kopikia_ws/install/xarm_api:/home/jetsonros2/MyProject/kopikia_ws/install/xarm_sdk:/home/jetsonros2/MyProject/kopikia_ws/install/xarm_msgs:/home/jetsonros2/MyProject/kopikia_ws/install/xarm_description:/home/jetsonros2/MyProject/kopikia_ws/install/realsense_gazebo_plugin:/home/jetsonros2/MyProject/kopikia_ws/install/mbot_demo:/home/jetsonros2/MyProject/kopikia_ws/install/kopikia_bot:/home/jetsonros2/MyProject/smartgardener_ws/install/realsense2_description:/home/jetsonros2/MyProject/smartgardener_ws/install/realsense2_camera:/home/jetsonros2/MyProject/smartgardener_ws/install/realsense2_camera_msgs:/home/jetsonros2/MyProject/smartgardener_ws/install/kone_api:/opt/ros/humble CMAKE_PREFIX_PATH=/home/jetsonros2/MyProject/kopikia_ws/install/xarm_controller:/home/jetsonros2/MyProject/kopikia_ws/install/xarm_api:/home/jetsonros2/MyProject/kopikia_ws/install/xarm_sdk:/home/jetsonros2/MyProject/kopikia_ws/install/xarm_msgs:/home/jetsonros2/MyProject/kopikia_ws/install/xarm_description:/home/jetsonros2/MyProject/kopikia_ws/install/piper_vendor:/home/jetsonros2/MyProject/kopikia_ws/install/piper_hfhub_vendor:/home/jetsonros2/MyProject/kopikia_ws/install/audio_common_msgs:/home/jetsonros2/MyProject/kopikia_ws/install/xarm_planner:/home/jetsonros2/MyProject/kopikia_ws/install/xarm_moveit_servo:/home/jetsonros2/MyProject/kopikia_ws/install/xarm_moveit_config:/home/jetsonros2/MyProject/kopikia_ws/install/xarm_gazebo:/home/jetsonros2/MyProject/kopikia_ws/install/d435i_xarm_setup:/home/jetsonros2/MyProject/kopikia_ws/install/realsense_gazebo_plugin:/home/jetsonros2/MyProject/kopikia_ws/install/mbot_demo:/home/jetsonros2/MyProject/smartgardener_ws/install/realsense2_description:/home/jetsonros2/MyProject/smartgardener_ws/install/realsense2_camera:/home/jetsonros2/MyProject/smartgardener_ws/install/realsense2_camera_msgs:/home/jetsonros2/MyProject/smartgardener_ws/install/kone_api:/home/jetsonros2/MyProject/kopikia_ws/install/uf_ros_lib:/home/jetsonros2/MyProject/kopikia_ws/install/kopikia_bot:/opt/ros/humble LD_LIBRARY_PATH=/home/jetsonros2/MyProject/kopikia_ws/install/xarm_controller/lib:/home/jetsonros2/MyProject/kopikia_ws/install/xarm_api/lib:/home/jetsonros2/MyProject/kopikia_ws/install/xarm_sdk/lib:/home/jetsonros2/MyProject/kopikia_ws/install/xarm_msgs/lib:/home/jetsonros2/MyProject/kopikia_ws/install/piper_vendor/lib:/home/jetsonros2/MyProject/kopikia_ws/install/piper_hfhub_vendor/lib:/home/jetsonros2/MyProject/kopikia_ws/install/audio_common_msgs/lib:/home/jetsonros2/MyProject/kopikia_ws/install/xarm_planner/lib:/home/jetsonros2/MyProject/kopikia_ws/install/xarm_moveit_servo/lib:/home/jetsonros2/MyProject/kopikia_ws/install/xarm_gazebo/lib:/home/jetsonros2/MyProject/kopikia_ws/install/realsense_gazebo_plugin/lib:/home/jetsonros2/MyProject/smartgardener_ws/install/realsense2_camera/lib:/home/jetsonros2/MyProject/smartgardener_ws/install/realsense2_camera_msgs/lib:/usr/lib/x86_64-linux-gnu/gazebo-11/plugins:/opt/ros/humble/opt/rviz_ogre_vendor/lib:/opt/ros/humble/lib/x86_64-linux-gnu:/opt/ros/humble/lib PYTHONPATH=/home/jetsonros2/MyProject/kopikia_ws/build/uf_ros_lib:/home/jetsonros2/MyProject/kopikia_ws/install/uf_ros_lib/lib/python3.10/site-packages:/home/jetsonros2/MyProject/kopikia_ws/install/audio_common_msgs/local/lib/python3.10/dist-packages:/home/jetsonros2/MyProject/kopikia_ws/install/xarm_msgs/local/lib/python3.10/dist-packages:/home/jetsonros2/MyProject/kopikia_ws/install/kopikia_bot/lib/python3.10/site-packages:/home/jetsonros2/MyProject/smartgardener_ws/install/realsense2_camera_msgs/local/lib/python3.10/dist-packages:/opt/ros/humble/lib/python3.10/site-packages:/opt/ros/humble/local/lib/python3.10/dist-packages /usr/bin/cmake --build /home/jetsonros2/MyProject/kopikia_ws/build/xarm_gazebo -- -j20 -l20
[10.984s] Invoking command in '/home/jetsonros2/MyProject/kopikia_ws/build/xarm_gazebo': AMENT_PREFIX_PATH=/home/jetsonros2/MyProject/kopikia_ws/install/uf_ros_lib:/home/jetsonros2/MyProject/kopikia_ws/install/piper_vendor:/home/jetsonros2/MyProject/kopikia_ws/install/piper_hfhub_vendor:/home/jetsonros2/MyProject/kopikia_ws/install/audio_common_msgs:/home/jetsonros2/MyProject/kopikia_ws/install/xarm_planner:/home/jetsonros2/MyProject/kopikia_ws/install/xarm_moveit_servo:/home/jetsonros2/MyProject/kopikia_ws/install/xarm_moveit_config:/home/jetsonros2/MyProject/kopikia_ws/install/xarm_gazebo:/home/jetsonros2/MyProject/kopikia_ws/install/xarm_controller:/home/jetsonros2/MyProject/kopikia_ws/install/d435i_xarm_setup:/home/jetsonros2/MyProject/kopikia_ws/install/xarm_api:/home/jetsonros2/MyProject/kopikia_ws/install/xarm_sdk:/home/jetsonros2/MyProject/kopikia_ws/install/xarm_msgs:/home/jetsonros2/MyProject/kopikia_ws/install/xarm_description:/home/jetsonros2/MyProject/kopikia_ws/install/realsense_gazebo_plugin:/home/jetsonros2/MyProject/kopikia_ws/install/mbot_demo:/home/jetsonros2/MyProject/kopikia_ws/install/kopikia_bot:/home/jetsonros2/MyProject/smartgardener_ws/install/realsense2_description:/home/jetsonros2/MyProject/smartgardener_ws/install/realsense2_camera:/home/jetsonros2/MyProject/smartgardener_ws/install/realsense2_camera_msgs:/home/jetsonros2/MyProject/smartgardener_ws/install/kone_api:/opt/ros/humble CMAKE_PREFIX_PATH=/home/jetsonros2/MyProject/kopikia_ws/install/xarm_controller:/home/jetsonros2/MyProject/kopikia_ws/install/xarm_api:/home/jetsonros2/MyProject/kopikia_ws/install/xarm_sdk:/home/jetsonros2/MyProject/kopikia_ws/install/xarm_msgs:/home/jetsonros2/MyProject/kopikia_ws/install/xarm_description:/home/jetsonros2/MyProject/kopikia_ws/install/piper_vendor:/home/jetsonros2/MyProject/kopikia_ws/install/piper_hfhub_vendor:/home/jetsonros2/MyProject/kopikia_ws/install/audio_common_msgs:/home/jetsonros2/MyProject/kopikia_ws/install/xarm_planner:/home/jetsonros2/MyProject/kopikia_ws/install/xarm_moveit_servo:/home/jetsonros2/MyProject/kopikia_ws/install/xarm_moveit_config:/home/jetsonros2/MyProject/kopikia_ws/install/xarm_gazebo:/home/jetsonros2/MyProject/kopikia_ws/install/d435i_xarm_setup:/home/jetsonros2/MyProject/kopikia_ws/install/realsense_gazebo_plugin:/home/jetsonros2/MyProject/kopikia_ws/install/mbot_demo:/home/jetsonros2/MyProject/smartgardener_ws/install/realsense2_description:/home/jetsonros2/MyProject/smartgardener_ws/install/realsense2_camera:/home/jetsonros2/MyProject/smartgardener_ws/install/realsense2_camera_msgs:/home/jetsonros2/MyProject/smartgardener_ws/install/kone_api:/home/jetsonros2/MyProject/kopikia_ws/install/uf_ros_lib:/home/jetsonros2/MyProject/kopikia_ws/install/kopikia_bot:/opt/ros/humble LD_LIBRARY_PATH=/home/jetsonros2/MyProject/kopikia_ws/install/xarm_controller/lib:/home/jetsonros2/MyProject/kopikia_ws/install/xarm_api/lib:/home/jetsonros2/MyProject/kopikia_ws/install/xarm_sdk/lib:/home/jetsonros2/MyProject/kopikia_ws/install/xarm_msgs/lib:/home/jetsonros2/MyProject/kopikia_ws/install/piper_vendor/lib:/home/jetsonros2/MyProject/kopikia_ws/install/piper_hfhub_vendor/lib:/home/jetsonros2/MyProject/kopikia_ws/install/audio_common_msgs/lib:/home/jetsonros2/MyProject/kopikia_ws/install/xarm_planner/lib:/home/jetsonros2/MyProject/kopikia_ws/install/xarm_moveit_servo/lib:/home/jetsonros2/MyProject/kopikia_ws/install/xarm_gazebo/lib:/home/jetsonros2/MyProject/kopikia_ws/install/realsense_gazebo_plugin/lib:/home/jetsonros2/MyProject/smartgardener_ws/install/realsense2_camera/lib:/home/jetsonros2/MyProject/smartgardener_ws/install/realsense2_camera_msgs/lib:/usr/lib/x86_64-linux-gnu/gazebo-11/plugins:/opt/ros/humble/opt/rviz_ogre_vendor/lib:/opt/ros/humble/lib/x86_64-linux-gnu:/opt/ros/humble/lib PYTHONPATH=/home/jetsonros2/MyProject/kopikia_ws/build/uf_ros_lib:/home/jetsonros2/MyProject/kopikia_ws/install/uf_ros_lib/lib/python3.10/site-packages:/home/jetsonros2/MyProject/kopikia_ws/install/audio_common_msgs/local/lib/python3.10/dist-packages:/home/jetsonros2/MyProject/kopikia_ws/install/xarm_msgs/local/lib/python3.10/dist-packages:/home/jetsonros2/MyProject/kopikia_ws/install/kopikia_bot/lib/python3.10/site-packages:/home/jetsonros2/MyProject/smartgardener_ws/install/realsense2_camera_msgs/local/lib/python3.10/dist-packages:/opt/ros/humble/lib/python3.10/site-packages:/opt/ros/humble/local/lib/python3.10/dist-packages /usr/bin/cmake --install /home/jetsonros2/MyProject/kopikia_ws/build/xarm_gazebo
[10.989s] -- Install configuration: ""
[10.990s] -- Execute custom install script
[10.991s] -- Symlinking: /home/jetsonros2/MyProject/kopikia_ws/install/xarm_gazebo/include/xarm_gazebo/mimic_joint_plugin.h
[10.999s] -- Symlinking: /home/jetsonros2/MyProject/kopikia_ws/install/xarm_gazebo/lib/libgazebo_mimic_joint_plugin.so
[11.007s] -- Symlinking: /home/jetsonros2/MyProject/kopikia_ws/install/xarm_gazebo/share/xarm_gazebo//worlds/table.world
[11.014s] -- Symlinking: /home/jetsonros2/MyProject/kopikia_ws/install/xarm_gazebo/share/xarm_gazebo//launch/_dual_robot_beside_table_gazebo.launch.py
[11.021s] -- Symlinking: /home/jetsonros2/MyProject/kopikia_ws/install/xarm_gazebo/share/xarm_gazebo//launch/_robot_beside_table_gazebo.launch.py
[11.029s] -- Symlinking: /home/jetsonros2/MyProject/kopikia_ws/install/xarm_gazebo/share/xarm_gazebo//launch/_robot_beside_table_ignition.launch.py
[11.037s] -- Symlinking: /home/jetsonros2/MyProject/kopikia_ws/install/xarm_gazebo/share/xarm_gazebo//launch/lite6_beside_table_gazebo.launch.py
[11.044s] -- Symlinking: /home/jetsonros2/MyProject/kopikia_ws/install/xarm_gazebo/share/xarm_gazebo//launch/uf850_beside_table_gazebo.launch.py
[11.051s] -- Symlinking: /home/jetsonros2/MyProject/kopikia_ws/install/xarm_gazebo/share/xarm_gazebo//launch/xarm5_beside_table_gazebo.launch.py
[11.058s] -- Symlinking: /home/jetsonros2/MyProject/kopikia_ws/install/xarm_gazebo/share/xarm_gazebo//launch/xarm6_beside_table_gazebo.launch.py
[11.066s] -- Symlinking: /home/jetsonros2/MyProject/kopikia_ws/install/xarm_gazebo/share/xarm_gazebo//launch/xarm7_beside_table_gazebo.launch.py
[11.073s] -- Symlinking: /home/jetsonros2/MyProject/kopikia_ws/install/xarm_gazebo/share/xarm_gazebo//launch/xarm7_mirror_beside_table_gazebo.launch.py
[11.082s] -- Symlinking: /home/jetsonros2/MyProject/kopikia_ws/install/xarm_gazebo/share/ament_index/resource_index/package_run_dependencies/xarm_gazebo
[11.092s] -- Symlinking: /home/jetsonros2/MyProject/kopikia_ws/install/xarm_gazebo/share/ament_index/resource_index/parent_prefix_path/xarm_gazebo
[11.103s] -- Symlinking: /home/jetsonros2/MyProject/kopikia_ws/install/xarm_gazebo/share/xarm_gazebo/environment/ament_prefix_path.sh
[11.113s] -- Symlinking: /home/jetsonros2/MyProject/kopikia_ws/install/xarm_gazebo/share/xarm_gazebo/environment/ament_prefix_path.dsv
[11.125s] -- Symlinking: /home/jetsonros2/MyProject/kopikia_ws/install/xarm_gazebo/share/xarm_gazebo/environment/path.sh
[11.137s] -- Symlinking: /home/jetsonros2/MyProject/kopikia_ws/install/xarm_gazebo/share/xarm_gazebo/environment/path.dsv
[11.147s] -- Symlinking: /home/jetsonros2/MyProject/kopikia_ws/install/xarm_gazebo/share/xarm_gazebo/local_setup.bash
[11.159s] -- Symlinking: /home/jetsonros2/MyProject/kopikia_ws/install/xarm_gazebo/share/xarm_gazebo/local_setup.sh
[11.168s] -- Symlinking: /home/jetsonros2/MyProject/kopikia_ws/install/xarm_gazebo/share/xarm_gazebo/local_setup.zsh
[11.177s] -- Symlinking: /home/jetsonros2/MyProject/kopikia_ws/install/xarm_gazebo/share/xarm_gazebo/local_setup.dsv
[11.186s] -- Symlinking: /home/jetsonros2/MyProject/kopikia_ws/install/xarm_gazebo/share/xarm_gazebo/package.dsv
[11.196s] -- Symlinking: /home/jetsonros2/MyProject/kopikia_ws/install/xarm_gazebo/share/ament_index/resource_index/packages/xarm_gazebo
[11.205s] -- Symlinking: /home/jetsonros2/MyProject/kopikia_ws/install/xarm_gazebo/share/xarm_gazebo/cmake/xarm_gazeboConfig.cmake
[11.214s] -- Symlinking: /home/jetsonros2/MyProject/kopikia_ws/install/xarm_gazebo/share/xarm_gazebo/cmake/xarm_gazeboConfig-version.cmake
[11.223s] -- Symlinking: /home/jetsonros2/MyProject/kopikia_ws/install/xarm_gazebo/share/xarm_gazebo/package.xml
[11.234s] Invoked command in '/home/jetsonros2/MyProject/kopikia_ws/build/xarm_gazebo' returned '0': AMENT_PREFIX_PATH=/home/jetsonros2/MyProject/kopikia_ws/install/uf_ros_lib:/home/jetsonros2/MyProject/kopikia_ws/install/piper_vendor:/home/jetsonros2/MyProject/kopikia_ws/install/piper_hfhub_vendor:/home/jetsonros2/MyProject/kopikia_ws/install/audio_common_msgs:/home/jetsonros2/MyProject/kopikia_ws/install/xarm_planner:/home/jetsonros2/MyProject/kopikia_ws/install/xarm_moveit_servo:/home/jetsonros2/MyProject/kopikia_ws/install/xarm_moveit_config:/home/jetsonros2/MyProject/kopikia_ws/install/xarm_gazebo:/home/jetsonros2/MyProject/kopikia_ws/install/xarm_controller:/home/jetsonros2/MyProject/kopikia_ws/install/d435i_xarm_setup:/home/jetsonros2/MyProject/kopikia_ws/install/xarm_api:/home/jetsonros2/MyProject/kopikia_ws/install/xarm_sdk:/home/jetsonros2/MyProject/kopikia_ws/install/xarm_msgs:/home/jetsonros2/MyProject/kopikia_ws/install/xarm_description:/home/jetsonros2/MyProject/kopikia_ws/install/realsense_gazebo_plugin:/home/jetsonros2/MyProject/kopikia_ws/install/mbot_demo:/home/jetsonros2/MyProject/kopikia_ws/install/kopikia_bot:/home/jetsonros2/MyProject/smartgardener_ws/install/realsense2_description:/home/jetsonros2/MyProject/smartgardener_ws/install/realsense2_camera:/home/jetsonros2/MyProject/smartgardener_ws/install/realsense2_camera_msgs:/home/jetsonros2/MyProject/smartgardener_ws/install/kone_api:/opt/ros/humble CMAKE_PREFIX_PATH=/home/jetsonros2/MyProject/kopikia_ws/install/xarm_controller:/home/jetsonros2/MyProject/kopikia_ws/install/xarm_api:/home/jetsonros2/MyProject/kopikia_ws/install/xarm_sdk:/home/jetsonros2/MyProject/kopikia_ws/install/xarm_msgs:/home/jetsonros2/MyProject/kopikia_ws/install/xarm_description:/home/jetsonros2/MyProject/kopikia_ws/install/piper_vendor:/home/jetsonros2/MyProject/kopikia_ws/install/piper_hfhub_vendor:/home/jetsonros2/MyProject/kopikia_ws/install/audio_common_msgs:/home/jetsonros2/MyProject/kopikia_ws/install/xarm_planner:/home/jetsonros2/MyProject/kopikia_ws/install/xarm_moveit_servo:/home/jetsonros2/MyProject/kopikia_ws/install/xarm_moveit_config:/home/jetsonros2/MyProject/kopikia_ws/install/xarm_gazebo:/home/jetsonros2/MyProject/kopikia_ws/install/d435i_xarm_setup:/home/jetsonros2/MyProject/kopikia_ws/install/realsense_gazebo_plugin:/home/jetsonros2/MyProject/kopikia_ws/install/mbot_demo:/home/jetsonros2/MyProject/smartgardener_ws/install/realsense2_description:/home/jetsonros2/MyProject/smartgardener_ws/install/realsense2_camera:/home/jetsonros2/MyProject/smartgardener_ws/install/realsense2_camera_msgs:/home/jetsonros2/MyProject/smartgardener_ws/install/kone_api:/home/jetsonros2/MyProject/kopikia_ws/install/uf_ros_lib:/home/jetsonros2/MyProject/kopikia_ws/install/kopikia_bot:/opt/ros/humble LD_LIBRARY_PATH=/home/jetsonros2/MyProject/kopikia_ws/install/xarm_controller/lib:/home/jetsonros2/MyProject/kopikia_ws/install/xarm_api/lib:/home/jetsonros2/MyProject/kopikia_ws/install/xarm_sdk/lib:/home/jetsonros2/MyProject/kopikia_ws/install/xarm_msgs/lib:/home/jetsonros2/MyProject/kopikia_ws/install/piper_vendor/lib:/home/jetsonros2/MyProject/kopikia_ws/install/piper_hfhub_vendor/lib:/home/jetsonros2/MyProject/kopikia_ws/install/audio_common_msgs/lib:/home/jetsonros2/MyProject/kopikia_ws/install/xarm_planner/lib:/home/jetsonros2/MyProject/kopikia_ws/install/xarm_moveit_servo/lib:/home/jetsonros2/MyProject/kopikia_ws/install/xarm_gazebo/lib:/home/jetsonros2/MyProject/kopikia_ws/install/realsense_gazebo_plugin/lib:/home/jetsonros2/MyProject/smartgardener_ws/install/realsense2_camera/lib:/home/jetsonros2/MyProject/smartgardener_ws/install/realsense2_camera_msgs/lib:/usr/lib/x86_64-linux-gnu/gazebo-11/plugins:/opt/ros/humble/opt/rviz_ogre_vendor/lib:/opt/ros/humble/lib/x86_64-linux-gnu:/opt/ros/humble/lib PYTHONPATH=/home/jetsonros2/MyProject/kopikia_ws/build/uf_ros_lib:/home/jetsonros2/MyProject/kopikia_ws/install/uf_ros_lib/lib/python3.10/site-packages:/home/jetsonros2/MyProject/kopikia_ws/install/audio_common_msgs/local/lib/python3.10/dist-packages:/home/jetsonros2/MyProject/kopikia_ws/install/xarm_msgs/local/lib/python3.10/dist-packages:/home/jetsonros2/MyProject/kopikia_ws/install/kopikia_bot/lib/python3.10/site-packages:/home/jetsonros2/MyProject/smartgardener_ws/install/realsense2_camera_msgs/local/lib/python3.10/dist-packages:/opt/ros/humble/lib/python3.10/site-packages:/opt/ros/humble/local/lib/python3.10/dist-packages /usr/bin/cmake --install /home/jetsonros2/MyProject/kopikia_ws/build/xarm_gazebo
