[1.798s] Invoking command in '/home/jetsonros2/MyProject/kopikia_ws/build/kopikia_bot': PYTHONPATH=/home/jetsonros2/MyProject/kopikia_ws/build/kopikia_bot/prefix_override:/usr/lib/python3/dist-packages/colcon_core/task/python/colcon_distutils_commands:/home/jetsonros2/MyProject/kopikia_ws/install/kopikia_bot/lib/python3.10/site-packages:${PYTHONPATH} /usr/bin/python3 -W ignore:setup.py install is deprecated -W ignore:easy_install command is deprecated setup.py develop --editable --build-directory /home/jetsonros2/MyProject/kopikia_ws/build/kopikia_bot/build --no-deps symlink_data
[2.751s] running develop
[3.270s] running egg_info
[3.271s] creating kopikia_bot.egg-info
[3.272s] writing kopikia_bot.egg-info/PKG-INFO
[3.277s] writing dependency_links to kopikia_bot.egg-info/dependency_links.txt
[3.278s] writing entry points to kopikia_bot.egg-info/entry_points.txt
[3.282s] writing requirements to kopikia_bot.egg-info/requires.txt
[3.283s] writing top-level names to kopikia_bot.egg-info/top_level.txt
[3.285s] writing manifest file 'kopikia_bot.egg-info/SOURCES.txt'
[3.288s] reading manifest file 'kopikia_bot.egg-info/SOURCES.txt'
[3.292s] writing manifest file 'kopikia_bot.egg-info/SOURCES.txt'
[3.303s] running build_ext
[3.305s] Creating /home/jetsonros2/MyProject/kopikia_ws/install/kopikia_bot/lib/python3.10/site-packages/kopikia-bot.egg-link (link to .)
[3.305s] Installing preparm script to /home/jetsonros2/MyProject/kopikia_ws/install/kopikia_bot/lib/kopikia_bot
[3.309s] 
[3.309s] Installed /home/jetsonros2/MyProject/kopikia_ws/build/kopikia_bot
[3.309s] running symlink_data
[3.309s] creating /home/jetsonros2/MyProject/kopikia_ws/install/kopikia_bot/share/ament_index
[3.311s] creating /home/jetsonros2/MyProject/kopikia_ws/install/kopikia_bot/share/ament_index/resource_index
[3.311s] creating /home/jetsonros2/MyProject/kopikia_ws/install/kopikia_bot/share/ament_index/resource_index/packages
[3.318s] symbolically linking /home/jetsonros2/MyProject/kopikia_ws/build/kopikia_bot/resource/kopikia_bot -> /home/jetsonros2/MyProject/kopikia_ws/install/kopikia_bot/share/ament_index/resource_index/packages
[3.328s] symbolically linking /home/jetsonros2/MyProject/kopikia_ws/build/kopikia_bot/package.xml -> /home/jetsonros2/MyProject/kopikia_ws/install/kopikia_bot/share/kopikia_bot
[3.535s] Invoked command in '/home/jetsonros2/MyProject/kopikia_ws/build/kopikia_bot' returned '0': PYTHONPATH=/home/jetsonros2/MyProject/kopikia_ws/build/kopikia_bot/prefix_override:/usr/lib/python3/dist-packages/colcon_core/task/python/colcon_distutils_commands:/home/jetsonros2/MyProject/kopikia_ws/install/kopikia_bot/lib/python3.10/site-packages:${PYTHONPATH} /usr/bin/python3 -W ignore:setup.py install is deprecated -W ignore:easy_install command is deprecated setup.py develop --editable --build-directory /home/jetsonros2/MyProject/kopikia_ws/build/kopikia_bot/build --no-deps symlink_data
