[0.550s] Invoking command in '/home/jetsonros2/MyProject/kopikia_ws/build/mbot_demo': CMAKE_PREFIX_PATH=${CMAKE_PREFIX_PATH}:/home/jetsonros2/MyProject/kopikia_ws/install/uf_ros_lib:/home/jetsonros2/MyProject/kopikia_ws/install/kopikia_bot:/opt/ros/humble /usr/bin/cmake /home/jetsonros2/MyProject/kopikia_ws/src/xarm_ros2/demo/mbot_demo -DAMENT_CMAKE_SYMLINK_INSTALL=1 -DCMAKE_INSTALL_PREFIX=/home/jetsonros2/MyProject/kopikia_ws/install/mbot_demo
[0.618s] -- The C compiler identification is GNU 11.4.0
[0.696s] -- The CXX compiler identification is GNU 11.4.0
[0.706s] -- Detecting C compiler ABI info
[0.812s] -- Detecting C compiler ABI info - done
[0.824s] -- Check for working C compiler: /usr/bin/cc - skipped
[0.825s] -- Detecting C compile features
[0.825s] -- Detecting C compile features - done
[0.831s] -- Detecting CXX compiler ABI info
[0.990s] -- Detecting CXX compiler ABI info - done
[1.013s] -- Check for working CXX compiler: /usr/bin/c++ - skipped
[1.014s] -- Detecting CXX compile features
[1.022s] -- Detecting CXX compile features - done
[1.024s] -- Found ament_cmake: 1.3.12 (/opt/ros/humble/share/ament_cmake/cmake)
[1.747s] -- Found Python3: /usr/bin/python3 (found version "3.10.12") found components: Interpreter 
[1.972s] -- Override CMake install command with custom implementation using symlinks instead of copying resources
[2.145s] -- Found ament_lint_auto: 0.12.14 (/opt/ros/humble/share/ament_lint_auto/cmake)
[2.537s] -- Added test 'copyright' to check source files copyright and LICENSE
[2.551s] -- Added test 'flake8' to check Python code syntax and style conventions
[2.553s] -- Added test 'lint_cmake' to check CMake code style
[2.555s] -- Added test 'pep257' to check Python code against some of the docstring style conventions in PEP 257
[2.563s] -- Added test 'xmllint' to check XML markup files
[2.576s] -- Configuring done
[2.586s] -- Generating done
[2.599s] -- Build files have been written to: /home/jetsonros2/MyProject/kopikia_ws/build/mbot_demo
[2.621s] Invoked command in '/home/jetsonros2/MyProject/kopikia_ws/build/mbot_demo' returned '0': CMAKE_PREFIX_PATH=${CMAKE_PREFIX_PATH}:/home/jetsonros2/MyProject/kopikia_ws/install/uf_ros_lib:/home/jetsonros2/MyProject/kopikia_ws/install/kopikia_bot:/opt/ros/humble /usr/bin/cmake /home/jetsonros2/MyProject/kopikia_ws/src/xarm_ros2/demo/mbot_demo -DAMENT_CMAKE_SYMLINK_INSTALL=1 -DCMAKE_INSTALL_PREFIX=/home/jetsonros2/MyProject/kopikia_ws/install/mbot_demo
[2.633s] Invoking command in '/home/jetsonros2/MyProject/kopikia_ws/build/mbot_demo': CMAKE_PREFIX_PATH=${CMAKE_PREFIX_PATH}:/home/jetsonros2/MyProject/kopikia_ws/install/uf_ros_lib:/home/jetsonros2/MyProject/kopikia_ws/install/kopikia_bot:/opt/ros/humble /usr/bin/cmake --build /home/jetsonros2/MyProject/kopikia_ws/build/mbot_demo -- -j20 -l20
[2.753s] Invoked command in '/home/jetsonros2/MyProject/kopikia_ws/build/mbot_demo' returned '0': CMAKE_PREFIX_PATH=${CMAKE_PREFIX_PATH}:/home/jetsonros2/MyProject/kopikia_ws/install/uf_ros_lib:/home/jetsonros2/MyProject/kopikia_ws/install/kopikia_bot:/opt/ros/humble /usr/bin/cmake --build /home/jetsonros2/MyProject/kopikia_ws/build/mbot_demo -- -j20 -l20
[2.753s] Invoking command in '/home/jetsonros2/MyProject/kopikia_ws/build/mbot_demo': CMAKE_PREFIX_PATH=${CMAKE_PREFIX_PATH}:/home/jetsonros2/MyProject/kopikia_ws/install/uf_ros_lib:/home/jetsonros2/MyProject/kopikia_ws/install/kopikia_bot:/opt/ros/humble /usr/bin/cmake --install /home/jetsonros2/MyProject/kopikia_ws/build/mbot_demo
[2.775s] -- Install configuration: ""
[2.781s] -- Execute custom install script
[2.783s] -- Symlinking: /home/jetsonros2/MyProject/kopikia_ws/install/mbot_demo/share/mbot_demo//rviz/moveit.rviz
[2.824s] -- Symlinking: /home/jetsonros2/MyProject/kopikia_ws/install/mbot_demo/share/mbot_demo//urdf/mbot.gazebo.xacro
[2.860s] -- Symlinking: /home/jetsonros2/MyProject/kopikia_ws/install/mbot_demo/share/mbot_demo//urdf/mbot.ros2_control.xacro
[2.897s] -- Symlinking: /home/jetsonros2/MyProject/kopikia_ws/install/mbot_demo/share/mbot_demo//urdf/mbot.transmission.xacro
[2.929s] -- Symlinking: /home/jetsonros2/MyProject/kopikia_ws/install/mbot_demo/share/mbot_demo//urdf/mbot.urdf.xacro
[2.980s] -- Symlinking: /home/jetsonros2/MyProject/kopikia_ws/install/mbot_demo/share/mbot_demo//urdf/mbot_macro.xacro
[3.024s] -- Symlinking: /home/jetsonros2/MyProject/kopikia_ws/install/mbot_demo/share/mbot_demo//urdf/mbot_with_xarm.urdf.xacro
[3.064s] -- Symlinking: /home/jetsonros2/MyProject/kopikia_ws/install/mbot_demo/share/mbot_demo//srdf/mbot_macro.srdf.xacro
[3.095s] -- Symlinking: /home/jetsonros2/MyProject/kopikia_ws/install/mbot_demo/share/mbot_demo//srdf/mbot_with_xarm.srdf.xacro
[3.132s] -- Symlinking: /home/jetsonros2/MyProject/kopikia_ws/install/mbot_demo/share/mbot_demo//config/controllers.yaml
[3.164s] -- Symlinking: /home/jetsonros2/MyProject/kopikia_ws/install/mbot_demo/share/mbot_demo//config/joint_limits.yaml
[3.223s] -- Symlinking: /home/jetsonros2/MyProject/kopikia_ws/install/mbot_demo/share/mbot_demo//config/kinematics.yaml
[3.264s] -- Symlinking: /home/jetsonros2/MyProject/kopikia_ws/install/mbot_demo/share/mbot_demo//config/ompl_planning.yaml
[3.286s] -- Symlinking: /home/jetsonros2/MyProject/kopikia_ws/install/mbot_demo/share/mbot_demo//config/ros2_controllers.yaml
[3.312s] -- Symlinking: /home/jetsonros2/MyProject/kopikia_ws/install/mbot_demo/share/mbot_demo//worlds/empty.world
[3.347s] -- Symlinking: /home/jetsonros2/MyProject/kopikia_ws/install/mbot_demo/share/mbot_demo//launch/_robot_on_mbot_gazebo.launch.py
[3.386s] -- Symlinking: /home/jetsonros2/MyProject/kopikia_ws/install/mbot_demo/share/mbot_demo//launch/mbot_moveit_fake.launch.py
[3.445s] -- Symlinking: /home/jetsonros2/MyProject/kopikia_ws/install/mbot_demo/share/mbot_demo//launch/mbot_moveit_gazebo.launch.py
[3.477s] -- Symlinking: /home/jetsonros2/MyProject/kopikia_ws/install/mbot_demo/share/mbot_demo//launch/mbot_moveit_realmove.launch.py
[3.521s] -- Symlinking: /home/jetsonros2/MyProject/kopikia_ws/install/mbot_demo/share/ament_index/resource_index/package_run_dependencies/mbot_demo
[3.542s] -- Symlinking: /home/jetsonros2/MyProject/kopikia_ws/install/mbot_demo/share/ament_index/resource_index/parent_prefix_path/mbot_demo
[3.568s] -- Symlinking: /home/jetsonros2/MyProject/kopikia_ws/install/mbot_demo/share/mbot_demo/environment/ament_prefix_path.sh
[3.591s] -- Symlinking: /home/jetsonros2/MyProject/kopikia_ws/install/mbot_demo/share/mbot_demo/environment/ament_prefix_path.dsv
[3.614s] -- Symlinking: /home/jetsonros2/MyProject/kopikia_ws/install/mbot_demo/share/mbot_demo/environment/path.sh
[3.633s] -- Symlinking: /home/jetsonros2/MyProject/kopikia_ws/install/mbot_demo/share/mbot_demo/environment/path.dsv
[3.651s] -- Symlinking: /home/jetsonros2/MyProject/kopikia_ws/install/mbot_demo/share/mbot_demo/local_setup.bash
[3.669s] -- Symlinking: /home/jetsonros2/MyProject/kopikia_ws/install/mbot_demo/share/mbot_demo/local_setup.sh
[3.689s] -- Symlinking: /home/jetsonros2/MyProject/kopikia_ws/install/mbot_demo/share/mbot_demo/local_setup.zsh
[3.709s] -- Symlinking: /home/jetsonros2/MyProject/kopikia_ws/install/mbot_demo/share/mbot_demo/local_setup.dsv
[3.726s] -- Symlinking: /home/jetsonros2/MyProject/kopikia_ws/install/mbot_demo/share/mbot_demo/package.dsv
[3.743s] -- Symlinking: /home/jetsonros2/MyProject/kopikia_ws/install/mbot_demo/share/ament_index/resource_index/packages/mbot_demo
[3.760s] -- Symlinking: /home/jetsonros2/MyProject/kopikia_ws/install/mbot_demo/share/mbot_demo/cmake/mbot_demoConfig.cmake
[3.785s] -- Symlinking: /home/jetsonros2/MyProject/kopikia_ws/install/mbot_demo/share/mbot_demo/cmake/mbot_demoConfig-version.cmake
[3.809s] -- Symlinking: /home/jetsonros2/MyProject/kopikia_ws/install/mbot_demo/share/mbot_demo/package.xml
[3.833s] Invoked command in '/home/jetsonros2/MyProject/kopikia_ws/build/mbot_demo' returned '0': CMAKE_PREFIX_PATH=${CMAKE_PREFIX_PATH}:/home/jetsonros2/MyProject/kopikia_ws/install/uf_ros_lib:/home/jetsonros2/MyProject/kopikia_ws/install/kopikia_bot:/opt/ros/humble /usr/bin/cmake --install /home/jetsonros2/MyProject/kopikia_ws/build/mbot_demo
