running develop
running egg_info
creating kopikia_bot.egg-info
writing kopikia_bot.egg-info/PKG-INFO
writing dependency_links to kopikia_bot.egg-info/dependency_links.txt
writing entry points to kopikia_bot.egg-info/entry_points.txt
writing requirements to kopikia_bot.egg-info/requires.txt
writing top-level names to kopikia_bot.egg-info/top_level.txt
writing manifest file 'kopikia_bot.egg-info/SOURCES.txt'
reading manifest file 'kopikia_bot.egg-info/SOURCES.txt'
writing manifest file 'kopikia_bot.egg-info/SOURCES.txt'
running build_ext
Creating /home/jetsonros2/MyProject/kopikia_ws/install/kopikia_bot/lib/python3.10/site-packages/kopikia-bot.egg-link (link to .)
Installing preparm script to /home/jetsonros2/MyProject/kopikia_ws/install/kopikia_bot/lib/kopikia_bot

Installed /home/jetsonros2/MyProject/kopikia_ws/build/kopikia_bot
running symlink_data
creating /home/jetsonros2/MyProject/kopikia_ws/install/kopikia_bot/share/ament_index
creating /home/jetsonros2/MyProject/kopikia_ws/install/kopikia_bot/share/ament_index/resource_index
creating /home/jetsonros2/MyProject/kopikia_ws/install/kopikia_bot/share/ament_index/resource_index/packages
symbolically linking /home/jetsonros2/MyProject/kopikia_ws/build/kopikia_bot/resource/kopikia_bot -> /home/jetsonros2/MyProject/kopikia_ws/install/kopikia_bot/share/ament_index/resource_index/packages
symbolically linking /home/jetsonros2/MyProject/kopikia_ws/build/kopikia_bot/package.xml -> /home/jetsonros2/MyProject/kopikia_ws/install/kopikia_bot/share/kopikia_bot
