[0.939s] Invoking command in '/home/jetsonros2/MyProject/kopikia_ws/build/kopikia_bot': PYTHONPATH=/home/jetsonros2/MyProject/kopikia_ws/build/kopikia_bot/prefix_override:/usr/lib/python3/dist-packages/colcon_core/task/python/colcon_distutils_commands:/home/jetsonros2/MyProject/kopikia_ws/install/kopikia_bot/lib/python3.10/site-packages:${PYTHONPATH} /usr/bin/python3 -W ignore:setup.py install is deprecated -W ignore:easy_install command is deprecated setup.py develop --editable --build-directory /home/jetsonros2/MyProject/kopikia_ws/build/kopikia_bot/build --no-deps symlink_data
[1.143s] running develop
[1.256s] running egg_info
[1.256s] creating kopikia_bot.egg-info
[1.256s] writing kopikia_bot.egg-info/PKG-INFO
[1.257s] writing dependency_links to kopikia_bot.egg-info/dependency_links.txt
[1.257s] writing entry points to kopikia_bot.egg-info/entry_points.txt
[1.257s] writing requirements to kopikia_bot.egg-info/requires.txt
[1.257s] writing top-level names to kopikia_bot.egg-info/top_level.txt
[1.257s] writing manifest file 'kopikia_bot.egg-info/SOURCES.txt'
[1.260s] reading manifest file 'kopikia_bot.egg-info/SOURCES.txt'
[1.260s] writing manifest file 'kopikia_bot.egg-info/SOURCES.txt'
[1.263s] running build_ext
[1.263s] Creating /home/jetsonros2/MyProject/kopikia_ws/install/kopikia_bot/lib/python3.10/site-packages/kopikia-bot.egg-link (link to .)
[1.264s] Installing preparm script to /home/jetsonros2/MyProject/kopikia_ws/install/kopikia_bot/lib/kopikia_bot
[1.264s] 
[1.264s] Installed /home/jetsonros2/MyProject/kopikia_ws/build/kopikia_bot
[1.265s] running symlink_data
[1.265s] creating /home/jetsonros2/MyProject/kopikia_ws/install/kopikia_bot/share/ament_index
[1.266s] creating /home/jetsonros2/MyProject/kopikia_ws/install/kopikia_bot/share/ament_index/resource_index
[1.266s] creating /home/jetsonros2/MyProject/kopikia_ws/install/kopikia_bot/share/ament_index/resource_index/packages
[1.267s] symbolically linking /home/jetsonros2/MyProject/kopikia_ws/build/kopikia_bot/resource/kopikia_bot -> /home/jetsonros2/MyProject/kopikia_ws/install/kopikia_bot/share/ament_index/resource_index/packages
[1.267s] symbolically linking /home/jetsonros2/MyProject/kopikia_ws/build/kopikia_bot/package.xml -> /home/jetsonros2/MyProject/kopikia_ws/install/kopikia_bot/share/kopikia_bot
[1.301s] Invoked command in '/home/jetsonros2/MyProject/kopikia_ws/build/kopikia_bot' returned '0': PYTHONPATH=/home/jetsonros2/MyProject/kopikia_ws/build/kopikia_bot/prefix_override:/usr/lib/python3/dist-packages/colcon_core/task/python/colcon_distutils_commands:/home/jetsonros2/MyProject/kopikia_ws/install/kopikia_bot/lib/python3.10/site-packages:${PYTHONPATH} /usr/bin/python3 -W ignore:setup.py install is deprecated -W ignore:easy_install command is deprecated setup.py develop --editable --build-directory /home/jetsonros2/MyProject/kopikia_ws/build/kopikia_bot/build --no-deps symlink_data
