[0.016s] Invoking command in '/home/jetsonros2/MyProject/kopikia_ws/build/xarm_api': CMAKE_PREFIX_PATH=/home/jetsonros2/MyProject/kopikia_ws/install/xarm_sdk:/home/jetsonros2/MyProject/kopikia_ws/install/xarm_msgs:/home/jetsonros2/MyProject/kopikia_ws/install/xarm_description:/home/jetsonros2/MyProject/kopikia_ws/install/piper_vendor:/home/jetsonros2/MyProject/kopikia_ws/install/piper_hfhub_vendor:/home/jetsonros2/MyProject/kopikia_ws/install/audio_common_msgs:/home/jetsonros2/MyProject/kopikia_ws/install/xarm_planner:/home/jetsonros2/MyProject/kopikia_ws/install/xarm_moveit_servo:/home/jetsonros2/MyProject/kopikia_ws/install/xarm_moveit_config:/home/jetsonros2/MyProject/kopikia_ws/install/xarm_gazebo:/home/jetsonros2/MyProject/kopikia_ws/install/xarm_controller:/home/jetsonros2/MyProject/kopikia_ws/install/d435i_xarm_setup:/home/jetsonros2/MyProject/kopikia_ws/install/xarm_api:/home/jetsonros2/MyProject/kopikia_ws/install/realsense_gazebo_plugin:/home/jetsonros2/MyProject/kopikia_ws/install/mbot_demo:/home/jetsonros2/MyProject/smartgardener_ws/install/realsense2_description:/home/jetsonros2/MyProject/smartgardener_ws/install/realsense2_camera:/home/jetsonros2/MyProject/smartgardener_ws/install/realsense2_camera_msgs:/home/jetsonros2/MyProject/smartgardener_ws/install/kone_api:/home/jetsonros2/MyProject/kopikia_ws/install/uf_ros_lib:/home/jetsonros2/MyProject/kopikia_ws/install/kopikia_bot:/opt/ros/humble LD_LIBRARY_PATH=/home/jetsonros2/MyProject/kopikia_ws/install/xarm_sdk/lib:/home/jetsonros2/MyProject/kopikia_ws/install/xarm_msgs/lib:/home/jetsonros2/MyProject/kopikia_ws/install/piper_vendor/lib:/home/jetsonros2/MyProject/kopikia_ws/install/piper_hfhub_vendor/lib:/home/jetsonros2/MyProject/kopikia_ws/install/audio_common_msgs/lib:/home/jetsonros2/MyProject/kopikia_ws/install/xarm_planner/lib:/home/jetsonros2/MyProject/kopikia_ws/install/xarm_moveit_servo/lib:/home/jetsonros2/MyProject/kopikia_ws/install/xarm_gazebo/lib:/home/jetsonros2/MyProject/kopikia_ws/install/xarm_controller/lib:/home/jetsonros2/MyProject/kopikia_ws/install/xarm_api/lib:/home/jetsonros2/MyProject/kopikia_ws/install/realsense_gazebo_plugin/lib:/home/jetsonros2/MyProject/smartgardener_ws/install/realsense2_camera/lib:/home/jetsonros2/MyProject/smartgardener_ws/install/realsense2_camera_msgs/lib:/usr/lib/x86_64-linux-gnu/gazebo-11/plugins:/opt/ros/humble/opt/rviz_ogre_vendor/lib:/opt/ros/humble/lib/x86_64-linux-gnu:/opt/ros/humble/lib /usr/bin/cmake /home/jetsonros2/MyProject/kopikia_ws/src/xarm_ros2/xarm_api -DAMENT_CMAKE_SYMLINK_INSTALL=1 -DCMAKE_INSTALL_PREFIX=/home/jetsonros2/MyProject/kopikia_ws/install/xarm_api
[0.059s] -- The C compiler identification is GNU 11.4.0
[0.101s] -- The CXX compiler identification is GNU 11.4.0
[0.107s] -- Detecting C compiler ABI info
[0.168s] -- Detecting C compiler ABI info - done
[0.173s] -- Check for working C compiler: /usr/bin/cc - skipped
[0.173s] -- Detecting C compile features
[0.174s] -- Detecting C compile features - done
[0.177s] -- Detecting CXX compiler ABI info
[0.240s] -- Detecting CXX compiler ABI info - done
[0.245s] -- Check for working CXX compiler: /usr/bin/c++ - skipped
[0.246s] -- Detecting CXX compile features
[0.246s] -- Detecting CXX compile features - done
[0.248s] -- Found ament_cmake: 1.3.12 (/opt/ros/humble/share/ament_cmake/cmake)
[0.354s] -- Found Python3: /usr/bin/python3 (found version "3.10.12") found components: Interpreter 
[0.402s] -- Override CMake install command with custom implementation using symlinks instead of copying resources
[0.427s] -- Found ament_lint_auto: 0.12.14 (/opt/ros/humble/share/ament_lint_auto/cmake)
[0.488s] -- Found rclcpp: 16.0.16 (/opt/ros/humble/share/rclcpp/cmake)
[0.529s] -- Found rosidl_generator_c: 3.1.7 (/opt/ros/humble/share/rosidl_generator_c/cmake)
[0.533s] -- Found rosidl_adapter: 3.1.7 (/opt/ros/humble/share/rosidl_adapter/cmake)
[0.540s] -- Found rosidl_generator_cpp: 3.1.7 (/opt/ros/humble/share/rosidl_generator_cpp/cmake)
[0.549s] -- Using all available rosidl_typesupport_c: rosidl_typesupport_fastrtps_c;rosidl_typesupport_introspection_c
[0.561s] -- Using all available rosidl_typesupport_cpp: rosidl_typesupport_fastrtps_cpp;rosidl_typesupport_introspection_cpp
[0.595s] -- Found rmw_implementation_cmake: 6.1.2 (/opt/ros/humble/share/rmw_implementation_cmake/cmake)
[0.597s] -- Found rmw_fastrtps_cpp: 6.2.9 (/opt/ros/humble/share/rmw_fastrtps_cpp/cmake)
[0.697s] -- Found OpenSSL: /usr/lib/x86_64-linux-gnu/libcrypto.so (found version "3.0.2")  
[0.735s] -- Found FastRTPS: /opt/ros/humble/include  
[0.794s] -- Using RMW implementation 'rmw_fastrtps_cpp' as default
[0.801s] -- Looking for pthread.h
[0.855s] -- Looking for pthread.h - found
[0.855s] -- Performing Test CMAKE_HAVE_LIBC_PTHREAD
[0.909s] -- Performing Test CMAKE_HAVE_LIBC_PTHREAD - Success
[0.910s] -- Found Threads: TRUE  
[0.944s] -- Found rclcpp_action: 16.0.16 (/opt/ros/humble/share/rclcpp_action/cmake)
[0.968s] -- Found sensor_msgs: 4.9.0 (/opt/ros/humble/share/sensor_msgs/cmake)
[0.991s] -- Found control_msgs: 4.8.0 (/opt/ros/humble/share/control_msgs/cmake)
[1.028s] -- Found xarm_msgs: 0.0.0 (/home/jetsonros2/MyProject/kopikia_ws/install/xarm_msgs/share/xarm_msgs/cmake)
[1.037s] -- Found xarm_sdk: 0.0.0 (/home/jetsonros2/MyProject/kopikia_ws/install/xarm_sdk/share/xarm_sdk/cmake)
[1.064s] -- Added test 'copyright' to check source files copyright and LICENSE
[1.066s] -- Added test 'cppcheck' to perform static code analysis on C / C++ code
[1.067s] -- Configured cppcheck include dirs: /home/jetsonros2/MyProject/kopikia_ws/src/xarm_ros2/xarm_api/include
[1.067s] -- Configured cppcheck exclude dirs and/or files: 
[1.068s] -- Added test 'cpplint' to check C / C++ code against the Google style
[1.069s] -- Configured cpplint exclude dirs and/or files: 
[1.069s] -- Added test 'flake8' to check Python code syntax and style conventions
[1.070s] -- Added test 'lint_cmake' to check CMake code style
[1.071s] -- Added test 'pep257' to check Python code against some of the docstring style conventions in PEP 257
[1.072s] -- Added test 'uncrustify' to check C / C++ code style
[1.073s] -- Configured uncrustify additional arguments: 
[1.074s] -- Added test 'xmllint' to check XML markup files
[1.079s] -- Configuring done
[1.113s] -- Generating done
[1.127s] -- Build files have been written to: /home/jetsonros2/MyProject/kopikia_ws/build/xarm_api
[1.137s] Invoked command in '/home/jetsonros2/MyProject/kopikia_ws/build/xarm_api' returned '0': CMAKE_PREFIX_PATH=/home/jetsonros2/MyProject/kopikia_ws/install/xarm_sdk:/home/jetsonros2/MyProject/kopikia_ws/install/xarm_msgs:/home/jetsonros2/MyProject/kopikia_ws/install/xarm_description:/home/jetsonros2/MyProject/kopikia_ws/install/piper_vendor:/home/jetsonros2/MyProject/kopikia_ws/install/piper_hfhub_vendor:/home/jetsonros2/MyProject/kopikia_ws/install/audio_common_msgs:/home/jetsonros2/MyProject/kopikia_ws/install/xarm_planner:/home/jetsonros2/MyProject/kopikia_ws/install/xarm_moveit_servo:/home/jetsonros2/MyProject/kopikia_ws/install/xarm_moveit_config:/home/jetsonros2/MyProject/kopikia_ws/install/xarm_gazebo:/home/jetsonros2/MyProject/kopikia_ws/install/xarm_controller:/home/jetsonros2/MyProject/kopikia_ws/install/d435i_xarm_setup:/home/jetsonros2/MyProject/kopikia_ws/install/xarm_api:/home/jetsonros2/MyProject/kopikia_ws/install/realsense_gazebo_plugin:/home/jetsonros2/MyProject/kopikia_ws/install/mbot_demo:/home/jetsonros2/MyProject/smartgardener_ws/install/realsense2_description:/home/jetsonros2/MyProject/smartgardener_ws/install/realsense2_camera:/home/jetsonros2/MyProject/smartgardener_ws/install/realsense2_camera_msgs:/home/jetsonros2/MyProject/smartgardener_ws/install/kone_api:/home/jetsonros2/MyProject/kopikia_ws/install/uf_ros_lib:/home/jetsonros2/MyProject/kopikia_ws/install/kopikia_bot:/opt/ros/humble LD_LIBRARY_PATH=/home/jetsonros2/MyProject/kopikia_ws/install/xarm_sdk/lib:/home/jetsonros2/MyProject/kopikia_ws/install/xarm_msgs/lib:/home/jetsonros2/MyProject/kopikia_ws/install/piper_vendor/lib:/home/jetsonros2/MyProject/kopikia_ws/install/piper_hfhub_vendor/lib:/home/jetsonros2/MyProject/kopikia_ws/install/audio_common_msgs/lib:/home/jetsonros2/MyProject/kopikia_ws/install/xarm_planner/lib:/home/jetsonros2/MyProject/kopikia_ws/install/xarm_moveit_servo/lib:/home/jetsonros2/MyProject/kopikia_ws/install/xarm_gazebo/lib:/home/jetsonros2/MyProject/kopikia_ws/install/xarm_controller/lib:/home/jetsonros2/MyProject/kopikia_ws/install/xarm_api/lib:/home/jetsonros2/MyProject/kopikia_ws/install/realsense_gazebo_plugin/lib:/home/jetsonros2/MyProject/smartgardener_ws/install/realsense2_camera/lib:/home/jetsonros2/MyProject/smartgardener_ws/install/realsense2_camera_msgs/lib:/usr/lib/x86_64-linux-gnu/gazebo-11/plugins:/opt/ros/humble/opt/rviz_ogre_vendor/lib:/opt/ros/humble/lib/x86_64-linux-gnu:/opt/ros/humble/lib /usr/bin/cmake /home/jetsonros2/MyProject/kopikia_ws/src/xarm_ros2/xarm_api -DAMENT_CMAKE_SYMLINK_INSTALL=1 -DCMAKE_INSTALL_PREFIX=/home/jetsonros2/MyProject/kopikia_ws/install/xarm_api
[1.139s] Invoking command in '/home/jetsonros2/MyProject/kopikia_ws/build/xarm_api': CMAKE_PREFIX_PATH=/home/jetsonros2/MyProject/kopikia_ws/install/xarm_sdk:/home/jetsonros2/MyProject/kopikia_ws/install/xarm_msgs:/home/jetsonros2/MyProject/kopikia_ws/install/xarm_description:/home/jetsonros2/MyProject/kopikia_ws/install/piper_vendor:/home/jetsonros2/MyProject/kopikia_ws/install/piper_hfhub_vendor:/home/jetsonros2/MyProject/kopikia_ws/install/audio_common_msgs:/home/jetsonros2/MyProject/kopikia_ws/install/xarm_planner:/home/jetsonros2/MyProject/kopikia_ws/install/xarm_moveit_servo:/home/jetsonros2/MyProject/kopikia_ws/install/xarm_moveit_config:/home/jetsonros2/MyProject/kopikia_ws/install/xarm_gazebo:/home/jetsonros2/MyProject/kopikia_ws/install/xarm_controller:/home/jetsonros2/MyProject/kopikia_ws/install/d435i_xarm_setup:/home/jetsonros2/MyProject/kopikia_ws/install/xarm_api:/home/jetsonros2/MyProject/kopikia_ws/install/realsense_gazebo_plugin:/home/jetsonros2/MyProject/kopikia_ws/install/mbot_demo:/home/jetsonros2/MyProject/smartgardener_ws/install/realsense2_description:/home/jetsonros2/MyProject/smartgardener_ws/install/realsense2_camera:/home/jetsonros2/MyProject/smartgardener_ws/install/realsense2_camera_msgs:/home/jetsonros2/MyProject/smartgardener_ws/install/kone_api:/home/jetsonros2/MyProject/kopikia_ws/install/uf_ros_lib:/home/jetsonros2/MyProject/kopikia_ws/install/kopikia_bot:/opt/ros/humble LD_LIBRARY_PATH=/home/jetsonros2/MyProject/kopikia_ws/install/xarm_sdk/lib:/home/jetsonros2/MyProject/kopikia_ws/install/xarm_msgs/lib:/home/jetsonros2/MyProject/kopikia_ws/install/piper_vendor/lib:/home/jetsonros2/MyProject/kopikia_ws/install/piper_hfhub_vendor/lib:/home/jetsonros2/MyProject/kopikia_ws/install/audio_common_msgs/lib:/home/jetsonros2/MyProject/kopikia_ws/install/xarm_planner/lib:/home/jetsonros2/MyProject/kopikia_ws/install/xarm_moveit_servo/lib:/home/jetsonros2/MyProject/kopikia_ws/install/xarm_gazebo/lib:/home/jetsonros2/MyProject/kopikia_ws/install/xarm_controller/lib:/home/jetsonros2/MyProject/kopikia_ws/install/xarm_api/lib:/home/jetsonros2/MyProject/kopikia_ws/install/realsense_gazebo_plugin/lib:/home/jetsonros2/MyProject/smartgardener_ws/install/realsense2_camera/lib:/home/jetsonros2/MyProject/smartgardener_ws/install/realsense2_camera_msgs/lib:/usr/lib/x86_64-linux-gnu/gazebo-11/plugins:/opt/ros/humble/opt/rviz_ogre_vendor/lib:/opt/ros/humble/lib/x86_64-linux-gnu:/opt/ros/humble/lib /usr/bin/cmake --build /home/jetsonros2/MyProject/kopikia_ws/build/xarm_api -- -j20 -l20
[1.185s] [ 30%] [32mBuilding CXX object CMakeFiles/test_robot_states.dir/test/test_robot_states.cpp.o[0m
[1.185s] [ 30%] [32mBuilding CXX object CMakeFiles/xarm_ros_driver.dir/src/xarm_driver.cpp.o[0m
[1.185s] [ 30%] [32mBuilding CXX object CMakeFiles/xarm_ros_driver.dir/src/xarm_driver_service.cpp.o[0m
[1.186s] [ 30%] [32mBuilding CXX object CMakeFiles/xarm_ros_client.dir/src/xarm_ros_client.cpp.o[0m
[12.568s] [ 38%] [32m[1mLinking CXX executable test_robot_states[0m
[13.144s] [ 38%] Built target test_robot_states
[20.387s] [ 46%] [32m[1mLinking CXX shared library libxarm_ros_client.so[0m
[21.568s] [ 46%] Built target xarm_ros_client
[21.587s] [ 61%] [32mBuilding CXX object CMakeFiles/test_xarm_velo_move.dir/test/test_xarm_velo_move.cpp.o[0m
[21.588s] [ 61%] [32mBuilding CXX object CMakeFiles/test_xarm_ros_client.dir/test/test_xarm_ros_client.cpp.o[0m
[26.200s] [ 69%] [32m[1mLinking CXX executable test_xarm_ros_client[0m
[26.233s] [ 76%] [32m[1mLinking CXX executable test_xarm_velo_move[0m
[26.785s] [ 76%] Built target test_xarm_ros_client
[26.822s] [ 76%] Built target test_xarm_velo_move
[30.061s] [ 84%] [32m[1mLinking CXX shared library libxarm_ros_driver.so[0m
[32.426s] [ 84%] Built target xarm_ros_driver
[32.445s] [ 92%] [32mBuilding CXX object CMakeFiles/xarm_driver_node.dir/src/xarm_driver_node.cpp.o[0m
[36.177s] [100%] [32m[1mLinking CXX executable xarm_driver_node[0m
[36.870s] [100%] Built target xarm_driver_node
[36.880s] Invoked command in '/home/jetsonros2/MyProject/kopikia_ws/build/xarm_api' returned '0': CMAKE_PREFIX_PATH=/home/jetsonros2/MyProject/kopikia_ws/install/xarm_sdk:/home/jetsonros2/MyProject/kopikia_ws/install/xarm_msgs:/home/jetsonros2/MyProject/kopikia_ws/install/xarm_description:/home/jetsonros2/MyProject/kopikia_ws/install/piper_vendor:/home/jetsonros2/MyProject/kopikia_ws/install/piper_hfhub_vendor:/home/jetsonros2/MyProject/kopikia_ws/install/audio_common_msgs:/home/jetsonros2/MyProject/kopikia_ws/install/xarm_planner:/home/jetsonros2/MyProject/kopikia_ws/install/xarm_moveit_servo:/home/jetsonros2/MyProject/kopikia_ws/install/xarm_moveit_config:/home/jetsonros2/MyProject/kopikia_ws/install/xarm_gazebo:/home/jetsonros2/MyProject/kopikia_ws/install/xarm_controller:/home/jetsonros2/MyProject/kopikia_ws/install/d435i_xarm_setup:/home/jetsonros2/MyProject/kopikia_ws/install/xarm_api:/home/jetsonros2/MyProject/kopikia_ws/install/realsense_gazebo_plugin:/home/jetsonros2/MyProject/kopikia_ws/install/mbot_demo:/home/jetsonros2/MyProject/smartgardener_ws/install/realsense2_description:/home/jetsonros2/MyProject/smartgardener_ws/install/realsense2_camera:/home/jetsonros2/MyProject/smartgardener_ws/install/realsense2_camera_msgs:/home/jetsonros2/MyProject/smartgardener_ws/install/kone_api:/home/jetsonros2/MyProject/kopikia_ws/install/uf_ros_lib:/home/jetsonros2/MyProject/kopikia_ws/install/kopikia_bot:/opt/ros/humble LD_LIBRARY_PATH=/home/jetsonros2/MyProject/kopikia_ws/install/xarm_sdk/lib:/home/jetsonros2/MyProject/kopikia_ws/install/xarm_msgs/lib:/home/jetsonros2/MyProject/kopikia_ws/install/piper_vendor/lib:/home/jetsonros2/MyProject/kopikia_ws/install/piper_hfhub_vendor/lib:/home/jetsonros2/MyProject/kopikia_ws/install/audio_common_msgs/lib:/home/jetsonros2/MyProject/kopikia_ws/install/xarm_planner/lib:/home/jetsonros2/MyProject/kopikia_ws/install/xarm_moveit_servo/lib:/home/jetsonros2/MyProject/kopikia_ws/install/xarm_gazebo/lib:/home/jetsonros2/MyProject/kopikia_ws/install/xarm_controller/lib:/home/jetsonros2/MyProject/kopikia_ws/install/xarm_api/lib:/home/jetsonros2/MyProject/kopikia_ws/install/realsense_gazebo_plugin/lib:/home/jetsonros2/MyProject/smartgardener_ws/install/realsense2_camera/lib:/home/jetsonros2/MyProject/smartgardener_ws/install/realsense2_camera_msgs/lib:/usr/lib/x86_64-linux-gnu/gazebo-11/plugins:/opt/ros/humble/opt/rviz_ogre_vendor/lib:/opt/ros/humble/lib/x86_64-linux-gnu:/opt/ros/humble/lib /usr/bin/cmake --build /home/jetsonros2/MyProject/kopikia_ws/build/xarm_api -- -j20 -l20
[36.881s] Invoking command in '/home/jetsonros2/MyProject/kopikia_ws/build/xarm_api': CMAKE_PREFIX_PATH=/home/jetsonros2/MyProject/kopikia_ws/install/xarm_sdk:/home/jetsonros2/MyProject/kopikia_ws/install/xarm_msgs:/home/jetsonros2/MyProject/kopikia_ws/install/xarm_description:/home/jetsonros2/MyProject/kopikia_ws/install/piper_vendor:/home/jetsonros2/MyProject/kopikia_ws/install/piper_hfhub_vendor:/home/jetsonros2/MyProject/kopikia_ws/install/audio_common_msgs:/home/jetsonros2/MyProject/kopikia_ws/install/xarm_planner:/home/jetsonros2/MyProject/kopikia_ws/install/xarm_moveit_servo:/home/jetsonros2/MyProject/kopikia_ws/install/xarm_moveit_config:/home/jetsonros2/MyProject/kopikia_ws/install/xarm_gazebo:/home/jetsonros2/MyProject/kopikia_ws/install/xarm_controller:/home/jetsonros2/MyProject/kopikia_ws/install/d435i_xarm_setup:/home/jetsonros2/MyProject/kopikia_ws/install/xarm_api:/home/jetsonros2/MyProject/kopikia_ws/install/realsense_gazebo_plugin:/home/jetsonros2/MyProject/kopikia_ws/install/mbot_demo:/home/jetsonros2/MyProject/smartgardener_ws/install/realsense2_description:/home/jetsonros2/MyProject/smartgardener_ws/install/realsense2_camera:/home/jetsonros2/MyProject/smartgardener_ws/install/realsense2_camera_msgs:/home/jetsonros2/MyProject/smartgardener_ws/install/kone_api:/home/jetsonros2/MyProject/kopikia_ws/install/uf_ros_lib:/home/jetsonros2/MyProject/kopikia_ws/install/kopikia_bot:/opt/ros/humble LD_LIBRARY_PATH=/home/jetsonros2/MyProject/kopikia_ws/install/xarm_sdk/lib:/home/jetsonros2/MyProject/kopikia_ws/install/xarm_msgs/lib:/home/jetsonros2/MyProject/kopikia_ws/install/piper_vendor/lib:/home/jetsonros2/MyProject/kopikia_ws/install/piper_hfhub_vendor/lib:/home/jetsonros2/MyProject/kopikia_ws/install/audio_common_msgs/lib:/home/jetsonros2/MyProject/kopikia_ws/install/xarm_planner/lib:/home/jetsonros2/MyProject/kopikia_ws/install/xarm_moveit_servo/lib:/home/jetsonros2/MyProject/kopikia_ws/install/xarm_gazebo/lib:/home/jetsonros2/MyProject/kopikia_ws/install/xarm_controller/lib:/home/jetsonros2/MyProject/kopikia_ws/install/xarm_api/lib:/home/jetsonros2/MyProject/kopikia_ws/install/realsense_gazebo_plugin/lib:/home/jetsonros2/MyProject/smartgardener_ws/install/realsense2_camera/lib:/home/jetsonros2/MyProject/smartgardener_ws/install/realsense2_camera_msgs/lib:/usr/lib/x86_64-linux-gnu/gazebo-11/plugins:/opt/ros/humble/opt/rviz_ogre_vendor/lib:/opt/ros/humble/lib/x86_64-linux-gnu:/opt/ros/humble/lib /usr/bin/cmake --install /home/jetsonros2/MyProject/kopikia_ws/build/xarm_api
[36.887s] -- Install configuration: ""
[36.887s] -- Execute custom install script
[36.888s] -- Symlinking: /home/jetsonros2/MyProject/kopikia_ws/install/xarm_api/share/xarm_api/environment/library_path.sh
[36.896s] -- Symlinking: /home/jetsonros2/MyProject/kopikia_ws/install/xarm_api/share/xarm_api/environment/library_path.dsv
[36.903s] -- Symlinking: /home/jetsonros2/MyProject/kopikia_ws/install/xarm_api/include/xarm_api/visibility_control.h
[36.910s] -- Symlinking: /home/jetsonros2/MyProject/kopikia_ws/install/xarm_api/include/xarm_api/xarm_driver.h
[36.917s] -- Symlinking: /home/jetsonros2/MyProject/kopikia_ws/install/xarm_api/include/xarm_api/xarm_msgs.h
[36.925s] -- Symlinking: /home/jetsonros2/MyProject/kopikia_ws/install/xarm_api/include/xarm_api/xarm_ros_client.h
[36.932s] -- Symlinking: /home/jetsonros2/MyProject/kopikia_ws/install/xarm_api/lib/libxarm_ros_driver.so
[36.939s] -- Symlinking: /home/jetsonros2/MyProject/kopikia_ws/install/xarm_api/lib/libxarm_ros_client.so
[36.947s] -- Symlinking: /home/jetsonros2/MyProject/kopikia_ws/install/xarm_api/lib/xarm_api/xarm_driver_node
[36.955s] -- Symlinking: /home/jetsonros2/MyProject/kopikia_ws/install/xarm_api/lib/xarm_api/test_xarm_ros_client
[36.962s] -- Symlinking: /home/jetsonros2/MyProject/kopikia_ws/install/xarm_api/lib/xarm_api/test_xarm_velo_move
[36.970s] -- Symlinking: /home/jetsonros2/MyProject/kopikia_ws/install/xarm_api/lib/xarm_api/test_robot_states
[36.978s] -- Symlinking: /home/jetsonros2/MyProject/kopikia_ws/install/xarm_api/share/xarm_api//launch/_robot_driver.launch.py
[36.986s] -- Symlinking: /home/jetsonros2/MyProject/kopikia_ws/install/xarm_api/share/xarm_api//launch/lib/robot_api_lib.py
[36.994s] -- Symlinking: /home/jetsonros2/MyProject/kopikia_ws/install/xarm_api/share/xarm_api//launch/lite6_driver.launch.py
[37.001s] -- Symlinking: /home/jetsonros2/MyProject/kopikia_ws/install/xarm_api/share/xarm_api//launch/uf850_driver.launch.py
[37.009s] -- Symlinking: /home/jetsonros2/MyProject/kopikia_ws/install/xarm_api/share/xarm_api//launch/xarm5_driver.launch.py
[37.016s] -- Symlinking: /home/jetsonros2/MyProject/kopikia_ws/install/xarm_api/share/xarm_api//launch/xarm6_driver.launch.py
[37.024s] -- Symlinking: /home/jetsonros2/MyProject/kopikia_ws/install/xarm_api/share/xarm_api//launch/xarm7_driver.launch.py
[37.032s] -- Symlinking: /home/jetsonros2/MyProject/kopikia_ws/install/xarm_api/share/xarm_api//config/xarm_params.yaml
[37.040s] -- Symlinking: /home/jetsonros2/MyProject/kopikia_ws/install/xarm_api/share/ament_index/resource_index/package_run_dependencies/xarm_api
[37.048s] -- Symlinking: /home/jetsonros2/MyProject/kopikia_ws/install/xarm_api/share/ament_index/resource_index/parent_prefix_path/xarm_api
[37.055s] -- Symlinking: /home/jetsonros2/MyProject/kopikia_ws/install/xarm_api/share/xarm_api/environment/ament_prefix_path.sh
[37.063s] -- Symlinking: /home/jetsonros2/MyProject/kopikia_ws/install/xarm_api/share/xarm_api/environment/ament_prefix_path.dsv
[37.071s] -- Symlinking: /home/jetsonros2/MyProject/kopikia_ws/install/xarm_api/share/xarm_api/environment/path.sh
[37.078s] -- Symlinking: /home/jetsonros2/MyProject/kopikia_ws/install/xarm_api/share/xarm_api/environment/path.dsv
[37.086s] -- Symlinking: /home/jetsonros2/MyProject/kopikia_ws/install/xarm_api/share/xarm_api/local_setup.bash
[37.094s] -- Symlinking: /home/jetsonros2/MyProject/kopikia_ws/install/xarm_api/share/xarm_api/local_setup.sh
[37.102s] -- Symlinking: /home/jetsonros2/MyProject/kopikia_ws/install/xarm_api/share/xarm_api/local_setup.zsh
[37.110s] -- Symlinking: /home/jetsonros2/MyProject/kopikia_ws/install/xarm_api/share/xarm_api/local_setup.dsv
[37.118s] -- Symlinking: /home/jetsonros2/MyProject/kopikia_ws/install/xarm_api/share/xarm_api/package.dsv
[37.126s] -- Symlinking: /home/jetsonros2/MyProject/kopikia_ws/install/xarm_api/share/ament_index/resource_index/packages/xarm_api
[37.134s] -- Symlinking: /home/jetsonros2/MyProject/kopikia_ws/install/xarm_api/share/xarm_api/cmake/ament_cmake_export_libraries-extras.cmake
[37.142s] -- Symlinking: /home/jetsonros2/MyProject/kopikia_ws/install/xarm_api/share/xarm_api/cmake/ament_cmake_export_include_directories-extras.cmake
[37.151s] -- Symlinking: /home/jetsonros2/MyProject/kopikia_ws/install/xarm_api/share/xarm_api/cmake/xarm_apiConfig.cmake
[37.159s] -- Symlinking: /home/jetsonros2/MyProject/kopikia_ws/install/xarm_api/share/xarm_api/cmake/xarm_apiConfig-version.cmake
[37.167s] -- Symlinking: /home/jetsonros2/MyProject/kopikia_ws/install/xarm_api/share/xarm_api/package.xml
[37.178s] Invoked command in '/home/jetsonros2/MyProject/kopikia_ws/build/xarm_api' returned '0': CMAKE_PREFIX_PATH=/home/jetsonros2/MyProject/kopikia_ws/install/xarm_sdk:/home/jetsonros2/MyProject/kopikia_ws/install/xarm_msgs:/home/jetsonros2/MyProject/kopikia_ws/install/xarm_description:/home/jetsonros2/MyProject/kopikia_ws/install/piper_vendor:/home/jetsonros2/MyProject/kopikia_ws/install/piper_hfhub_vendor:/home/jetsonros2/MyProject/kopikia_ws/install/audio_common_msgs:/home/jetsonros2/MyProject/kopikia_ws/install/xarm_planner:/home/jetsonros2/MyProject/kopikia_ws/install/xarm_moveit_servo:/home/jetsonros2/MyProject/kopikia_ws/install/xarm_moveit_config:/home/jetsonros2/MyProject/kopikia_ws/install/xarm_gazebo:/home/jetsonros2/MyProject/kopikia_ws/install/xarm_controller:/home/jetsonros2/MyProject/kopikia_ws/install/d435i_xarm_setup:/home/jetsonros2/MyProject/kopikia_ws/install/xarm_api:/home/jetsonros2/MyProject/kopikia_ws/install/realsense_gazebo_plugin:/home/jetsonros2/MyProject/kopikia_ws/install/mbot_demo:/home/jetsonros2/MyProject/smartgardener_ws/install/realsense2_description:/home/jetsonros2/MyProject/smartgardener_ws/install/realsense2_camera:/home/jetsonros2/MyProject/smartgardener_ws/install/realsense2_camera_msgs:/home/jetsonros2/MyProject/smartgardener_ws/install/kone_api:/home/jetsonros2/MyProject/kopikia_ws/install/uf_ros_lib:/home/jetsonros2/MyProject/kopikia_ws/install/kopikia_bot:/opt/ros/humble LD_LIBRARY_PATH=/home/jetsonros2/MyProject/kopikia_ws/install/xarm_sdk/lib:/home/jetsonros2/MyProject/kopikia_ws/install/xarm_msgs/lib:/home/jetsonros2/MyProject/kopikia_ws/install/piper_vendor/lib:/home/jetsonros2/MyProject/kopikia_ws/install/piper_hfhub_vendor/lib:/home/jetsonros2/MyProject/kopikia_ws/install/audio_common_msgs/lib:/home/jetsonros2/MyProject/kopikia_ws/install/xarm_planner/lib:/home/jetsonros2/MyProject/kopikia_ws/install/xarm_moveit_servo/lib:/home/jetsonros2/MyProject/kopikia_ws/install/xarm_gazebo/lib:/home/jetsonros2/MyProject/kopikia_ws/install/xarm_controller/lib:/home/jetsonros2/MyProject/kopikia_ws/install/xarm_api/lib:/home/jetsonros2/MyProject/kopikia_ws/install/realsense_gazebo_plugin/lib:/home/jetsonros2/MyProject/smartgardener_ws/install/realsense2_camera/lib:/home/jetsonros2/MyProject/smartgardener_ws/install/realsense2_camera_msgs/lib:/usr/lib/x86_64-linux-gnu/gazebo-11/plugins:/opt/ros/humble/opt/rviz_ogre_vendor/lib:/opt/ros/humble/lib/x86_64-linux-gnu:/opt/ros/humble/lib /usr/bin/cmake --install /home/jetsonros2/MyProject/kopikia_ws/build/xarm_api
