[0.578s] Invoking command in '/home/jetsonros2/MyProject/kopikia_ws/build/realsense_gazebo_plugin': CMAKE_PREFIX_PATH=${CMAKE_PREFIX_PATH}:/home/jetsonros2/MyProject/kopikia_ws/install/uf_ros_lib:/home/jetsonros2/MyProject/kopikia_ws/install/kopikia_bot:/opt/ros/humble /usr/bin/cmake /home/jetsonros2/MyProject/kopikia_ws/src/xarm_ros2/thirdparty/realsense_gazebo_plugin -DAMENT_CMAKE_SYMLINK_INSTALL=1 -DCMAKE_INSTALL_PREFIX=/home/jetsonros2/MyProject/kopikia_ws/install/realsense_gazebo_plugin
[0.638s] -- The C compiler identification is GNU 11.4.0
[0.718s] -- The CXX compiler identification is GNU 11.4.0
[0.731s] -- Detecting C compiler ABI info
[0.844s] -- Detecting C compiler ABI info - done
[0.853s] -- Check for working C compiler: /usr/bin/cc - skipped
[0.854s] -- Detecting C compile features
[0.854s] -- Detecting C compile features - done
[0.859s] -- Detecting CXX compiler ABI info
[1.031s] -- Detecting CXX compiler ABI info - done
[1.051s] -- Check for working CXX compiler: /usr/bin/c++ - skipped
[1.052s] -- Detecting CXX compile features
[1.054s] -- Detecting CXX compile features - done
[1.063s] -- Found ament_cmake: 1.3.12 (/opt/ros/humble/share/ament_cmake/cmake)
[1.692s] -- Found Python3: /usr/bin/python3 (found version "3.10.12") found components: Interpreter 
[1.985s] -- Override CMake install command with custom implementation using symlinks instead of copying resources
[2.091s] -- Found rclcpp: 16.0.16 (/opt/ros/humble/share/rclcpp/cmake)
[2.413s] -- Found rosidl_generator_c: 3.1.7 (/opt/ros/humble/share/rosidl_generator_c/cmake)
[2.437s] -- Found rosidl_adapter: 3.1.7 (/opt/ros/humble/share/rosidl_adapter/cmake)
[2.468s] -- Found rosidl_generator_cpp: 3.1.7 (/opt/ros/humble/share/rosidl_generator_cpp/cmake)
[2.502s] -- Using all available rosidl_typesupport_c: rosidl_typesupport_fastrtps_c;rosidl_typesupport_introspection_c
[2.551s] -- Using all available rosidl_typesupport_cpp: rosidl_typesupport_fastrtps_cpp;rosidl_typesupport_introspection_cpp
[2.678s] -- Found rmw_implementation_cmake: 6.1.2 (/opt/ros/humble/share/rmw_implementation_cmake/cmake)
[2.687s] -- Found rmw_fastrtps_cpp: 6.2.9 (/opt/ros/humble/share/rmw_fastrtps_cpp/cmake)
[3.044s] -- Found OpenSSL: /usr/lib/x86_64-linux-gnu/libcrypto.so (found version "3.0.2")  
[3.186s] -- Found FastRTPS: /opt/ros/foxy/include  
[3.464s] -- Using RMW implementation 'rmw_fastrtps_cpp' as default
[3.510s] -- Looking for pthread.h
[3.698s] -- Looking for pthread.h - found
[3.705s] -- Performing Test CMAKE_HAVE_LIBC_PTHREAD
[3.868s] -- Performing Test CMAKE_HAVE_LIBC_PTHREAD - Success
[3.871s] -- Found Threads: TRUE  
[3.991s] -- Found gazebo_ros: 3.9.0 (/opt/ros/humble/share/gazebo_ros/cmake)
[4.020s] -- Found PkgConfig: /usr/bin/pkg-config (found version "0.29.2") 
[4.022s] -- Checking for module 'bullet>=2.82'
[4.053s] --   Found bullet, version 3.05
[4.260s] -- Found fcl: /usr/include (found suitable version "0.7.0", minimum required is "0.5.0") 
[4.369s] -- Found assimp: /usr/include (found version "5.2.0") 
[4.425s] -- Found DART: /usr/include (Required is at least version "6.6") found components: dart 
[4.486s] -- Found Boost: /usr/lib/x86_64-linux-gnu/cmake/Boost-1.74.0/BoostConfig.cmake (found suitable version "1.74.0", minimum required is "1.40.0") found components: thread system filesystem program_options regex iostreams date_time 
[4.540s] -- Found Protobuf: /usr/lib/x86_64-linux-gnu/libprotobuf.so (found version "3.12.4") 
[4.555s] -- Looking for ignition-math6 -- found version 6.15.1
[4.576s] -- Searching for dependencies of ignition-math6
[4.581s] -- Looking for OGRE...
[4.582s] -- OGRE_PREFIX_WATCH changed.
[4.591s] -- Checking for module 'OGRE'
[4.616s] --   Found OGRE, version 1.9.0
[4.680s] -- Found Ogre Ghadamon (1.9.0)
[4.696s] -- Found OGRE: optimized;/usr/lib/x86_64-linux-gnu/libOgreMain.so;debug;/usr/lib/x86_64-linux-gnu/libOgreMain.so
[4.710s] -- Looking for OGRE_Paging...
[4.723s] -- Found OGRE_Paging: optimized;/usr/lib/x86_64-linux-gnu/libOgrePaging.so;debug;/usr/lib/x86_64-linux-gnu/libOgrePaging.so
[4.723s] -- Looking for OGRE_Terrain...
[4.732s] -- Found OGRE_Terrain: optimized;/usr/lib/x86_64-linux-gnu/libOgreTerrain.so;debug;/usr/lib/x86_64-linux-gnu/libOgreTerrain.so
[4.732s] -- Looking for OGRE_Property...
[4.744s] -- Found OGRE_Property: optimized;/usr/lib/x86_64-linux-gnu/libOgreProperty.so;debug;/usr/lib/x86_64-linux-gnu/libOgreProperty.so
[4.745s] -- Looking for OGRE_RTShaderSystem...
[4.754s] -- Found OGRE_RTShaderSystem: optimized;/usr/lib/x86_64-linux-gnu/libOgreRTShaderSystem.so;debug;/usr/lib/x86_64-linux-gnu/libOgreRTShaderSystem.so
[4.754s] -- Looking for OGRE_Volume...
[4.764s] -- Found OGRE_Volume: optimized;/usr/lib/x86_64-linux-gnu/libOgreVolume.so;debug;/usr/lib/x86_64-linux-gnu/libOgreVolume.so
[4.764s] -- Looking for OGRE_Overlay...
[4.777s] -- Found OGRE_Overlay: optimized;/usr/lib/x86_64-linux-gnu/libOgreOverlay.so;debug;/usr/lib/x86_64-linux-gnu/libOgreOverlay.so
[4.990s] -- Looking for ignition-math6 -- found version 6.15.1
[4.996s] -- Looking for ignition-transport8 -- found version 8.2.1
[4.997s] -- Searching for dependencies of ignition-transport8
[5.049s] -- Found Protobuf: /usr/lib/x86_64-linux-gnu/libprotobuf.so (found suitable version "3.12.4", minimum required is "3") 
[5.088s] -- Config-file not installed for ZeroMQ -- checking for pkg-config
[5.095s] -- Checking for module 'libzmq >= 4'
[5.122s] --   Found libzmq , version 4.3.4
[5.185s] -- Found ZeroMQ: TRUE (Required is at least version "4") 
[5.197s] -- Checking for module 'uuid'
[5.224s] --   Found uuid, version 2.37.2
[5.284s] -- Found UUID: TRUE  
[5.291s] -- Looking for ignition-msgs5 -- found version 5.8.1
[5.292s] -- Searching for dependencies of ignition-msgs5
[5.358s] -- Looking for ignition-math6 -- found version 6.15.1
[5.370s] -- Checking for module 'tinyxml2'
[5.400s] --   Found tinyxml2, version 9.0.0
[5.470s] -- Looking for ignition-msgs5 -- found version 5.8.1
[5.477s] -- Looking for ignition-common3 -- found version 3.14.0
[5.478s] -- Searching for dependencies of ignition-common3
[5.479s] -- Looking for dlfcn.h - found
[5.481s] -- Looking for libdl - found
[5.483s] -- Found DL: TRUE  
[5.505s] -- Found tinyobjloader: /usr/lib/x86_64-linux-gnu/cmake/tinyobjloader/tinyobjloader-config.cmake (found version "2.0.0") 
[5.507s] -- Searching for <ignition-common3> component [graphics]
[5.513s] -- Looking for ignition-common3-graphics -- found version 3.14.0
[5.513s] -- Searching for dependencies of ignition-common3-graphics
[5.514s] -- Looking for ignition-math6 -- found version 6.15.1
[5.522s] -- Looking for ignition-fuel_tools4 -- found version 4.4.0
[5.522s] -- Searching for dependencies of ignition-fuel_tools4
[5.698s] -- Found CURL: /usr/lib/x86_64-linux-gnu/libcurl.so (found version "7.81.0")  
[5.720s] -- Checking for module 'jsoncpp'
[5.748s] --   Found jsoncpp, version 1.9.5
[5.804s] -- Found JSONCPP: TRUE  
[5.815s] -- Checking for module 'libzip'
[5.841s] --   Found libzip, version 1.7.3
[5.895s] -- Found ZIP: TRUE  
[5.896s] -- Looking for ignition-common3 -- found version 3.14.0
[5.896s] -- Looking for ignition-math6 -- found version 6.15.1
[5.897s] -- Looking for ignition-msgs5 -- found version 5.8.1
[5.907s] -- Gazebo version: 11.10
[5.907s] -- Checking for module 'tbb'
[5.933s] --   Found tbb, version 2021.5.0
[5.994s] -- Found image_transport: 3.1.12 (/opt/ros/humble/share/image_transport/cmake)
[6.161s] -- Found camera_info_manager: 3.1.12 (/opt/ros/humble/share/camera_info_manager/cmake)
[6.195s] -- Found ament_lint_auto: 0.12.14 (/opt/ros/humble/share/ament_lint_auto/cmake)
[6.273s] -- Configuring done
[6.358s] -- Generating done
[6.367s] -- Build files have been written to: /home/jetsonros2/MyProject/kopikia_ws/build/realsense_gazebo_plugin
[6.384s] Invoked command in '/home/jetsonros2/MyProject/kopikia_ws/build/realsense_gazebo_plugin' returned '0': CMAKE_PREFIX_PATH=${CMAKE_PREFIX_PATH}:/home/jetsonros2/MyProject/kopikia_ws/install/uf_ros_lib:/home/jetsonros2/MyProject/kopikia_ws/install/kopikia_bot:/opt/ros/humble /usr/bin/cmake /home/jetsonros2/MyProject/kopikia_ws/src/xarm_ros2/thirdparty/realsense_gazebo_plugin -DAMENT_CMAKE_SYMLINK_INSTALL=1 -DCMAKE_INSTALL_PREFIX=/home/jetsonros2/MyProject/kopikia_ws/install/realsense_gazebo_plugin
[6.388s] Invoking command in '/home/jetsonros2/MyProject/kopikia_ws/build/realsense_gazebo_plugin': CMAKE_PREFIX_PATH=${CMAKE_PREFIX_PATH}:/home/jetsonros2/MyProject/kopikia_ws/install/uf_ros_lib:/home/jetsonros2/MyProject/kopikia_ws/install/kopikia_bot:/opt/ros/humble /usr/bin/cmake --build /home/jetsonros2/MyProject/kopikia_ws/build/realsense_gazebo_plugin -- -j20 -l20
[6.460s] [ 33%] [32mBuilding CXX object CMakeFiles/realsense_gazebo_plugin.dir/src/RealSensePlugin.cpp.o[0m
[6.462s] [ 66%] [32mBuilding CXX object CMakeFiles/realsense_gazebo_plugin.dir/src/gazebo_ros_realsense.cpp.o[0m
[40.883s] [100%] [32m[1mLinking CXX shared library librealsense_gazebo_plugin.so[0m
[42.333s] [100%] Built target realsense_gazebo_plugin
[42.346s] Invoked command in '/home/jetsonros2/MyProject/kopikia_ws/build/realsense_gazebo_plugin' returned '0': CMAKE_PREFIX_PATH=${CMAKE_PREFIX_PATH}:/home/jetsonros2/MyProject/kopikia_ws/install/uf_ros_lib:/home/jetsonros2/MyProject/kopikia_ws/install/kopikia_bot:/opt/ros/humble /usr/bin/cmake --build /home/jetsonros2/MyProject/kopikia_ws/build/realsense_gazebo_plugin -- -j20 -l20
[42.350s] Invoking command in '/home/jetsonros2/MyProject/kopikia_ws/build/realsense_gazebo_plugin': CMAKE_PREFIX_PATH=${CMAKE_PREFIX_PATH}:/home/jetsonros2/MyProject/kopikia_ws/install/uf_ros_lib:/home/jetsonros2/MyProject/kopikia_ws/install/kopikia_bot:/opt/ros/humble /usr/bin/cmake --install /home/jetsonros2/MyProject/kopikia_ws/build/realsense_gazebo_plugin
[42.357s] -- Install configuration: ""
[42.357s] -- Execute custom install script
[42.358s] -- Symlinking: /home/jetsonros2/MyProject/kopikia_ws/install/realsense_gazebo_plugin/lib/librealsense_gazebo_plugin.so
[42.368s] -- Symlinking: /home/jetsonros2/MyProject/kopikia_ws/install/realsense_gazebo_plugin/include//realsense_gazebo_plugin/RealSensePlugin.h
[42.376s] -- Symlinking: /home/jetsonros2/MyProject/kopikia_ws/install/realsense_gazebo_plugin/include//realsense_gazebo_plugin/gazebo_ros_realsense.h
[42.386s] -- Symlinking: /home/jetsonros2/MyProject/kopikia_ws/install/realsense_gazebo_plugin/share/realsense_gazebo_plugin/environment/library_path.sh
[42.396s] -- Symlinking: /home/jetsonros2/MyProject/kopikia_ws/install/realsense_gazebo_plugin/share/realsense_gazebo_plugin/environment/library_path.dsv
[42.405s] -- Symlinking: /home/jetsonros2/MyProject/kopikia_ws/install/realsense_gazebo_plugin/share/ament_index/resource_index/package_run_dependencies/realsense_gazebo_plugin
[42.415s] -- Symlinking: /home/jetsonros2/MyProject/kopikia_ws/install/realsense_gazebo_plugin/share/ament_index/resource_index/parent_prefix_path/realsense_gazebo_plugin
[42.425s] -- Symlinking: /home/jetsonros2/MyProject/kopikia_ws/install/realsense_gazebo_plugin/share/realsense_gazebo_plugin/environment/ament_prefix_path.sh
[42.435s] -- Symlinking: /home/jetsonros2/MyProject/kopikia_ws/install/realsense_gazebo_plugin/share/realsense_gazebo_plugin/environment/ament_prefix_path.dsv
[42.444s] -- Symlinking: /home/jetsonros2/MyProject/kopikia_ws/install/realsense_gazebo_plugin/share/realsense_gazebo_plugin/environment/path.sh
[42.452s] -- Symlinking: /home/jetsonros2/MyProject/kopikia_ws/install/realsense_gazebo_plugin/share/realsense_gazebo_plugin/environment/path.dsv
[42.462s] -- Symlinking: /home/jetsonros2/MyProject/kopikia_ws/install/realsense_gazebo_plugin/share/realsense_gazebo_plugin/local_setup.bash
[42.470s] -- Symlinking: /home/jetsonros2/MyProject/kopikia_ws/install/realsense_gazebo_plugin/share/realsense_gazebo_plugin/local_setup.sh
[42.478s] -- Symlinking: /home/jetsonros2/MyProject/kopikia_ws/install/realsense_gazebo_plugin/share/realsense_gazebo_plugin/local_setup.zsh
[42.488s] -- Symlinking: /home/jetsonros2/MyProject/kopikia_ws/install/realsense_gazebo_plugin/share/realsense_gazebo_plugin/local_setup.dsv
[42.496s] -- Symlinking: /home/jetsonros2/MyProject/kopikia_ws/install/realsense_gazebo_plugin/share/realsense_gazebo_plugin/package.dsv
[42.505s] -- Symlinking: /home/jetsonros2/MyProject/kopikia_ws/install/realsense_gazebo_plugin/share/ament_index/resource_index/packages/realsense_gazebo_plugin
[42.521s] -- Symlinking: /home/jetsonros2/MyProject/kopikia_ws/install/realsense_gazebo_plugin/share/realsense_gazebo_plugin/cmake/ament_cmake_export_include_directories-extras.cmake
[42.537s] -- Symlinking: /home/jetsonros2/MyProject/kopikia_ws/install/realsense_gazebo_plugin/share/realsense_gazebo_plugin/cmake/ament_cmake_export_libraries-extras.cmake
[42.552s] -- Symlinking: /home/jetsonros2/MyProject/kopikia_ws/install/realsense_gazebo_plugin/share/realsense_gazebo_plugin/cmake/realsense_gazebo_pluginConfig.cmake
[42.566s] -- Symlinking: /home/jetsonros2/MyProject/kopikia_ws/install/realsense_gazebo_plugin/share/realsense_gazebo_plugin/cmake/realsense_gazebo_pluginConfig-version.cmake
[42.578s] -- Symlinking: /home/jetsonros2/MyProject/kopikia_ws/install/realsense_gazebo_plugin/share/realsense_gazebo_plugin/package.xml
[42.597s] Invoked command in '/home/jetsonros2/MyProject/kopikia_ws/build/realsense_gazebo_plugin' returned '0': CMAKE_PREFIX_PATH=${CMAKE_PREFIX_PATH}:/home/jetsonros2/MyProject/kopikia_ws/install/uf_ros_lib:/home/jetsonros2/MyProject/kopikia_ws/install/kopikia_bot:/opt/ros/humble /usr/bin/cmake --install /home/jetsonros2/MyProject/kopikia_ws/build/realsense_gazebo_plugin
