[0.020s] Invoking command in '/home/jetsonros2/MyProject/kopikia_ws/build/xarm_controller': CMAKE_PREFIX_PATH=/home/jetsonros2/MyProject/kopikia_ws/install/xarm_api:/home/jetsonros2/MyProject/kopikia_ws/install/xarm_sdk:/home/jetsonros2/MyProject/kopikia_ws/install/xarm_msgs:/home/jetsonros2/MyProject/kopikia_ws/install/xarm_description:/home/jetsonros2/MyProject/kopikia_ws/install/piper_vendor:/home/jetsonros2/MyProject/kopikia_ws/install/piper_hfhub_vendor:/home/jetsonros2/MyProject/kopikia_ws/install/audio_common_msgs:/home/jetsonros2/MyProject/kopikia_ws/install/xarm_planner:/home/jetsonros2/MyProject/kopikia_ws/install/xarm_moveit_servo:/home/jetsonros2/MyProject/kopikia_ws/install/xarm_moveit_config:/home/jetsonros2/MyProject/kopikia_ws/install/xarm_gazebo:/home/jetsonros2/MyProject/kopikia_ws/install/xarm_controller:/home/jetsonros2/MyProject/kopikia_ws/install/d435i_xarm_setup:/home/jetsonros2/MyProject/kopikia_ws/install/realsense_gazebo_plugin:/home/jetsonros2/MyProject/kopikia_ws/install/mbot_demo:/home/jetsonros2/MyProject/smartgardener_ws/install/realsense2_description:/home/jetsonros2/MyProject/smartgardener_ws/install/realsense2_camera:/home/jetsonros2/MyProject/smartgardener_ws/install/realsense2_camera_msgs:/home/jetsonros2/MyProject/smartgardener_ws/install/kone_api:/home/jetsonros2/MyProject/kopikia_ws/install/uf_ros_lib:/home/jetsonros2/MyProject/kopikia_ws/install/kopikia_bot:/opt/ros/humble LD_LIBRARY_PATH=/home/jetsonros2/MyProject/kopikia_ws/install/xarm_api/lib:/home/jetsonros2/MyProject/kopikia_ws/install/xarm_sdk/lib:/home/jetsonros2/MyProject/kopikia_ws/install/xarm_msgs/lib:/home/jetsonros2/MyProject/kopikia_ws/install/piper_vendor/lib:/home/jetsonros2/MyProject/kopikia_ws/install/piper_hfhub_vendor/lib:/home/jetsonros2/MyProject/kopikia_ws/install/audio_common_msgs/lib:/home/jetsonros2/MyProject/kopikia_ws/install/xarm_planner/lib:/home/jetsonros2/MyProject/kopikia_ws/install/xarm_moveit_servo/lib:/home/jetsonros2/MyProject/kopikia_ws/install/xarm_gazebo/lib:/home/jetsonros2/MyProject/kopikia_ws/install/xarm_controller/lib:/home/jetsonros2/MyProject/kopikia_ws/install/realsense_gazebo_plugin/lib:/home/jetsonros2/MyProject/smartgardener_ws/install/realsense2_camera/lib:/home/jetsonros2/MyProject/smartgardener_ws/install/realsense2_camera_msgs/lib:/usr/lib/x86_64-linux-gnu/gazebo-11/plugins:/opt/ros/humble/opt/rviz_ogre_vendor/lib:/opt/ros/humble/lib/x86_64-linux-gnu:/opt/ros/humble/lib /usr/bin/cmake /home/jetsonros2/MyProject/kopikia_ws/src/xarm_ros2/xarm_controller -DAMENT_CMAKE_SYMLINK_INSTALL=1 -DCMAKE_INSTALL_PREFIX=/home/jetsonros2/MyProject/kopikia_ws/install/xarm_controller
[0.073s] -- The C compiler identification is GNU 11.4.0
[0.124s] -- The CXX compiler identification is GNU 11.4.0
[0.130s] -- Detecting C compiler ABI info
[0.192s] -- Detecting C compiler ABI info - done
[0.198s] -- Check for working C compiler: /usr/bin/cc - skipped
[0.198s] -- Detecting C compile features
[0.199s] -- Detecting C compile features - done
[0.201s] -- Detecting CXX compiler ABI info
[0.276s] -- Detecting CXX compiler ABI info - done
[0.282s] -- Check for working CXX compiler: /usr/bin/c++ - skipped
[0.282s] -- Detecting CXX compile features
[0.283s] -- Detecting CXX compile features - done
[0.286s] -- Found ament_cmake: 1.3.12 (/opt/ros/humble/share/ament_cmake/cmake)
[0.419s] -- Found Python3: /usr/bin/python3 (found version "3.10.12") found components: Interpreter 
[0.477s] -- Override CMake install command with custom implementation using symlinks instead of copying resources
[0.512s] -- Found ament_lint_auto: 0.12.14 (/opt/ros/humble/share/ament_lint_auto/cmake)
[0.629s] -- Found hardware_interface: 2.52.2 (/opt/ros/humble/share/hardware_interface/cmake)
[0.675s] -- Found rosidl_generator_c: 3.1.7 (/opt/ros/humble/share/rosidl_generator_c/cmake)
[0.680s] -- Found rosidl_adapter: 3.1.7 (/opt/ros/humble/share/rosidl_adapter/cmake)
[0.689s] -- Found rosidl_generator_cpp: 3.1.7 (/opt/ros/humble/share/rosidl_generator_cpp/cmake)
[0.702s] -- Using all available rosidl_typesupport_c: rosidl_typesupport_fastrtps_c;rosidl_typesupport_introspection_c
[0.721s] -- Using all available rosidl_typesupport_cpp: rosidl_typesupport_fastrtps_cpp;rosidl_typesupport_introspection_cpp
[0.917s] -- Found rmw_implementation_cmake: 6.1.2 (/opt/ros/humble/share/rmw_implementation_cmake/cmake)
[0.921s] -- Found rmw_fastrtps_cpp: 6.2.9 (/opt/ros/humble/share/rmw_fastrtps_cpp/cmake)
[0.959s] -- Found TinyXML2 via Config file: TinyXML2_DIR-NOTFOUND
[1.053s] -- Found OpenSSL: /usr/lib/x86_64-linux-gnu/libcrypto.so (found version "3.0.2")  
[1.058s] -- Found TinyXML2 via Config file: TinyXML2_DIR-NOTFOUND
[1.080s] -- Found FastRTPS: /opt/ros/humble/include  
[1.085s] -- Found TinyXML2 via Config file: TinyXML2_DIR-NOTFOUND
[1.100s] -- Found TinyXML2 via Config file: TinyXML2_DIR-NOTFOUND
[1.118s] -- Using RMW implementation 'rmw_fastrtps_cpp' as default
[1.132s] -- Looking for pthread.h
[1.242s] -- Looking for pthread.h - found
[1.243s] -- Performing Test CMAKE_HAVE_LIBC_PTHREAD
[1.342s] -- Performing Test CMAKE_HAVE_LIBC_PTHREAD - Success
[1.345s] -- Found Threads: TRUE  
[1.409s] -- Found rclcpp_action: 16.0.16 (/opt/ros/humble/share/rclcpp_action/cmake)
[1.431s] -- Found controller_manager_msgs: 2.52.2 (/opt/ros/humble/share/controller_manager_msgs/cmake)
[1.456s] -- Found xarm_msgs: 0.0.0 (/home/jetsonros2/MyProject/kopikia_ws/install/xarm_msgs/share/xarm_msgs/cmake)
[1.470s] -- Found xarm_api: 0.0.0 (/home/jetsonros2/MyProject/kopikia_ws/install/xarm_api/share/xarm_api/cmake)
[1.472s] -- Found xarm_sdk: 0.0.0 (/home/jetsonros2/MyProject/kopikia_ws/install/xarm_sdk/share/xarm_sdk/cmake)
[1.489s] -- Added test 'copyright' to check source files copyright and LICENSE
[1.492s] -- Added test 'cppcheck' to perform static code analysis on C / C++ code
[1.493s] -- Configured cppcheck include dirs: /home/jetsonros2/MyProject/kopikia_ws/src/xarm_ros2/xarm_controller/include
[1.493s] -- Configured cppcheck exclude dirs and/or files: 
[1.495s] -- Added test 'cpplint' to check C / C++ code against the Google style
[1.495s] -- Configured cpplint exclude dirs and/or files: 
[1.496s] -- Added test 'flake8' to check Python code syntax and style conventions
[1.498s] -- Added test 'lint_cmake' to check CMake code style
[1.500s] -- Added test 'pep257' to check Python code against some of the docstring style conventions in PEP 257
[1.503s] -- Added test 'uncrustify' to check C / C++ code style
[1.503s] -- Configured uncrustify additional arguments: 
[1.505s] -- Added test 'xmllint' to check XML markup files
[1.514s] -- Configuring done
[1.539s] -- Generating done
[1.546s] -- Build files have been written to: /home/jetsonros2/MyProject/kopikia_ws/build/xarm_controller
[1.560s] Invoked command in '/home/jetsonros2/MyProject/kopikia_ws/build/xarm_controller' returned '0': CMAKE_PREFIX_PATH=/home/jetsonros2/MyProject/kopikia_ws/install/xarm_api:/home/jetsonros2/MyProject/kopikia_ws/install/xarm_sdk:/home/jetsonros2/MyProject/kopikia_ws/install/xarm_msgs:/home/jetsonros2/MyProject/kopikia_ws/install/xarm_description:/home/jetsonros2/MyProject/kopikia_ws/install/piper_vendor:/home/jetsonros2/MyProject/kopikia_ws/install/piper_hfhub_vendor:/home/jetsonros2/MyProject/kopikia_ws/install/audio_common_msgs:/home/jetsonros2/MyProject/kopikia_ws/install/xarm_planner:/home/jetsonros2/MyProject/kopikia_ws/install/xarm_moveit_servo:/home/jetsonros2/MyProject/kopikia_ws/install/xarm_moveit_config:/home/jetsonros2/MyProject/kopikia_ws/install/xarm_gazebo:/home/jetsonros2/MyProject/kopikia_ws/install/xarm_controller:/home/jetsonros2/MyProject/kopikia_ws/install/d435i_xarm_setup:/home/jetsonros2/MyProject/kopikia_ws/install/realsense_gazebo_plugin:/home/jetsonros2/MyProject/kopikia_ws/install/mbot_demo:/home/jetsonros2/MyProject/smartgardener_ws/install/realsense2_description:/home/jetsonros2/MyProject/smartgardener_ws/install/realsense2_camera:/home/jetsonros2/MyProject/smartgardener_ws/install/realsense2_camera_msgs:/home/jetsonros2/MyProject/smartgardener_ws/install/kone_api:/home/jetsonros2/MyProject/kopikia_ws/install/uf_ros_lib:/home/jetsonros2/MyProject/kopikia_ws/install/kopikia_bot:/opt/ros/humble LD_LIBRARY_PATH=/home/jetsonros2/MyProject/kopikia_ws/install/xarm_api/lib:/home/jetsonros2/MyProject/kopikia_ws/install/xarm_sdk/lib:/home/jetsonros2/MyProject/kopikia_ws/install/xarm_msgs/lib:/home/jetsonros2/MyProject/kopikia_ws/install/piper_vendor/lib:/home/jetsonros2/MyProject/kopikia_ws/install/piper_hfhub_vendor/lib:/home/jetsonros2/MyProject/kopikia_ws/install/audio_common_msgs/lib:/home/jetsonros2/MyProject/kopikia_ws/install/xarm_planner/lib:/home/jetsonros2/MyProject/kopikia_ws/install/xarm_moveit_servo/lib:/home/jetsonros2/MyProject/kopikia_ws/install/xarm_gazebo/lib:/home/jetsonros2/MyProject/kopikia_ws/install/xarm_controller/lib:/home/jetsonros2/MyProject/kopikia_ws/install/realsense_gazebo_plugin/lib:/home/jetsonros2/MyProject/smartgardener_ws/install/realsense2_camera/lib:/home/jetsonros2/MyProject/smartgardener_ws/install/realsense2_camera_msgs/lib:/usr/lib/x86_64-linux-gnu/gazebo-11/plugins:/opt/ros/humble/opt/rviz_ogre_vendor/lib:/opt/ros/humble/lib/x86_64-linux-gnu:/opt/ros/humble/lib /usr/bin/cmake /home/jetsonros2/MyProject/kopikia_ws/src/xarm_ros2/xarm_controller -DAMENT_CMAKE_SYMLINK_INSTALL=1 -DCMAKE_INSTALL_PREFIX=/home/jetsonros2/MyProject/kopikia_ws/install/xarm_controller
[1.562s] Invoking command in '/home/jetsonros2/MyProject/kopikia_ws/build/xarm_controller': CMAKE_PREFIX_PATH=/home/jetsonros2/MyProject/kopikia_ws/install/xarm_api:/home/jetsonros2/MyProject/kopikia_ws/install/xarm_sdk:/home/jetsonros2/MyProject/kopikia_ws/install/xarm_msgs:/home/jetsonros2/MyProject/kopikia_ws/install/xarm_description:/home/jetsonros2/MyProject/kopikia_ws/install/piper_vendor:/home/jetsonros2/MyProject/kopikia_ws/install/piper_hfhub_vendor:/home/jetsonros2/MyProject/kopikia_ws/install/audio_common_msgs:/home/jetsonros2/MyProject/kopikia_ws/install/xarm_planner:/home/jetsonros2/MyProject/kopikia_ws/install/xarm_moveit_servo:/home/jetsonros2/MyProject/kopikia_ws/install/xarm_moveit_config:/home/jetsonros2/MyProject/kopikia_ws/install/xarm_gazebo:/home/jetsonros2/MyProject/kopikia_ws/install/xarm_controller:/home/jetsonros2/MyProject/kopikia_ws/install/d435i_xarm_setup:/home/jetsonros2/MyProject/kopikia_ws/install/realsense_gazebo_plugin:/home/jetsonros2/MyProject/kopikia_ws/install/mbot_demo:/home/jetsonros2/MyProject/smartgardener_ws/install/realsense2_description:/home/jetsonros2/MyProject/smartgardener_ws/install/realsense2_camera:/home/jetsonros2/MyProject/smartgardener_ws/install/realsense2_camera_msgs:/home/jetsonros2/MyProject/smartgardener_ws/install/kone_api:/home/jetsonros2/MyProject/kopikia_ws/install/uf_ros_lib:/home/jetsonros2/MyProject/kopikia_ws/install/kopikia_bot:/opt/ros/humble LD_LIBRARY_PATH=/home/jetsonros2/MyProject/kopikia_ws/install/xarm_api/lib:/home/jetsonros2/MyProject/kopikia_ws/install/xarm_sdk/lib:/home/jetsonros2/MyProject/kopikia_ws/install/xarm_msgs/lib:/home/jetsonros2/MyProject/kopikia_ws/install/piper_vendor/lib:/home/jetsonros2/MyProject/kopikia_ws/install/piper_hfhub_vendor/lib:/home/jetsonros2/MyProject/kopikia_ws/install/audio_common_msgs/lib:/home/jetsonros2/MyProject/kopikia_ws/install/xarm_planner/lib:/home/jetsonros2/MyProject/kopikia_ws/install/xarm_moveit_servo/lib:/home/jetsonros2/MyProject/kopikia_ws/install/xarm_gazebo/lib:/home/jetsonros2/MyProject/kopikia_ws/install/xarm_controller/lib:/home/jetsonros2/MyProject/kopikia_ws/install/realsense_gazebo_plugin/lib:/home/jetsonros2/MyProject/smartgardener_ws/install/realsense2_camera/lib:/home/jetsonros2/MyProject/smartgardener_ws/install/realsense2_camera_msgs/lib:/usr/lib/x86_64-linux-gnu/gazebo-11/plugins:/opt/ros/humble/opt/rviz_ogre_vendor/lib:/opt/ros/humble/lib/x86_64-linux-gnu:/opt/ros/humble/lib /usr/bin/cmake --build /home/jetsonros2/MyProject/kopikia_ws/build/xarm_controller -- -j20 -l20
[1.622s] [ 66%] [32mBuilding CXX object CMakeFiles/uf_robot_hardware.dir/src/hardware/uf_robot_fake_system_hardware.cpp.o[0m
[1.622s] [ 66%] [32mBuilding CXX object CMakeFiles/uf_robot_hardware.dir/src/hardware/uf_robot_system_hardware.cpp.o[0m
[9.933s] [100%] [32m[1mLinking CXX shared library libuf_robot_hardware.so[0m
[11.095s] [100%] Built target uf_robot_hardware
[11.109s] Invoked command in '/home/jetsonros2/MyProject/kopikia_ws/build/xarm_controller' returned '0': CMAKE_PREFIX_PATH=/home/jetsonros2/MyProject/kopikia_ws/install/xarm_api:/home/jetsonros2/MyProject/kopikia_ws/install/xarm_sdk:/home/jetsonros2/MyProject/kopikia_ws/install/xarm_msgs:/home/jetsonros2/MyProject/kopikia_ws/install/xarm_description:/home/jetsonros2/MyProject/kopikia_ws/install/piper_vendor:/home/jetsonros2/MyProject/kopikia_ws/install/piper_hfhub_vendor:/home/jetsonros2/MyProject/kopikia_ws/install/audio_common_msgs:/home/jetsonros2/MyProject/kopikia_ws/install/xarm_planner:/home/jetsonros2/MyProject/kopikia_ws/install/xarm_moveit_servo:/home/jetsonros2/MyProject/kopikia_ws/install/xarm_moveit_config:/home/jetsonros2/MyProject/kopikia_ws/install/xarm_gazebo:/home/jetsonros2/MyProject/kopikia_ws/install/xarm_controller:/home/jetsonros2/MyProject/kopikia_ws/install/d435i_xarm_setup:/home/jetsonros2/MyProject/kopikia_ws/install/realsense_gazebo_plugin:/home/jetsonros2/MyProject/kopikia_ws/install/mbot_demo:/home/jetsonros2/MyProject/smartgardener_ws/install/realsense2_description:/home/jetsonros2/MyProject/smartgardener_ws/install/realsense2_camera:/home/jetsonros2/MyProject/smartgardener_ws/install/realsense2_camera_msgs:/home/jetsonros2/MyProject/smartgardener_ws/install/kone_api:/home/jetsonros2/MyProject/kopikia_ws/install/uf_ros_lib:/home/jetsonros2/MyProject/kopikia_ws/install/kopikia_bot:/opt/ros/humble LD_LIBRARY_PATH=/home/jetsonros2/MyProject/kopikia_ws/install/xarm_api/lib:/home/jetsonros2/MyProject/kopikia_ws/install/xarm_sdk/lib:/home/jetsonros2/MyProject/kopikia_ws/install/xarm_msgs/lib:/home/jetsonros2/MyProject/kopikia_ws/install/piper_vendor/lib:/home/jetsonros2/MyProject/kopikia_ws/install/piper_hfhub_vendor/lib:/home/jetsonros2/MyProject/kopikia_ws/install/audio_common_msgs/lib:/home/jetsonros2/MyProject/kopikia_ws/install/xarm_planner/lib:/home/jetsonros2/MyProject/kopikia_ws/install/xarm_moveit_servo/lib:/home/jetsonros2/MyProject/kopikia_ws/install/xarm_gazebo/lib:/home/jetsonros2/MyProject/kopikia_ws/install/xarm_controller/lib:/home/jetsonros2/MyProject/kopikia_ws/install/realsense_gazebo_plugin/lib:/home/jetsonros2/MyProject/smartgardener_ws/install/realsense2_camera/lib:/home/jetsonros2/MyProject/smartgardener_ws/install/realsense2_camera_msgs/lib:/usr/lib/x86_64-linux-gnu/gazebo-11/plugins:/opt/ros/humble/opt/rviz_ogre_vendor/lib:/opt/ros/humble/lib/x86_64-linux-gnu:/opt/ros/humble/lib /usr/bin/cmake --build /home/jetsonros2/MyProject/kopikia_ws/build/xarm_controller -- -j20 -l20
[11.113s] Invoking command in '/home/jetsonros2/MyProject/kopikia_ws/build/xarm_controller': CMAKE_PREFIX_PATH=/home/jetsonros2/MyProject/kopikia_ws/install/xarm_api:/home/jetsonros2/MyProject/kopikia_ws/install/xarm_sdk:/home/jetsonros2/MyProject/kopikia_ws/install/xarm_msgs:/home/jetsonros2/MyProject/kopikia_ws/install/xarm_description:/home/jetsonros2/MyProject/kopikia_ws/install/piper_vendor:/home/jetsonros2/MyProject/kopikia_ws/install/piper_hfhub_vendor:/home/jetsonros2/MyProject/kopikia_ws/install/audio_common_msgs:/home/jetsonros2/MyProject/kopikia_ws/install/xarm_planner:/home/jetsonros2/MyProject/kopikia_ws/install/xarm_moveit_servo:/home/jetsonros2/MyProject/kopikia_ws/install/xarm_moveit_config:/home/jetsonros2/MyProject/kopikia_ws/install/xarm_gazebo:/home/jetsonros2/MyProject/kopikia_ws/install/xarm_controller:/home/jetsonros2/MyProject/kopikia_ws/install/d435i_xarm_setup:/home/jetsonros2/MyProject/kopikia_ws/install/realsense_gazebo_plugin:/home/jetsonros2/MyProject/kopikia_ws/install/mbot_demo:/home/jetsonros2/MyProject/smartgardener_ws/install/realsense2_description:/home/jetsonros2/MyProject/smartgardener_ws/install/realsense2_camera:/home/jetsonros2/MyProject/smartgardener_ws/install/realsense2_camera_msgs:/home/jetsonros2/MyProject/smartgardener_ws/install/kone_api:/home/jetsonros2/MyProject/kopikia_ws/install/uf_ros_lib:/home/jetsonros2/MyProject/kopikia_ws/install/kopikia_bot:/opt/ros/humble LD_LIBRARY_PATH=/home/jetsonros2/MyProject/kopikia_ws/install/xarm_api/lib:/home/jetsonros2/MyProject/kopikia_ws/install/xarm_sdk/lib:/home/jetsonros2/MyProject/kopikia_ws/install/xarm_msgs/lib:/home/jetsonros2/MyProject/kopikia_ws/install/piper_vendor/lib:/home/jetsonros2/MyProject/kopikia_ws/install/piper_hfhub_vendor/lib:/home/jetsonros2/MyProject/kopikia_ws/install/audio_common_msgs/lib:/home/jetsonros2/MyProject/kopikia_ws/install/xarm_planner/lib:/home/jetsonros2/MyProject/kopikia_ws/install/xarm_moveit_servo/lib:/home/jetsonros2/MyProject/kopikia_ws/install/xarm_gazebo/lib:/home/jetsonros2/MyProject/kopikia_ws/install/xarm_controller/lib:/home/jetsonros2/MyProject/kopikia_ws/install/realsense_gazebo_plugin/lib:/home/jetsonros2/MyProject/smartgardener_ws/install/realsense2_camera/lib:/home/jetsonros2/MyProject/smartgardener_ws/install/realsense2_camera_msgs/lib:/usr/lib/x86_64-linux-gnu/gazebo-11/plugins:/opt/ros/humble/opt/rviz_ogre_vendor/lib:/opt/ros/humble/lib/x86_64-linux-gnu:/opt/ros/humble/lib /usr/bin/cmake --install /home/jetsonros2/MyProject/kopikia_ws/build/xarm_controller
[11.122s] -- Install configuration: ""
[11.122s] -- Execute custom install script
[11.124s] -- Symlinking: /home/jetsonros2/MyProject/kopikia_ws/install/xarm_controller/share/xarm_controller//uf_hardware_interface_plugins.xml
[11.137s] -- Symlinking: /home/jetsonros2/MyProject/kopikia_ws/install/xarm_controller/include/xarm_controller/hardware/bak_uf_robot_fake_system_hardware.h
[11.147s] -- Symlinking: /home/jetsonros2/MyProject/kopikia_ws/install/xarm_controller/include/xarm_controller/hardware/uf_robot_fake_system_hardware.h
[11.162s] -- Symlinking: /home/jetsonros2/MyProject/kopikia_ws/install/xarm_controller/include/xarm_controller/hardware/uf_robot_system_hardware.h
[11.174s] -- Symlinking: /home/jetsonros2/MyProject/kopikia_ws/install/xarm_controller/lib/libuf_robot_hardware.so
[11.186s] -- Symlinking: /home/jetsonros2/MyProject/kopikia_ws/install/xarm_controller/share/xarm_controller//launch/_dual_ros2_control.launch.py
[11.196s] -- Symlinking: /home/jetsonros2/MyProject/kopikia_ws/install/xarm_controller/share/xarm_controller//launch/_robot_ros2_control.launch.py
[11.207s] -- Symlinking: /home/jetsonros2/MyProject/kopikia_ws/install/xarm_controller/share/xarm_controller//launch/_ros2_control.launch.py
[11.217s] -- Symlinking: /home/jetsonros2/MyProject/kopikia_ws/install/xarm_controller/share/xarm_controller//launch/lib/robot_controller_lib.py
[11.228s] -- Symlinking: /home/jetsonros2/MyProject/kopikia_ws/install/xarm_controller/share/xarm_controller//launch/lite6_control_rviz_display.launch.py
[11.241s] -- Symlinking: /home/jetsonros2/MyProject/kopikia_ws/install/xarm_controller/share/xarm_controller//launch/uf850_control_rviz_display.launch.py
[11.251s] -- Symlinking: /home/jetsonros2/MyProject/kopikia_ws/install/xarm_controller/share/xarm_controller//launch/xarm5_control_rviz_display.launch.py
[11.263s] -- Symlinking: /home/jetsonros2/MyProject/kopikia_ws/install/xarm_controller/share/xarm_controller//launch/xarm6_control_rviz_display.launch.py
[11.276s] -- Symlinking: /home/jetsonros2/MyProject/kopikia_ws/install/xarm_controller/share/xarm_controller//launch/xarm7_control_rviz_display.launch.py
[11.289s] -- Symlinking: /home/jetsonros2/MyProject/kopikia_ws/install/xarm_controller/share/xarm_controller//launch/xarm7_mirror_control_rviz_display.launch.py
[11.301s] -- Symlinking: /home/jetsonros2/MyProject/kopikia_ws/install/xarm_controller/share/xarm_controller//config/bio_gripper_controllers.yaml
[11.312s] -- Symlinking: /home/jetsonros2/MyProject/kopikia_ws/install/xarm_controller/share/xarm_controller//config/lite6_controllers.yaml
[11.323s] -- Symlinking: /home/jetsonros2/MyProject/kopikia_ws/install/xarm_controller/share/xarm_controller//config/uf850_controllers.yaml
[11.335s] -- Symlinking: /home/jetsonros2/MyProject/kopikia_ws/install/xarm_controller/share/xarm_controller//config/uf850_gripper_controllers.yaml
[11.348s] -- Symlinking: /home/jetsonros2/MyProject/kopikia_ws/install/xarm_controller/share/xarm_controller//config/xarm5_controllers.yaml
[11.359s] -- Symlinking: /home/jetsonros2/MyProject/kopikia_ws/install/xarm_controller/share/xarm_controller//config/xarm6_controllers.yaml
[11.370s] -- Symlinking: /home/jetsonros2/MyProject/kopikia_ws/install/xarm_controller/share/xarm_controller//config/xarm7_controllers.yaml
[11.379s] -- Symlinking: /home/jetsonros2/MyProject/kopikia_ws/install/xarm_controller/share/xarm_controller//config/xarm7_mirror_controllers.yaml
[11.390s] -- Symlinking: /home/jetsonros2/MyProject/kopikia_ws/install/xarm_controller/share/xarm_controller//config/xarm7_mirror_gripper_controllers.yaml
[11.401s] -- Symlinking: /home/jetsonros2/MyProject/kopikia_ws/install/xarm_controller/share/xarm_controller//config/xarm_gripper_controllers.yaml
[11.412s] -- Symlinking: /home/jetsonros2/MyProject/kopikia_ws/install/xarm_controller/share/xarm_controller/environment/library_path.sh
[11.421s] -- Symlinking: /home/jetsonros2/MyProject/kopikia_ws/install/xarm_controller/share/xarm_controller/environment/library_path.dsv
[11.431s] -- Symlinking: /home/jetsonros2/MyProject/kopikia_ws/install/xarm_controller/share/ament_index/resource_index/package_run_dependencies/xarm_controller
[11.440s] -- Symlinking: /home/jetsonros2/MyProject/kopikia_ws/install/xarm_controller/share/ament_index/resource_index/parent_prefix_path/xarm_controller
[11.450s] -- Symlinking: /home/jetsonros2/MyProject/kopikia_ws/install/xarm_controller/share/xarm_controller/environment/ament_prefix_path.sh
[11.459s] -- Symlinking: /home/jetsonros2/MyProject/kopikia_ws/install/xarm_controller/share/xarm_controller/environment/ament_prefix_path.dsv
[11.468s] -- Symlinking: /home/jetsonros2/MyProject/kopikia_ws/install/xarm_controller/share/xarm_controller/environment/path.sh
[11.478s] -- Symlinking: /home/jetsonros2/MyProject/kopikia_ws/install/xarm_controller/share/xarm_controller/environment/path.dsv
[11.488s] -- Symlinking: /home/jetsonros2/MyProject/kopikia_ws/install/xarm_controller/share/xarm_controller/local_setup.bash
[11.498s] -- Symlinking: /home/jetsonros2/MyProject/kopikia_ws/install/xarm_controller/share/xarm_controller/local_setup.sh
[11.507s] -- Symlinking: /home/jetsonros2/MyProject/kopikia_ws/install/xarm_controller/share/xarm_controller/local_setup.zsh
[11.517s] -- Symlinking: /home/jetsonros2/MyProject/kopikia_ws/install/xarm_controller/share/xarm_controller/local_setup.dsv
[11.527s] -- Symlinking: /home/jetsonros2/MyProject/kopikia_ws/install/xarm_controller/share/xarm_controller/package.dsv
[11.536s] -- Symlinking: /home/jetsonros2/MyProject/kopikia_ws/install/xarm_controller/share/ament_index/resource_index/packages/xarm_controller
[11.545s] -- Symlinking: /home/jetsonros2/MyProject/kopikia_ws/install/xarm_controller/share/ament_index/resource_index/hardware_interface__pluginlib__plugin/xarm_controller
[11.554s] -- Symlinking: /home/jetsonros2/MyProject/kopikia_ws/install/xarm_controller/share/xarm_controller/cmake/ament_cmake_export_include_directories-extras.cmake
[11.562s] -- Symlinking: /home/jetsonros2/MyProject/kopikia_ws/install/xarm_controller/share/xarm_controller/cmake/ament_cmake_export_libraries-extras.cmake
[11.572s] -- Symlinking: /home/jetsonros2/MyProject/kopikia_ws/install/xarm_controller/share/xarm_controller/cmake/ament_cmake_export_dependencies-extras.cmake
[11.582s] -- Symlinking: /home/jetsonros2/MyProject/kopikia_ws/install/xarm_controller/share/xarm_controller/cmake/xarm_controllerConfig.cmake
[11.591s] -- Symlinking: /home/jetsonros2/MyProject/kopikia_ws/install/xarm_controller/share/xarm_controller/cmake/xarm_controllerConfig-version.cmake
[11.601s] -- Symlinking: /home/jetsonros2/MyProject/kopikia_ws/install/xarm_controller/share/xarm_controller/package.xml
[11.612s] Invoked command in '/home/jetsonros2/MyProject/kopikia_ws/build/xarm_controller' returned '0': CMAKE_PREFIX_PATH=/home/jetsonros2/MyProject/kopikia_ws/install/xarm_api:/home/jetsonros2/MyProject/kopikia_ws/install/xarm_sdk:/home/jetsonros2/MyProject/kopikia_ws/install/xarm_msgs:/home/jetsonros2/MyProject/kopikia_ws/install/xarm_description:/home/jetsonros2/MyProject/kopikia_ws/install/piper_vendor:/home/jetsonros2/MyProject/kopikia_ws/install/piper_hfhub_vendor:/home/jetsonros2/MyProject/kopikia_ws/install/audio_common_msgs:/home/jetsonros2/MyProject/kopikia_ws/install/xarm_planner:/home/jetsonros2/MyProject/kopikia_ws/install/xarm_moveit_servo:/home/jetsonros2/MyProject/kopikia_ws/install/xarm_moveit_config:/home/jetsonros2/MyProject/kopikia_ws/install/xarm_gazebo:/home/jetsonros2/MyProject/kopikia_ws/install/xarm_controller:/home/jetsonros2/MyProject/kopikia_ws/install/d435i_xarm_setup:/home/jetsonros2/MyProject/kopikia_ws/install/realsense_gazebo_plugin:/home/jetsonros2/MyProject/kopikia_ws/install/mbot_demo:/home/jetsonros2/MyProject/smartgardener_ws/install/realsense2_description:/home/jetsonros2/MyProject/smartgardener_ws/install/realsense2_camera:/home/jetsonros2/MyProject/smartgardener_ws/install/realsense2_camera_msgs:/home/jetsonros2/MyProject/smartgardener_ws/install/kone_api:/home/jetsonros2/MyProject/kopikia_ws/install/uf_ros_lib:/home/jetsonros2/MyProject/kopikia_ws/install/kopikia_bot:/opt/ros/humble LD_LIBRARY_PATH=/home/jetsonros2/MyProject/kopikia_ws/install/xarm_api/lib:/home/jetsonros2/MyProject/kopikia_ws/install/xarm_sdk/lib:/home/jetsonros2/MyProject/kopikia_ws/install/xarm_msgs/lib:/home/jetsonros2/MyProject/kopikia_ws/install/piper_vendor/lib:/home/jetsonros2/MyProject/kopikia_ws/install/piper_hfhub_vendor/lib:/home/jetsonros2/MyProject/kopikia_ws/install/audio_common_msgs/lib:/home/jetsonros2/MyProject/kopikia_ws/install/xarm_planner/lib:/home/jetsonros2/MyProject/kopikia_ws/install/xarm_moveit_servo/lib:/home/jetsonros2/MyProject/kopikia_ws/install/xarm_gazebo/lib:/home/jetsonros2/MyProject/kopikia_ws/install/xarm_controller/lib:/home/jetsonros2/MyProject/kopikia_ws/install/realsense_gazebo_plugin/lib:/home/jetsonros2/MyProject/smartgardener_ws/install/realsense2_camera/lib:/home/jetsonros2/MyProject/smartgardener_ws/install/realsense2_camera_msgs/lib:/usr/lib/x86_64-linux-gnu/gazebo-11/plugins:/opt/ros/humble/opt/rviz_ogre_vendor/lib:/opt/ros/humble/lib/x86_64-linux-gnu:/opt/ros/humble/lib /usr/bin/cmake --install /home/jetsonros2/MyProject/kopikia_ws/build/xarm_controller
