[0.020s] Invoking command in '/home/jetsonros2/MyProject/kopikia_ws/build/d435i_xarm_setup': CMAKE_PREFIX_PATH=/home/jetsonros2/MyProject/kopikia_ws/install/xarm_api:/home/jetsonros2/MyProject/kopikia_ws/install/xarm_sdk:/home/jetsonros2/MyProject/kopikia_ws/install/xarm_msgs:/home/jetsonros2/MyProject/kopikia_ws/install/xarm_description:/home/jetsonros2/MyProject/kopikia_ws/install/piper_vendor:/home/jetsonros2/MyProject/kopikia_ws/install/piper_hfhub_vendor:/home/jetsonros2/MyProject/kopikia_ws/install/audio_common_msgs:/home/jetsonros2/MyProject/kopikia_ws/install/xarm_planner:/home/jetsonros2/MyProject/kopikia_ws/install/xarm_moveit_servo:/home/jetsonros2/MyProject/kopikia_ws/install/xarm_moveit_config:/home/jetsonros2/MyProject/kopikia_ws/install/xarm_gazebo:/home/jetsonros2/MyProject/kopikia_ws/install/xarm_controller:/home/jetsonros2/MyProject/kopikia_ws/install/d435i_xarm_setup:/home/jetsonros2/MyProject/kopikia_ws/install/realsense_gazebo_plugin:/home/jetsonros2/MyProject/kopikia_ws/install/mbot_demo:/home/jetsonros2/MyProject/smartgardener_ws/install/realsense2_description:/home/jetsonros2/MyProject/smartgardener_ws/install/realsense2_camera:/home/jetsonros2/MyProject/smartgardener_ws/install/realsense2_camera_msgs:/home/jetsonros2/MyProject/smartgardener_ws/install/kone_api:/home/jetsonros2/MyProject/kopikia_ws/install/uf_ros_lib:/home/jetsonros2/MyProject/kopikia_ws/install/kopikia_bot:/opt/ros/humble LD_LIBRARY_PATH=/home/jetsonros2/MyProject/kopikia_ws/install/xarm_api/lib:/home/jetsonros2/MyProject/kopikia_ws/install/xarm_sdk/lib:/home/jetsonros2/MyProject/kopikia_ws/install/xarm_msgs/lib:/home/jetsonros2/MyProject/kopikia_ws/install/piper_vendor/lib:/home/jetsonros2/MyProject/kopikia_ws/install/piper_hfhub_vendor/lib:/home/jetsonros2/MyProject/kopikia_ws/install/audio_common_msgs/lib:/home/jetsonros2/MyProject/kopikia_ws/install/xarm_planner/lib:/home/jetsonros2/MyProject/kopikia_ws/install/xarm_moveit_servo/lib:/home/jetsonros2/MyProject/kopikia_ws/install/xarm_gazebo/lib:/home/jetsonros2/MyProject/kopikia_ws/install/xarm_controller/lib:/home/jetsonros2/MyProject/kopikia_ws/install/realsense_gazebo_plugin/lib:/home/jetsonros2/MyProject/smartgardener_ws/install/realsense2_camera/lib:/home/jetsonros2/MyProject/smartgardener_ws/install/realsense2_camera_msgs/lib:/usr/lib/x86_64-linux-gnu/gazebo-11/plugins:/opt/ros/humble/opt/rviz_ogre_vendor/lib:/opt/ros/humble/lib/x86_64-linux-gnu:/opt/ros/humble/lib /usr/bin/cmake /home/jetsonros2/MyProject/kopikia_ws/src/xarm_ros2/xarm_vision/d435i_xarm_setup -DAMENT_CMAKE_SYMLINK_INSTALL=1 -DCMAKE_INSTALL_PREFIX=/home/jetsonros2/MyProject/kopikia_ws/install/d435i_xarm_setup
[0.074s] -- The C compiler identification is GNU 11.4.0
[0.123s] -- The CXX compiler identification is GNU 11.4.0
[0.129s] -- Detecting C compiler ABI info
[0.188s] -- Detecting C compiler ABI info - done
[0.194s] -- Check for working C compiler: /usr/bin/cc - skipped
[0.195s] -- Detecting C compile features
[0.195s] -- Detecting C compile features - done
[0.197s] -- Detecting CXX compiler ABI info
[0.272s] -- Detecting CXX compiler ABI info - done
[0.278s] -- Check for working CXX compiler: /usr/bin/c++ - skipped
[0.279s] -- Detecting CXX compile features
[0.279s] -- Detecting CXX compile features - done
[0.282s] -- Found ament_cmake: 1.3.12 (/opt/ros/humble/share/ament_cmake/cmake)
[0.414s] -- Found Python3: /usr/bin/python3 (found version "3.10.12") found components: Interpreter 
[0.469s] -- Override CMake install command with custom implementation using symlinks instead of copying resources
[0.503s] -- Found rclcpp: 16.0.16 (/opt/ros/humble/share/rclcpp/cmake)
[0.575s] -- Found rosidl_generator_c: 3.1.7 (/opt/ros/humble/share/rosidl_generator_c/cmake)
[0.585s] -- Found rosidl_adapter: 3.1.7 (/opt/ros/humble/share/rosidl_adapter/cmake)
[0.597s] -- Found rosidl_generator_cpp: 3.1.7 (/opt/ros/humble/share/rosidl_generator_cpp/cmake)
[0.611s] -- Using all available rosidl_typesupport_c: rosidl_typesupport_fastrtps_c;rosidl_typesupport_introspection_c
[0.629s] -- Using all available rosidl_typesupport_cpp: rosidl_typesupport_fastrtps_cpp;rosidl_typesupport_introspection_cpp
[0.672s] -- Found rmw_implementation_cmake: 6.1.2 (/opt/ros/humble/share/rmw_implementation_cmake/cmake)
[0.676s] -- Found rmw_fastrtps_cpp: 6.2.9 (/opt/ros/humble/share/rmw_fastrtps_cpp/cmake)
[0.793s] -- Found OpenSSL: /usr/lib/x86_64-linux-gnu/libcrypto.so (found version "3.0.2")  
[0.843s] -- Found FastRTPS: /opt/ros/humble/include  
[0.941s] -- Using RMW implementation 'rmw_fastrtps_cpp' as default
[0.956s] -- Looking for pthread.h
[1.061s] -- Looking for pthread.h - found
[1.062s] -- Performing Test CMAKE_HAVE_LIBC_PTHREAD
[1.163s] -- Performing Test CMAKE_HAVE_LIBC_PTHREAD - Success
[1.164s] -- Found Threads: TRUE  
[1.248s] -- Found tf2_ros: 0.25.17 (/opt/ros/humble/share/tf2_ros/cmake)
[1.429s] -- Found tf2_geometry_msgs: 0.25.17 (/opt/ros/humble/share/tf2_geometry_msgs/cmake)
[1.456s] -- Found eigen3_cmake_module: 0.1.1 (/opt/ros/humble/share/eigen3_cmake_module/cmake)
[1.459s] -- Found Eigen3: TRUE (found version "3.4.0") 
[1.459s] -- Ensuring Eigen3 include directory is part of orocos-kdl CMake target
[1.463s] -- Found object_recognition_msgs: 2.0.0 (/opt/ros/humble/share/object_recognition_msgs/cmake)
[1.554s] -- Found xarm_msgs: 0.0.0 (/home/jetsonros2/MyProject/kopikia_ws/install/xarm_msgs/share/xarm_msgs/cmake)
[1.569s] -- Found xarm_api: 0.0.0 (/home/jetsonros2/MyProject/kopikia_ws/install/xarm_api/share/xarm_api/cmake)
[1.585s] -- Found ament_lint_auto: 0.12.14 (/opt/ros/humble/share/ament_lint_auto/cmake)
[1.697s] -- Added test 'copyright' to check source files copyright and LICENSE
[1.700s] -- Added test 'cppcheck' to perform static code analysis on C / C++ code
[1.700s] -- Configured cppcheck include dirs: 
[1.701s] -- Configured cppcheck exclude dirs and/or files: 
[1.704s] -- Added test 'cpplint' to check C / C++ code against the Google style
[1.704s] -- Configured cpplint exclude dirs and/or files: 
[1.705s] -- Added test 'flake8' to check Python code syntax and style conventions
[1.706s] -- Added test 'lint_cmake' to check CMake code style
[1.707s] -- Added test 'pep257' to check Python code against some of the docstring style conventions in PEP 257
[1.709s] -- Added test 'uncrustify' to check C / C++ code style
[1.709s] -- Configured uncrustify additional arguments: 
[1.710s] -- Added test 'xmllint' to check XML markup files
[1.715s] -- Configuring done
[1.753s] -- Generating done
[1.768s] -- Build files have been written to: /home/jetsonros2/MyProject/kopikia_ws/build/d435i_xarm_setup
[1.782s] Invoked command in '/home/jetsonros2/MyProject/kopikia_ws/build/d435i_xarm_setup' returned '0': CMAKE_PREFIX_PATH=/home/jetsonros2/MyProject/kopikia_ws/install/xarm_api:/home/jetsonros2/MyProject/kopikia_ws/install/xarm_sdk:/home/jetsonros2/MyProject/kopikia_ws/install/xarm_msgs:/home/jetsonros2/MyProject/kopikia_ws/install/xarm_description:/home/jetsonros2/MyProject/kopikia_ws/install/piper_vendor:/home/jetsonros2/MyProject/kopikia_ws/install/piper_hfhub_vendor:/home/jetsonros2/MyProject/kopikia_ws/install/audio_common_msgs:/home/jetsonros2/MyProject/kopikia_ws/install/xarm_planner:/home/jetsonros2/MyProject/kopikia_ws/install/xarm_moveit_servo:/home/jetsonros2/MyProject/kopikia_ws/install/xarm_moveit_config:/home/jetsonros2/MyProject/kopikia_ws/install/xarm_gazebo:/home/jetsonros2/MyProject/kopikia_ws/install/xarm_controller:/home/jetsonros2/MyProject/kopikia_ws/install/d435i_xarm_setup:/home/jetsonros2/MyProject/kopikia_ws/install/realsense_gazebo_plugin:/home/jetsonros2/MyProject/kopikia_ws/install/mbot_demo:/home/jetsonros2/MyProject/smartgardener_ws/install/realsense2_description:/home/jetsonros2/MyProject/smartgardener_ws/install/realsense2_camera:/home/jetsonros2/MyProject/smartgardener_ws/install/realsense2_camera_msgs:/home/jetsonros2/MyProject/smartgardener_ws/install/kone_api:/home/jetsonros2/MyProject/kopikia_ws/install/uf_ros_lib:/home/jetsonros2/MyProject/kopikia_ws/install/kopikia_bot:/opt/ros/humble LD_LIBRARY_PATH=/home/jetsonros2/MyProject/kopikia_ws/install/xarm_api/lib:/home/jetsonros2/MyProject/kopikia_ws/install/xarm_sdk/lib:/home/jetsonros2/MyProject/kopikia_ws/install/xarm_msgs/lib:/home/jetsonros2/MyProject/kopikia_ws/install/piper_vendor/lib:/home/jetsonros2/MyProject/kopikia_ws/install/piper_hfhub_vendor/lib:/home/jetsonros2/MyProject/kopikia_ws/install/audio_common_msgs/lib:/home/jetsonros2/MyProject/kopikia_ws/install/xarm_planner/lib:/home/jetsonros2/MyProject/kopikia_ws/install/xarm_moveit_servo/lib:/home/jetsonros2/MyProject/kopikia_ws/install/xarm_gazebo/lib:/home/jetsonros2/MyProject/kopikia_ws/install/xarm_controller/lib:/home/jetsonros2/MyProject/kopikia_ws/install/realsense_gazebo_plugin/lib:/home/jetsonros2/MyProject/smartgardener_ws/install/realsense2_camera/lib:/home/jetsonros2/MyProject/smartgardener_ws/install/realsense2_camera_msgs/lib:/usr/lib/x86_64-linux-gnu/gazebo-11/plugins:/opt/ros/humble/opt/rviz_ogre_vendor/lib:/opt/ros/humble/lib/x86_64-linux-gnu:/opt/ros/humble/lib /usr/bin/cmake /home/jetsonros2/MyProject/kopikia_ws/src/xarm_ros2/xarm_vision/d435i_xarm_setup -DAMENT_CMAKE_SYMLINK_INSTALL=1 -DCMAKE_INSTALL_PREFIX=/home/jetsonros2/MyProject/kopikia_ws/install/d435i_xarm_setup
[1.783s] Invoking command in '/home/jetsonros2/MyProject/kopikia_ws/build/d435i_xarm_setup': CMAKE_PREFIX_PATH=/home/jetsonros2/MyProject/kopikia_ws/install/xarm_api:/home/jetsonros2/MyProject/kopikia_ws/install/xarm_sdk:/home/jetsonros2/MyProject/kopikia_ws/install/xarm_msgs:/home/jetsonros2/MyProject/kopikia_ws/install/xarm_description:/home/jetsonros2/MyProject/kopikia_ws/install/piper_vendor:/home/jetsonros2/MyProject/kopikia_ws/install/piper_hfhub_vendor:/home/jetsonros2/MyProject/kopikia_ws/install/audio_common_msgs:/home/jetsonros2/MyProject/kopikia_ws/install/xarm_planner:/home/jetsonros2/MyProject/kopikia_ws/install/xarm_moveit_servo:/home/jetsonros2/MyProject/kopikia_ws/install/xarm_moveit_config:/home/jetsonros2/MyProject/kopikia_ws/install/xarm_gazebo:/home/jetsonros2/MyProject/kopikia_ws/install/xarm_controller:/home/jetsonros2/MyProject/kopikia_ws/install/d435i_xarm_setup:/home/jetsonros2/MyProject/kopikia_ws/install/realsense_gazebo_plugin:/home/jetsonros2/MyProject/kopikia_ws/install/mbot_demo:/home/jetsonros2/MyProject/smartgardener_ws/install/realsense2_description:/home/jetsonros2/MyProject/smartgardener_ws/install/realsense2_camera:/home/jetsonros2/MyProject/smartgardener_ws/install/realsense2_camera_msgs:/home/jetsonros2/MyProject/smartgardener_ws/install/kone_api:/home/jetsonros2/MyProject/kopikia_ws/install/uf_ros_lib:/home/jetsonros2/MyProject/kopikia_ws/install/kopikia_bot:/opt/ros/humble LD_LIBRARY_PATH=/home/jetsonros2/MyProject/kopikia_ws/install/xarm_api/lib:/home/jetsonros2/MyProject/kopikia_ws/install/xarm_sdk/lib:/home/jetsonros2/MyProject/kopikia_ws/install/xarm_msgs/lib:/home/jetsonros2/MyProject/kopikia_ws/install/piper_vendor/lib:/home/jetsonros2/MyProject/kopikia_ws/install/piper_hfhub_vendor/lib:/home/jetsonros2/MyProject/kopikia_ws/install/audio_common_msgs/lib:/home/jetsonros2/MyProject/kopikia_ws/install/xarm_planner/lib:/home/jetsonros2/MyProject/kopikia_ws/install/xarm_moveit_servo/lib:/home/jetsonros2/MyProject/kopikia_ws/install/xarm_gazebo/lib:/home/jetsonros2/MyProject/kopikia_ws/install/xarm_controller/lib:/home/jetsonros2/MyProject/kopikia_ws/install/realsense_gazebo_plugin/lib:/home/jetsonros2/MyProject/smartgardener_ws/install/realsense2_camera/lib:/home/jetsonros2/MyProject/smartgardener_ws/install/realsense2_camera_msgs/lib:/usr/lib/x86_64-linux-gnu/gazebo-11/plugins:/opt/ros/humble/opt/rviz_ogre_vendor/lib:/opt/ros/humble/lib/x86_64-linux-gnu:/opt/ros/humble/lib /usr/bin/cmake --build /home/jetsonros2/MyProject/kopikia_ws/build/d435i_xarm_setup -- -j20 -l20
[1.847s] [ 16%] [32mBuilding CXX object CMakeFiles/findobj_grasp_xarm_api.dir/src/findobj_grasp_xarm_api.cpp.o[0m
[1.847s] [ 33%] [32mBuilding CXX object CMakeFiles/findobj_grasp_moveit_planner.dir/src/findobj_grasp_moveit_planner.cpp.o[0m
[1.847s] [ 50%] [32mBuilding CXX object CMakeFiles/tf_object_to_base.dir/src/tf_object_to_base.cpp.o[0m
[8.364s] [ 66%] [32m[1mLinking CXX executable findobj_grasp_xarm_api[0m
[8.585s] [ 83%] [32m[1mLinking CXX executable findobj_grasp_moveit_planner[0m
[8.972s] [ 83%] Built target findobj_grasp_moveit_planner
[8.985s] [ 83%] Built target findobj_grasp_xarm_api
[9.704s] [100%] [32m[1mLinking CXX executable tf_object_to_base[0m
[10.140s] [100%] Built target tf_object_to_base
[10.152s] Invoked command in '/home/jetsonros2/MyProject/kopikia_ws/build/d435i_xarm_setup' returned '0': CMAKE_PREFIX_PATH=/home/jetsonros2/MyProject/kopikia_ws/install/xarm_api:/home/jetsonros2/MyProject/kopikia_ws/install/xarm_sdk:/home/jetsonros2/MyProject/kopikia_ws/install/xarm_msgs:/home/jetsonros2/MyProject/kopikia_ws/install/xarm_description:/home/jetsonros2/MyProject/kopikia_ws/install/piper_vendor:/home/jetsonros2/MyProject/kopikia_ws/install/piper_hfhub_vendor:/home/jetsonros2/MyProject/kopikia_ws/install/audio_common_msgs:/home/jetsonros2/MyProject/kopikia_ws/install/xarm_planner:/home/jetsonros2/MyProject/kopikia_ws/install/xarm_moveit_servo:/home/jetsonros2/MyProject/kopikia_ws/install/xarm_moveit_config:/home/jetsonros2/MyProject/kopikia_ws/install/xarm_gazebo:/home/jetsonros2/MyProject/kopikia_ws/install/xarm_controller:/home/jetsonros2/MyProject/kopikia_ws/install/d435i_xarm_setup:/home/jetsonros2/MyProject/kopikia_ws/install/realsense_gazebo_plugin:/home/jetsonros2/MyProject/kopikia_ws/install/mbot_demo:/home/jetsonros2/MyProject/smartgardener_ws/install/realsense2_description:/home/jetsonros2/MyProject/smartgardener_ws/install/realsense2_camera:/home/jetsonros2/MyProject/smartgardener_ws/install/realsense2_camera_msgs:/home/jetsonros2/MyProject/smartgardener_ws/install/kone_api:/home/jetsonros2/MyProject/kopikia_ws/install/uf_ros_lib:/home/jetsonros2/MyProject/kopikia_ws/install/kopikia_bot:/opt/ros/humble LD_LIBRARY_PATH=/home/jetsonros2/MyProject/kopikia_ws/install/xarm_api/lib:/home/jetsonros2/MyProject/kopikia_ws/install/xarm_sdk/lib:/home/jetsonros2/MyProject/kopikia_ws/install/xarm_msgs/lib:/home/jetsonros2/MyProject/kopikia_ws/install/piper_vendor/lib:/home/jetsonros2/MyProject/kopikia_ws/install/piper_hfhub_vendor/lib:/home/jetsonros2/MyProject/kopikia_ws/install/audio_common_msgs/lib:/home/jetsonros2/MyProject/kopikia_ws/install/xarm_planner/lib:/home/jetsonros2/MyProject/kopikia_ws/install/xarm_moveit_servo/lib:/home/jetsonros2/MyProject/kopikia_ws/install/xarm_gazebo/lib:/home/jetsonros2/MyProject/kopikia_ws/install/xarm_controller/lib:/home/jetsonros2/MyProject/kopikia_ws/install/realsense_gazebo_plugin/lib:/home/jetsonros2/MyProject/smartgardener_ws/install/realsense2_camera/lib:/home/jetsonros2/MyProject/smartgardener_ws/install/realsense2_camera_msgs/lib:/usr/lib/x86_64-linux-gnu/gazebo-11/plugins:/opt/ros/humble/opt/rviz_ogre_vendor/lib:/opt/ros/humble/lib/x86_64-linux-gnu:/opt/ros/humble/lib /usr/bin/cmake --build /home/jetsonros2/MyProject/kopikia_ws/build/d435i_xarm_setup -- -j20 -l20
[10.154s] Invoking command in '/home/jetsonros2/MyProject/kopikia_ws/build/d435i_xarm_setup': CMAKE_PREFIX_PATH=/home/jetsonros2/MyProject/kopikia_ws/install/xarm_api:/home/jetsonros2/MyProject/kopikia_ws/install/xarm_sdk:/home/jetsonros2/MyProject/kopikia_ws/install/xarm_msgs:/home/jetsonros2/MyProject/kopikia_ws/install/xarm_description:/home/jetsonros2/MyProject/kopikia_ws/install/piper_vendor:/home/jetsonros2/MyProject/kopikia_ws/install/piper_hfhub_vendor:/home/jetsonros2/MyProject/kopikia_ws/install/audio_common_msgs:/home/jetsonros2/MyProject/kopikia_ws/install/xarm_planner:/home/jetsonros2/MyProject/kopikia_ws/install/xarm_moveit_servo:/home/jetsonros2/MyProject/kopikia_ws/install/xarm_moveit_config:/home/jetsonros2/MyProject/kopikia_ws/install/xarm_gazebo:/home/jetsonros2/MyProject/kopikia_ws/install/xarm_controller:/home/jetsonros2/MyProject/kopikia_ws/install/d435i_xarm_setup:/home/jetsonros2/MyProject/kopikia_ws/install/realsense_gazebo_plugin:/home/jetsonros2/MyProject/kopikia_ws/install/mbot_demo:/home/jetsonros2/MyProject/smartgardener_ws/install/realsense2_description:/home/jetsonros2/MyProject/smartgardener_ws/install/realsense2_camera:/home/jetsonros2/MyProject/smartgardener_ws/install/realsense2_camera_msgs:/home/jetsonros2/MyProject/smartgardener_ws/install/kone_api:/home/jetsonros2/MyProject/kopikia_ws/install/uf_ros_lib:/home/jetsonros2/MyProject/kopikia_ws/install/kopikia_bot:/opt/ros/humble LD_LIBRARY_PATH=/home/jetsonros2/MyProject/kopikia_ws/install/xarm_api/lib:/home/jetsonros2/MyProject/kopikia_ws/install/xarm_sdk/lib:/home/jetsonros2/MyProject/kopikia_ws/install/xarm_msgs/lib:/home/jetsonros2/MyProject/kopikia_ws/install/piper_vendor/lib:/home/jetsonros2/MyProject/kopikia_ws/install/piper_hfhub_vendor/lib:/home/jetsonros2/MyProject/kopikia_ws/install/audio_common_msgs/lib:/home/jetsonros2/MyProject/kopikia_ws/install/xarm_planner/lib:/home/jetsonros2/MyProject/kopikia_ws/install/xarm_moveit_servo/lib:/home/jetsonros2/MyProject/kopikia_ws/install/xarm_gazebo/lib:/home/jetsonros2/MyProject/kopikia_ws/install/xarm_controller/lib:/home/jetsonros2/MyProject/kopikia_ws/install/realsense_gazebo_plugin/lib:/home/jetsonros2/MyProject/smartgardener_ws/install/realsense2_camera/lib:/home/jetsonros2/MyProject/smartgardener_ws/install/realsense2_camera_msgs/lib:/usr/lib/x86_64-linux-gnu/gazebo-11/plugins:/opt/ros/humble/opt/rviz_ogre_vendor/lib:/opt/ros/humble/lib/x86_64-linux-gnu:/opt/ros/humble/lib /usr/bin/cmake --install /home/jetsonros2/MyProject/kopikia_ws/build/d435i_xarm_setup
[10.161s] -- Install configuration: ""
[10.162s] -- Execute custom install script
[10.163s] -- Symlinking: /home/jetsonros2/MyProject/kopikia_ws/install/d435i_xarm_setup/share/d435i_xarm_setup//launch/d435i_findobj2d_robot_api.launch.py
[10.173s] -- Symlinking: /home/jetsonros2/MyProject/kopikia_ws/install/d435i_xarm_setup/share/d435i_xarm_setup//launch/d435i_findobj2d_robot_moveit_planner.launch.py
[10.183s] -- Symlinking: /home/jetsonros2/MyProject/kopikia_ws/install/d435i_xarm_setup/share/d435i_xarm_setup//launch/d435i_robot_auto_calib.launch.py
[10.191s] -- Symlinking: /home/jetsonros2/MyProject/kopikia_ws/install/d435i_xarm_setup/share/d435i_xarm_setup//launch/d435i_robot_ork_linemod.launch.py
[10.200s] -- Symlinking: /home/jetsonros2/MyProject/kopikia_ws/install/d435i_xarm_setup/share/d435i_xarm_setup//launch/grasp_node_robot_api.launch.py
[10.210s] -- Symlinking: /home/jetsonros2/MyProject/kopikia_ws/install/d435i_xarm_setup/share/d435i_xarm_setup//launch/grasp_node_robot_moveit_planner.launch.py
[10.219s] -- Symlinking: /home/jetsonros2/MyProject/kopikia_ws/install/d435i_xarm_setup/share/d435i_xarm_setup//launch/publish_handeye_tf.launch.py
[10.230s] -- Symlinking: /home/jetsonros2/MyProject/kopikia_ws/install/d435i_xarm_setup/share/d435i_xarm_setup//launch/start_find_obj_2d.launch.py
[10.240s] -- Symlinking: /home/jetsonros2/MyProject/kopikia_ws/install/d435i_xarm_setup/share/d435i_xarm_setup//objects/1.png
[10.250s] -- Symlinking: /home/jetsonros2/MyProject/kopikia_ws/install/d435i_xarm_setup/share/d435i_xarm_setup//objects/2.png
[10.261s] -- Symlinking: /home/jetsonros2/MyProject/kopikia_ws/install/d435i_xarm_setup/share/d435i_xarm_setup//config/extra_robot_api_params.yaml
[10.271s] -- Symlinking: /home/jetsonros2/MyProject/kopikia_ws/install/d435i_xarm_setup/share/d435i_xarm_setup//config/lite_rs_on_hand_calibration.calib
[10.284s] -- Symlinking: /home/jetsonros2/MyProject/kopikia_ws/install/d435i_xarm_setup/share/d435i_xarm_setup//config/uf850_rs_on_hand_calibration.calib
[10.295s] -- Symlinking: /home/jetsonros2/MyProject/kopikia_ws/install/d435i_xarm_setup/share/d435i_xarm_setup//config/xarm_rs_on_hand_calibration.calib
[10.307s] -- Symlinking: /home/jetsonros2/MyProject/kopikia_ws/install/d435i_xarm_setup/lib/d435i_xarm_setup/findobj_grasp_moveit_planner
[10.317s] -- Symlinking: /home/jetsonros2/MyProject/kopikia_ws/install/d435i_xarm_setup/lib/d435i_xarm_setup/findobj_grasp_xarm_api
[10.328s] -- Symlinking: /home/jetsonros2/MyProject/kopikia_ws/install/d435i_xarm_setup/lib/d435i_xarm_setup/tf_object_to_base
[10.338s] -- Symlinking: /home/jetsonros2/MyProject/kopikia_ws/install/d435i_xarm_setup/share/ament_index/resource_index/package_run_dependencies/d435i_xarm_setup
[10.348s] -- Symlinking: /home/jetsonros2/MyProject/kopikia_ws/install/d435i_xarm_setup/share/ament_index/resource_index/parent_prefix_path/d435i_xarm_setup
[10.358s] -- Symlinking: /home/jetsonros2/MyProject/kopikia_ws/install/d435i_xarm_setup/share/d435i_xarm_setup/environment/ament_prefix_path.sh
[10.369s] -- Symlinking: /home/jetsonros2/MyProject/kopikia_ws/install/d435i_xarm_setup/share/d435i_xarm_setup/environment/ament_prefix_path.dsv
[10.381s] -- Symlinking: /home/jetsonros2/MyProject/kopikia_ws/install/d435i_xarm_setup/share/d435i_xarm_setup/environment/path.sh
[10.394s] -- Symlinking: /home/jetsonros2/MyProject/kopikia_ws/install/d435i_xarm_setup/share/d435i_xarm_setup/environment/path.dsv
[10.406s] -- Symlinking: /home/jetsonros2/MyProject/kopikia_ws/install/d435i_xarm_setup/share/d435i_xarm_setup/local_setup.bash
[10.417s] -- Symlinking: /home/jetsonros2/MyProject/kopikia_ws/install/d435i_xarm_setup/share/d435i_xarm_setup/local_setup.sh
[10.428s] -- Symlinking: /home/jetsonros2/MyProject/kopikia_ws/install/d435i_xarm_setup/share/d435i_xarm_setup/local_setup.zsh
[10.438s] -- Symlinking: /home/jetsonros2/MyProject/kopikia_ws/install/d435i_xarm_setup/share/d435i_xarm_setup/local_setup.dsv
[10.448s] -- Symlinking: /home/jetsonros2/MyProject/kopikia_ws/install/d435i_xarm_setup/share/d435i_xarm_setup/package.dsv
[10.458s] -- Symlinking: /home/jetsonros2/MyProject/kopikia_ws/install/d435i_xarm_setup/share/ament_index/resource_index/packages/d435i_xarm_setup
[10.468s] -- Symlinking: /home/jetsonros2/MyProject/kopikia_ws/install/d435i_xarm_setup/share/d435i_xarm_setup/cmake/d435i_xarm_setupConfig.cmake
[10.478s] -- Symlinking: /home/jetsonros2/MyProject/kopikia_ws/install/d435i_xarm_setup/share/d435i_xarm_setup/cmake/d435i_xarm_setupConfig-version.cmake
[10.487s] -- Symlinking: /home/jetsonros2/MyProject/kopikia_ws/install/d435i_xarm_setup/share/d435i_xarm_setup/package.xml
[10.501s] Invoked command in '/home/jetsonros2/MyProject/kopikia_ws/build/d435i_xarm_setup' returned '0': CMAKE_PREFIX_PATH=/home/jetsonros2/MyProject/kopikia_ws/install/xarm_api:/home/jetsonros2/MyProject/kopikia_ws/install/xarm_sdk:/home/jetsonros2/MyProject/kopikia_ws/install/xarm_msgs:/home/jetsonros2/MyProject/kopikia_ws/install/xarm_description:/home/jetsonros2/MyProject/kopikia_ws/install/piper_vendor:/home/jetsonros2/MyProject/kopikia_ws/install/piper_hfhub_vendor:/home/jetsonros2/MyProject/kopikia_ws/install/audio_common_msgs:/home/jetsonros2/MyProject/kopikia_ws/install/xarm_planner:/home/jetsonros2/MyProject/kopikia_ws/install/xarm_moveit_servo:/home/jetsonros2/MyProject/kopikia_ws/install/xarm_moveit_config:/home/jetsonros2/MyProject/kopikia_ws/install/xarm_gazebo:/home/jetsonros2/MyProject/kopikia_ws/install/xarm_controller:/home/jetsonros2/MyProject/kopikia_ws/install/d435i_xarm_setup:/home/jetsonros2/MyProject/kopikia_ws/install/realsense_gazebo_plugin:/home/jetsonros2/MyProject/kopikia_ws/install/mbot_demo:/home/jetsonros2/MyProject/smartgardener_ws/install/realsense2_description:/home/jetsonros2/MyProject/smartgardener_ws/install/realsense2_camera:/home/jetsonros2/MyProject/smartgardener_ws/install/realsense2_camera_msgs:/home/jetsonros2/MyProject/smartgardener_ws/install/kone_api:/home/jetsonros2/MyProject/kopikia_ws/install/uf_ros_lib:/home/jetsonros2/MyProject/kopikia_ws/install/kopikia_bot:/opt/ros/humble LD_LIBRARY_PATH=/home/jetsonros2/MyProject/kopikia_ws/install/xarm_api/lib:/home/jetsonros2/MyProject/kopikia_ws/install/xarm_sdk/lib:/home/jetsonros2/MyProject/kopikia_ws/install/xarm_msgs/lib:/home/jetsonros2/MyProject/kopikia_ws/install/piper_vendor/lib:/home/jetsonros2/MyProject/kopikia_ws/install/piper_hfhub_vendor/lib:/home/jetsonros2/MyProject/kopikia_ws/install/audio_common_msgs/lib:/home/jetsonros2/MyProject/kopikia_ws/install/xarm_planner/lib:/home/jetsonros2/MyProject/kopikia_ws/install/xarm_moveit_servo/lib:/home/jetsonros2/MyProject/kopikia_ws/install/xarm_gazebo/lib:/home/jetsonros2/MyProject/kopikia_ws/install/xarm_controller/lib:/home/jetsonros2/MyProject/kopikia_ws/install/realsense_gazebo_plugin/lib:/home/jetsonros2/MyProject/smartgardener_ws/install/realsense2_camera/lib:/home/jetsonros2/MyProject/smartgardener_ws/install/realsense2_camera_msgs/lib:/usr/lib/x86_64-linux-gnu/gazebo-11/plugins:/opt/ros/humble/opt/rviz_ogre_vendor/lib:/opt/ros/humble/lib/x86_64-linux-gnu:/opt/ros/humble/lib /usr/bin/cmake --install /home/jetsonros2/MyProject/kopikia_ws/build/d435i_xarm_setup
