[0.039s] Invoking command in '/home/jetsonros2/MyProject/kopikia_ws/build/xarm_sdk': CMAKE_PREFIX_PATH=${CMAKE_PREFIX_PATH}:/home/jetsonros2/MyProject/kopikia_ws/install/uf_ros_lib:/home/jetsonros2/MyProject/kopikia_ws/install/kopikia_bot:/opt/ros/humble /usr/bin/cmake /home/jetsonros2/MyProject/kopikia_ws/src/xarm_ros2/xarm_sdk -DAMENT_CMAKE_SYMLINK_INSTALL=1 -DCMAKE_INSTALL_PREFIX=/home/jetsonros2/MyProject/kopikia_ws/install/xarm_sdk
[0.591s] -- The C compiler identification is GNU 11.4.0
[0.592s] -- The CXX compiler identification is GNU 11.4.0
[0.595s] -- Detecting C compiler ABI info
[0.595s] -- Detecting C compiler ABI info - done
[0.595s] -- Check for working C compiler: /usr/bin/cc - skipped
[0.596s] -- Detecting C compile features
[0.596s] -- Detecting C compile features - done
[0.596s] -- Detecting CXX compiler ABI info
[0.596s] -- Detecting CXX compiler ABI info - done
[0.596s] -- Check for working CXX compiler: /usr/bin/c++ - skipped
[0.596s] -- Detecting CXX compile features
[0.596s] -- Detecting CXX compile features - done
[0.597s] -- Found ament_cmake: 1.3.12 (/opt/ros/humble/share/ament_cmake/cmake)
[0.597s] -- Found Python3: /usr/bin/python3 (found version "3.10.12") found components: Interpreter 
[0.597s] -- Override CMake install command with custom implementation using symlinks instead of copying resources
[0.615s] -- Found ament_lint_auto: 0.12.14 (/opt/ros/humble/share/ament_lint_auto/cmake)
[0.733s] -- Added test 'copyright' to check source files copyright and LICENSE
[0.748s] -- Added test 'cppcheck' to perform static code analysis on C / C++ code
[0.749s] -- Configured cppcheck include dirs: /home/jetsonros2/MyProject/kopikia_ws/src/xarm_ros2/xarm_sdk/cxx/include
[0.749s] -- Configured cppcheck exclude dirs and/or files: 
[0.767s] -- Added test 'cpplint' to check C / C++ code against the Google style
[0.767s] -- Configured cpplint exclude dirs and/or files: 
[0.776s] -- Added test 'lint_cmake' to check CMake code style
[0.793s] -- Added test 'uncrustify' to check C / C++ code style
[0.794s] -- Configured uncrustify additional arguments: 
[0.797s] -- Added test 'xmllint' to check XML markup files
[0.808s] -- Configuring done
[0.829s] -- Generating done
[0.834s] -- Build files have been written to: /home/jetsonros2/MyProject/kopikia_ws/build/xarm_sdk
[0.842s] Invoked command in '/home/jetsonros2/MyProject/kopikia_ws/build/xarm_sdk' returned '0': CMAKE_PREFIX_PATH=${CMAKE_PREFIX_PATH}:/home/jetsonros2/MyProject/kopikia_ws/install/uf_ros_lib:/home/jetsonros2/MyProject/kopikia_ws/install/kopikia_bot:/opt/ros/humble /usr/bin/cmake /home/jetsonros2/MyProject/kopikia_ws/src/xarm_ros2/xarm_sdk -DAMENT_CMAKE_SYMLINK_INSTALL=1 -DCMAKE_INSTALL_PREFIX=/home/jetsonros2/MyProject/kopikia_ws/install/xarm_sdk
[0.846s] Invoking command in '/home/jetsonros2/MyProject/kopikia_ws/build/xarm_sdk': CMAKE_PREFIX_PATH=${CMAKE_PREFIX_PATH}:/home/jetsonros2/MyProject/kopikia_ws/install/uf_ros_lib:/home/jetsonros2/MyProject/kopikia_ws/install/kopikia_bot:/opt/ros/humble /usr/bin/cmake --build /home/jetsonros2/MyProject/kopikia_ws/build/xarm_sdk -- -j20 -l20
[0.916s] [  6%] [32mBuilding CXX object CMakeFiles/xarm_cxx_sdk.dir/cxx/src/serial/impl/list_ports/list_ports_linux.cc.o[0m
[0.916s] [  6%] [32mBuilding CXX object CMakeFiles/xarm_cxx_sdk.dir/cxx/src/serial/impl/unix.cc.o[0m
[0.917s] [  9%] [32mBuilding CXX object CMakeFiles/xarm_cxx_sdk.dir/cxx/src/serial/impl/list_ports/list_ports_osx.cc.o[0m
[0.917s] [ 12%] [32mBuilding CXX object CMakeFiles/xarm_cxx_sdk.dir/cxx/src/serial/impl/list_ports/list_ports_win.cc.o[0m
[0.918s] [ 25%] [32mBuilding CXX object CMakeFiles/xarm_cxx_sdk.dir/cxx/src/xarm/core/common/crc16.cc.o[0m
[0.918s] [ 18%] [32mBuilding CXX object CMakeFiles/xarm_cxx_sdk.dir/cxx/src/xarm/core/connect.cc.o[0m
[0.918s] [ 25%] [32mBuilding CXX object CMakeFiles/xarm_cxx_sdk.dir/cxx/src/xarm/core/common/queue_memcpy.cc.o[0m
[0.919s] [ 25%] [32mBuilding CXX object CMakeFiles/xarm_cxx_sdk.dir/cxx/src/serial/impl/win.cc.o[0m
[0.919s] [ 28%] [32mBuilding CXX object CMakeFiles/xarm_cxx_sdk.dir/cxx/src/serial/serial.cc.o[0m
[0.920s] [ 31%] [32mBuilding CXX object CMakeFiles/xarm_cxx_sdk.dir/cxx/src/xarm/core/debug/debug_print.cc.o[0m
[0.921s] [ 34%] [32mBuilding CXX object CMakeFiles/xarm_cxx_sdk.dir/cxx/src/xarm/core/instruction/uxbus_cmd.cc.o[0m
[0.925s] [ 37%] [32mBuilding CXX object CMakeFiles/xarm_cxx_sdk.dir/cxx/src/xarm/core/instruction/uxbus_cmd_ser.cc.o[0m
[0.936s] [ 40%] [32mBuilding CXX object CMakeFiles/xarm_cxx_sdk.dir/cxx/src/xarm/core/instruction/uxbus_cmd_tcp.cc.o[0m
[0.953s] [ 43%] [32mBuilding CXX object CMakeFiles/xarm_cxx_sdk.dir/cxx/src/xarm/core/os/network.cc.o[0m
[0.954s] [ 46%] [32mBuilding CXX object CMakeFiles/xarm_cxx_sdk.dir/cxx/src/xarm/core/port/ser.cc.o[0m
[0.959s] [ 50%] [32mBuilding CXX object CMakeFiles/xarm_cxx_sdk.dir/cxx/src/xarm/wrapper/xarm_api.cc.o[0m
[0.960s] [ 53%] [32mBuilding CXX object CMakeFiles/xarm_cxx_sdk.dir/cxx/src/xarm/core/report_data.cc.o[0m
[0.968s] [ 56%] [32mBuilding CXX object CMakeFiles/xarm_cxx_sdk.dir/cxx/src/xarm/wrapper/xarm_bio.cc.o[0m
[0.969s] [ 59%] [32mBuilding CXX object CMakeFiles/xarm_cxx_sdk.dir/cxx/src/xarm/wrapper/xarm_events.cc.o[0m
[0.969s] [ 62%] [32mBuilding CXX object CMakeFiles/xarm_cxx_sdk.dir/cxx/src/xarm/core/port/socket.cc.o[0m
[0.970s] [ 65%] [32mBuilding CXX object CMakeFiles/xarm_cxx_sdk.dir/cxx/src/xarm/wrapper/xarm_ft_sensor.cc.o[0m
[1.017s] [ 68%] [32mBuilding CXX object CMakeFiles/xarm_cxx_sdk.dir/cxx/src/xarm/wrapper/xarm_gpio.cc.o[0m
[1.022s] [ 71%] [32mBuilding CXX object CMakeFiles/xarm_cxx_sdk.dir/cxx/src/xarm/wrapper/xarm_gripper.cc.o[0m
[1.024s] [ 75%] [32mBuilding CXX object CMakeFiles/xarm_cxx_sdk.dir/cxx/src/xarm/wrapper/xarm_modbus_tcp.cc.o[0m
[1.039s] [ 78%] [32mBuilding CXX object CMakeFiles/xarm_cxx_sdk.dir/cxx/src/xarm/wrapper/xarm_linear_motor.cc.o[0m
[1.572s] [ 81%] [32mBuilding CXX object CMakeFiles/xarm_cxx_sdk.dir/cxx/src/xarm/wrapper/xarm_motion.cc.o[0m
[1.594s] [ 84%] [32mBuilding CXX object CMakeFiles/xarm_cxx_sdk.dir/cxx/src/xarm/wrapper/xarm_params.cc.o[0m
[1.780s] [ 87%] [32mBuilding CXX object CMakeFiles/xarm_cxx_sdk.dir/cxx/src/xarm/wrapper/xarm_record.cc.o[0m
[1.886s] [ 90%] [32mBuilding CXX object CMakeFiles/xarm_cxx_sdk.dir/cxx/src/xarm/wrapper/xarm_report.cc.o[0m
[1.902s] [ 93%] [32mBuilding CXX object CMakeFiles/xarm_cxx_sdk.dir/cxx/src/xarm/wrapper/xarm_robotiq.cc.o[0m
[2.300s] [ 96%] [32mBuilding CXX object CMakeFiles/xarm_cxx_sdk.dir/cxx/src/xarm/wrapper/xarm_servo.cc.o[0m
[6.890s] [100%] [32m[1mLinking CXX shared library libxarm_cxx_sdk.so[0m
[7.210s] [100%] Built target xarm_cxx_sdk
[7.230s] Invoked command in '/home/jetsonros2/MyProject/kopikia_ws/build/xarm_sdk' returned '0': CMAKE_PREFIX_PATH=${CMAKE_PREFIX_PATH}:/home/jetsonros2/MyProject/kopikia_ws/install/uf_ros_lib:/home/jetsonros2/MyProject/kopikia_ws/install/kopikia_bot:/opt/ros/humble /usr/bin/cmake --build /home/jetsonros2/MyProject/kopikia_ws/build/xarm_sdk -- -j20 -l20
[7.234s] Invoking command in '/home/jetsonros2/MyProject/kopikia_ws/build/xarm_sdk': CMAKE_PREFIX_PATH=${CMAKE_PREFIX_PATH}:/home/jetsonros2/MyProject/kopikia_ws/install/uf_ros_lib:/home/jetsonros2/MyProject/kopikia_ws/install/kopikia_bot:/opt/ros/humble /usr/bin/cmake --install /home/jetsonros2/MyProject/kopikia_ws/build/xarm_sdk
[7.247s] -- Install configuration: ""
[7.249s] -- Execute custom install script
[7.253s] -- Symlinking: /home/jetsonros2/MyProject/kopikia_ws/install/xarm_sdk/share/xarm_sdk/environment/library_path.sh
[7.272s] -- Symlinking: /home/jetsonros2/MyProject/kopikia_ws/install/xarm_sdk/share/xarm_sdk/environment/library_path.dsv
[7.294s] -- Symlinking: /home/jetsonros2/MyProject/kopikia_ws/install/xarm_sdk/cxx/include/serial/impl/unix.h
[7.311s] -- Symlinking: /home/jetsonros2/MyProject/kopikia_ws/install/xarm_sdk/cxx/include/serial/impl/win.h
[7.326s] -- Symlinking: /home/jetsonros2/MyProject/kopikia_ws/install/xarm_sdk/cxx/include/serial/serial.h
[7.342s] -- Symlinking: /home/jetsonros2/MyProject/kopikia_ws/install/xarm_sdk/cxx/include/serial/v8stdint.h
[7.359s] -- Symlinking: /home/jetsonros2/MyProject/kopikia_ws/install/xarm_sdk/cxx/include/xarm/core/common/crc16.h
[7.376s] -- Symlinking: /home/jetsonros2/MyProject/kopikia_ws/install/xarm_sdk/cxx/include/xarm/core/common/data_type.h
[7.389s] -- Symlinking: /home/jetsonros2/MyProject/kopikia_ws/install/xarm_sdk/cxx/include/xarm/core/common/queue_memcpy.h
[7.404s] -- Symlinking: /home/jetsonros2/MyProject/kopikia_ws/install/xarm_sdk/cxx/include/xarm/core/connect.h
[7.417s] -- Symlinking: /home/jetsonros2/MyProject/kopikia_ws/install/xarm_sdk/cxx/include/xarm/core/debug/debug_print.h
[7.431s] -- Symlinking: /home/jetsonros2/MyProject/kopikia_ws/install/xarm_sdk/cxx/include/xarm/core/instruction/servo3_config.h
[7.442s] -- Symlinking: /home/jetsonros2/MyProject/kopikia_ws/install/xarm_sdk/cxx/include/xarm/core/instruction/uxbus_cmd.h
[7.453s] -- Symlinking: /home/jetsonros2/MyProject/kopikia_ws/install/xarm_sdk/cxx/include/xarm/core/instruction/uxbus_cmd_config.h
[7.466s] -- Symlinking: /home/jetsonros2/MyProject/kopikia_ws/install/xarm_sdk/cxx/include/xarm/core/instruction/uxbus_cmd_ser.h
[7.481s] -- Symlinking: /home/jetsonros2/MyProject/kopikia_ws/install/xarm_sdk/cxx/include/xarm/core/instruction/uxbus_cmd_tcp.h
[7.495s] -- Symlinking: /home/jetsonros2/MyProject/kopikia_ws/install/xarm_sdk/cxx/include/xarm/core/os/bak/thread.h
[7.509s] -- Symlinking: /home/jetsonros2/MyProject/kopikia_ws/install/xarm_sdk/cxx/include/xarm/core/os/network.h
[7.519s] -- Symlinking: /home/jetsonros2/MyProject/kopikia_ws/install/xarm_sdk/cxx/include/xarm/core/port/ser.h
[7.534s] -- Symlinking: /home/jetsonros2/MyProject/kopikia_ws/install/xarm_sdk/cxx/include/xarm/core/port/socket.h
[7.547s] -- Symlinking: /home/jetsonros2/MyProject/kopikia_ws/install/xarm_sdk/cxx/include/xarm/core/report_data.h
[7.559s] -- Symlinking: /home/jetsonros2/MyProject/kopikia_ws/install/xarm_sdk/cxx/include/xarm/core/xarm_config.h
[7.571s] -- Symlinking: /home/jetsonros2/MyProject/kopikia_ws/install/xarm_sdk/cxx/include/xarm/wrapper/common/timer.h
[7.582s] -- Symlinking: /home/jetsonros2/MyProject/kopikia_ws/install/xarm_sdk/cxx/include/xarm/wrapper/common/utils.h
[7.593s] -- Symlinking: /home/jetsonros2/MyProject/kopikia_ws/install/xarm_sdk/cxx/include/xarm/wrapper/xarm_api.h
[7.606s] -- Symlinking: /home/jetsonros2/MyProject/kopikia_ws/install/xarm_sdk/lib/libxarm_cxx_sdk.so
[7.618s] -- Symlinking: /home/jetsonros2/MyProject/kopikia_ws/install/xarm_sdk/share/ament_index/resource_index/package_run_dependencies/xarm_sdk
[7.630s] -- Symlinking: /home/jetsonros2/MyProject/kopikia_ws/install/xarm_sdk/share/ament_index/resource_index/parent_prefix_path/xarm_sdk
[7.641s] -- Symlinking: /home/jetsonros2/MyProject/kopikia_ws/install/xarm_sdk/share/xarm_sdk/environment/ament_prefix_path.sh
[7.653s] -- Symlinking: /home/jetsonros2/MyProject/kopikia_ws/install/xarm_sdk/share/xarm_sdk/environment/ament_prefix_path.dsv
[7.667s] -- Symlinking: /home/jetsonros2/MyProject/kopikia_ws/install/xarm_sdk/share/xarm_sdk/environment/path.sh
[7.678s] -- Symlinking: /home/jetsonros2/MyProject/kopikia_ws/install/xarm_sdk/share/xarm_sdk/environment/path.dsv
[7.688s] -- Symlinking: /home/jetsonros2/MyProject/kopikia_ws/install/xarm_sdk/share/xarm_sdk/local_setup.bash
[7.699s] -- Symlinking: /home/jetsonros2/MyProject/kopikia_ws/install/xarm_sdk/share/xarm_sdk/local_setup.sh
[7.711s] -- Symlinking: /home/jetsonros2/MyProject/kopikia_ws/install/xarm_sdk/share/xarm_sdk/local_setup.zsh
[7.722s] -- Symlinking: /home/jetsonros2/MyProject/kopikia_ws/install/xarm_sdk/share/xarm_sdk/local_setup.dsv
[7.735s] -- Symlinking: /home/jetsonros2/MyProject/kopikia_ws/install/xarm_sdk/share/xarm_sdk/package.dsv
[7.746s] -- Symlinking: /home/jetsonros2/MyProject/kopikia_ws/install/xarm_sdk/share/ament_index/resource_index/packages/xarm_sdk
[7.756s] -- Symlinking: /home/jetsonros2/MyProject/kopikia_ws/install/xarm_sdk/share/xarm_sdk/cmake/ament_cmake_export_libraries-extras.cmake
[7.768s] -- Symlinking: /home/jetsonros2/MyProject/kopikia_ws/install/xarm_sdk/share/xarm_sdk/cmake/ament_cmake_export_include_directories-extras.cmake
[7.780s] -- Symlinking: /home/jetsonros2/MyProject/kopikia_ws/install/xarm_sdk/share/xarm_sdk/cmake/xarm_sdkConfig.cmake
[7.794s] -- Symlinking: /home/jetsonros2/MyProject/kopikia_ws/install/xarm_sdk/share/xarm_sdk/cmake/xarm_sdkConfig-version.cmake
[7.804s] -- Symlinking: /home/jetsonros2/MyProject/kopikia_ws/install/xarm_sdk/share/xarm_sdk/package.xml
[7.819s] Invoked command in '/home/jetsonros2/MyProject/kopikia_ws/build/xarm_sdk' returned '0': CMAKE_PREFIX_PATH=${CMAKE_PREFIX_PATH}:/home/jetsonros2/MyProject/kopikia_ws/install/uf_ros_lib:/home/jetsonros2/MyProject/kopikia_ws/install/kopikia_bot:/opt/ros/humble /usr/bin/cmake --install /home/jetsonros2/MyProject/kopikia_ws/build/xarm_sdk
