[0.073s] DEBUG:colcon:Command line arguments: ['/usr/bin/colcon', 'build', '--packages-select', 'audio_common_msgs']
[0.073s] DEBUG:colcon:Parsed command line arguments: Namespace(log_base=None, log_level=None, verb_name='build', build_base='build', install_base='install', merge_install=False, symlink_install=False, test_result_base=None, continue_on_error=False, executor='parallel', parallel_workers=20, event_handlers=None, ignore_user_meta=False, metas=['./colcon.meta'], base_paths=['.'], packages_ignore=None, packages_ignore_regex=None, paths=None, packages_up_to=None, packages_up_to_regex=None, packages_above=None, packages_above_and_dependencies=None, packages_above_depth=None, packages_select_by_dep=None, packages_skip_by_dep=None, packages_skip_up_to=None, packages_select_build_failed=False, packages_skip_build_finished=False, packages_select_test_failures=False, packages_skip_test_passed=False, packages_select=['audio_common_msgs'], packages_skip=None, packages_select_regex=None, packages_skip_regex=None, packages_start=None, packages_end=None, allow_overriding=[], cmake_args=None, cmake_target=None, cmake_target_skip_unavailable=False, cmake_clean_cache=False, cmake_clean_first=False, cmake_force_configure=False, ament_cmake_args=None, catkin_cmake_args=None, catkin_skip_building_tests=False, mixin_files=None, mixin=None, verb_parser=<colcon_mixin.mixin.mixin_argument.MixinArgumentDecorator object at 0x7589a24573a0>, verb_extension=<colcon_core.verb.build.BuildVerb object at 0x7589a2418be0>, main=<bound method BuildVerb.main of <colcon_core.verb.build.BuildVerb object at 0x7589a2418be0>>, mixin_verb=('build',))
[0.214s] Level 1:colcon.colcon_core.package_discovery:discover_packages(colcon_meta) check parameters
[0.214s] Level 1:colcon.colcon_core.package_discovery:discover_packages(recursive) check parameters
[0.214s] Level 1:colcon.colcon_core.package_discovery:discover_packages(ignore) check parameters
[0.214s] Level 1:colcon.colcon_core.package_discovery:discover_packages(path) check parameters
[0.214s] Level 1:colcon.colcon_core.package_discovery:discover_packages(colcon_meta) discover
[0.214s] Level 1:colcon.colcon_core.package_discovery:discover_packages(recursive) discover
[0.215s] INFO:colcon.colcon_core.package_discovery:Crawling recursively for packages in '/home/jetsonros2/MyProject/kopikia_ws/src'
[0.215s] Level 1:colcon.colcon_core.package_identification:_identify(.) by extensions ['ignore', 'ignore_ament_install']
[0.215s] Level 1:colcon.colcon_core.package_identification:_identify(.) by extension 'ignore'
[0.215s] Level 1:colcon.colcon_core.package_identification:_identify(.) by extension 'ignore_ament_install'
[0.215s] Level 1:colcon.colcon_core.package_identification:_identify(.) by extensions ['colcon_pkg']
[0.215s] Level 1:colcon.colcon_core.package_identification:_identify(.) by extension 'colcon_pkg'
[0.215s] Level 1:colcon.colcon_core.package_identification:_identify(.) by extensions ['colcon_meta']
[0.215s] Level 1:colcon.colcon_core.package_identification:_identify(.) by extension 'colcon_meta'
[0.215s] Level 1:colcon.colcon_core.package_identification:_identify(.) by extensions ['ros']
[0.215s] Level 1:colcon.colcon_core.package_identification:_identify(.) by extension 'ros'
[0.225s] Level 1:colcon.colcon_core.package_identification:_identify(.) by extensions ['cmake', 'python']
[0.225s] Level 1:colcon.colcon_core.package_identification:_identify(.) by extension 'cmake'
[0.225s] Level 1:colcon.colcon_core.package_identification:_identify(.) by extension 'python'
[0.225s] Level 1:colcon.colcon_core.package_identification:_identify(.) by extensions ['python_setup_py']
[0.225s] Level 1:colcon.colcon_core.package_identification:_identify(.) by extension 'python_setup_py'
[0.225s] Level 1:colcon.colcon_core.package_identification:_identify(audio_common) by extensions ['ignore', 'ignore_ament_install']
[0.226s] Level 1:colcon.colcon_core.package_identification:_identify(audio_common) by extension 'ignore'
[0.226s] Level 1:colcon.colcon_core.package_identification:_identify(audio_common) by extension 'ignore_ament_install'
[0.226s] Level 1:colcon.colcon_core.package_identification:_identify(audio_common) by extensions ['colcon_pkg']
[0.226s] Level 1:colcon.colcon_core.package_identification:_identify(audio_common) by extension 'colcon_pkg'
[0.226s] Level 1:colcon.colcon_core.package_identification:_identify(audio_common) by extensions ['colcon_meta']
[0.226s] Level 1:colcon.colcon_core.package_identification:_identify(audio_common) by extension 'colcon_meta'
[0.226s] Level 1:colcon.colcon_core.package_identification:_identify(audio_common) by extensions ['ros']
[0.226s] Level 1:colcon.colcon_core.package_identification:_identify(audio_common) by extension 'ros'
[0.226s] Level 1:colcon.colcon_core.package_identification:_identify(audio_common) by extensions ['cmake', 'python']
[0.226s] Level 1:colcon.colcon_core.package_identification:_identify(audio_common) by extension 'cmake'
[0.226s] Level 1:colcon.colcon_core.package_identification:_identify(audio_common) by extension 'python'
[0.226s] Level 1:colcon.colcon_core.package_identification:_identify(audio_common) by extensions ['python_setup_py']
[0.226s] Level 1:colcon.colcon_core.package_identification:_identify(audio_common) by extension 'python_setup_py'
[0.226s] Level 1:colcon.colcon_core.package_identification:_identify(audio_common/audio_capture) by extensions ['ignore', 'ignore_ament_install']
[0.226s] Level 1:colcon.colcon_core.package_identification:_identify(audio_common/audio_capture) by extension 'ignore'
[0.226s] Level 1:colcon.colcon_core.package_identification:_identify(audio_common/audio_capture) by extension 'ignore_ament_install'
[0.226s] Level 1:colcon.colcon_core.package_identification:_identify(audio_common/audio_capture) by extensions ['colcon_pkg']
[0.226s] Level 1:colcon.colcon_core.package_identification:_identify(audio_common/audio_capture) by extension 'colcon_pkg'
[0.226s] Level 1:colcon.colcon_core.package_identification:_identify(audio_common/audio_capture) by extensions ['colcon_meta']
[0.226s] Level 1:colcon.colcon_core.package_identification:_identify(audio_common/audio_capture) by extension 'colcon_meta'
[0.227s] Level 1:colcon.colcon_core.package_identification:_identify(audio_common/audio_capture) by extensions ['ros']
[0.227s] Level 1:colcon.colcon_core.package_identification:_identify(audio_common/audio_capture) by extension 'ros'
[0.229s] DEBUG:colcon.colcon_core.package_identification:Package 'audio_common/audio_capture' with type 'ros.ament_cmake' and name 'audio_capture'
[0.229s] Level 1:colcon.colcon_core.package_identification:_identify(audio_common/audio_common) by extensions ['ignore', 'ignore_ament_install']
[0.229s] Level 1:colcon.colcon_core.package_identification:_identify(audio_common/audio_common) by extension 'ignore'
[0.229s] Level 1:colcon.colcon_core.package_identification:_identify(audio_common/audio_common) by extension 'ignore_ament_install'
[0.229s] Level 1:colcon.colcon_core.package_identification:_identify(audio_common/audio_common) by extensions ['colcon_pkg']
[0.229s] Level 1:colcon.colcon_core.package_identification:_identify(audio_common/audio_common) by extension 'colcon_pkg'
[0.229s] Level 1:colcon.colcon_core.package_identification:_identify(audio_common/audio_common) by extensions ['colcon_meta']
[0.230s] Level 1:colcon.colcon_core.package_identification:_identify(audio_common/audio_common) by extension 'colcon_meta'
[0.230s] Level 1:colcon.colcon_core.package_identification:_identify(audio_common/audio_common) by extensions ['ros']
[0.230s] Level 1:colcon.colcon_core.package_identification:_identify(audio_common/audio_common) by extension 'ros'
[0.230s] DEBUG:colcon.colcon_core.package_identification:Package 'audio_common/audio_common' with type 'ros.ament_cmake' and name 'audio_common'
[0.230s] Level 1:colcon.colcon_core.package_identification:_identify(audio_common/audio_common_msgs) by extensions ['ignore', 'ignore_ament_install']
[0.230s] Level 1:colcon.colcon_core.package_identification:_identify(audio_common/audio_common_msgs) by extension 'ignore'
[0.230s] Level 1:colcon.colcon_core.package_identification:_identify(audio_common/audio_common_msgs) by extension 'ignore_ament_install'
[0.230s] Level 1:colcon.colcon_core.package_identification:_identify(audio_common/audio_common_msgs) by extensions ['colcon_pkg']
[0.230s] Level 1:colcon.colcon_core.package_identification:_identify(audio_common/audio_common_msgs) by extension 'colcon_pkg'
[0.231s] Level 1:colcon.colcon_core.package_identification:_identify(audio_common/audio_common_msgs) by extensions ['colcon_meta']
[0.231s] Level 1:colcon.colcon_core.package_identification:_identify(audio_common/audio_common_msgs) by extension 'colcon_meta'
[0.231s] Level 1:colcon.colcon_core.package_identification:_identify(audio_common/audio_common_msgs) by extensions ['ros']
[0.231s] Level 1:colcon.colcon_core.package_identification:_identify(audio_common/audio_common_msgs) by extension 'ros'
[0.231s] DEBUG:colcon.colcon_core.package_identification:Package 'audio_common/audio_common_msgs' with type 'ros.ament_cmake' and name 'audio_common_msgs'
[0.231s] Level 1:colcon.colcon_core.package_identification:_identify(audio_common/audio_play) by extensions ['ignore', 'ignore_ament_install']
[0.231s] Level 1:colcon.colcon_core.package_identification:_identify(audio_common/audio_play) by extension 'ignore'
[0.231s] Level 1:colcon.colcon_core.package_identification:_identify(audio_common/audio_play) by extension 'ignore_ament_install'
[0.232s] Level 1:colcon.colcon_core.package_identification:_identify(audio_common/audio_play) by extensions ['colcon_pkg']
[0.232s] Level 1:colcon.colcon_core.package_identification:_identify(audio_common/audio_play) by extension 'colcon_pkg'
[0.232s] Level 1:colcon.colcon_core.package_identification:_identify(audio_common/audio_play) by extensions ['colcon_meta']
[0.232s] Level 1:colcon.colcon_core.package_identification:_identify(audio_common/audio_play) by extension 'colcon_meta'
[0.232s] Level 1:colcon.colcon_core.package_identification:_identify(audio_common/audio_play) by extensions ['ros']
[0.232s] Level 1:colcon.colcon_core.package_identification:_identify(audio_common/audio_play) by extension 'ros'
[0.232s] DEBUG:colcon.colcon_core.package_identification:Package 'audio_common/audio_play' with type 'ros.ament_cmake' and name 'audio_play'
[0.232s] Level 1:colcon.colcon_core.package_identification:_identify(audio_common/sound_play) by extensions ['ignore', 'ignore_ament_install']
[0.233s] Level 1:colcon.colcon_core.package_identification:_identify(audio_common/sound_play) by extension 'ignore'
[0.233s] Level 1:colcon.colcon_core.package_identification:_identify(audio_common/sound_play) by extension 'ignore_ament_install'
[0.233s] Level 1:colcon.colcon_core.package_identification:_identify(audio_common/sound_play) by extensions ['colcon_pkg']
[0.233s] Level 1:colcon.colcon_core.package_identification:_identify(audio_common/sound_play) by extension 'colcon_pkg'
[0.233s] Level 1:colcon.colcon_core.package_identification:_identify(audio_common/sound_play) by extensions ['colcon_meta']
[0.233s] Level 1:colcon.colcon_core.package_identification:_identify(audio_common/sound_play) by extension 'colcon_meta'
[0.233s] Level 1:colcon.colcon_core.package_identification:_identify(audio_common/sound_play) by extensions ['ros']
[0.233s] Level 1:colcon.colcon_core.package_identification:_identify(audio_common/sound_play) by extension 'ros'
[0.234s] DEBUG:colcon.colcon_core.package_identification:Package 'audio_common/sound_play' with type 'ros.ament_cmake' and name 'sound_play'
[0.234s] Level 1:colcon.colcon_core.package_identification:_identify(build) by extensions ['ignore', 'ignore_ament_install']
[0.234s] Level 1:colcon.colcon_core.package_identification:_identify(build) by extension 'ignore'
[0.234s] Level 1:colcon.colcon_core.package_identification:_identify(build) ignored
[0.234s] Level 1:colcon.colcon_core.package_identification:_identify(install) by extensions ['ignore', 'ignore_ament_install']
[0.234s] Level 1:colcon.colcon_core.package_identification:_identify(install) by extension 'ignore'
[0.234s] Level 1:colcon.colcon_core.package_identification:_identify(install) ignored
[0.234s] Level 1:colcon.colcon_core.package_identification:_identify(kopikia_gui) by extensions ['ignore', 'ignore_ament_install']
[0.234s] Level 1:colcon.colcon_core.package_identification:_identify(kopikia_gui) by extension 'ignore'
[0.234s] Level 1:colcon.colcon_core.package_identification:_identify(kopikia_gui) by extension 'ignore_ament_install'
[0.235s] Level 1:colcon.colcon_core.package_identification:_identify(kopikia_gui) by extensions ['colcon_pkg']
[0.235s] Level 1:colcon.colcon_core.package_identification:_identify(kopikia_gui) by extension 'colcon_pkg'
[0.235s] Level 1:colcon.colcon_core.package_identification:_identify(kopikia_gui) by extensions ['colcon_meta']
[0.235s] Level 1:colcon.colcon_core.package_identification:_identify(kopikia_gui) by extension 'colcon_meta'
[0.235s] Level 1:colcon.colcon_core.package_identification:_identify(kopikia_gui) by extensions ['ros']
[0.235s] Level 1:colcon.colcon_core.package_identification:_identify(kopikia_gui) by extension 'ros'
[0.235s] Level 1:colcon.colcon_core.package_identification:_identify(kopikia_gui) by extensions ['cmake', 'python']
[0.235s] Level 1:colcon.colcon_core.package_identification:_identify(kopikia_gui) by extension 'cmake'
[0.235s] Level 1:colcon.colcon_core.package_identification:_identify(kopikia_gui) by extension 'python'
[0.235s] Level 1:colcon.colcon_core.package_identification:_identify(kopikia_gui) by extensions ['python_setup_py']
[0.235s] Level 1:colcon.colcon_core.package_identification:_identify(kopikia_gui) by extension 'python_setup_py'
[0.235s] Level 1:colcon.colcon_core.package_identification:_identify(log) by extensions ['ignore', 'ignore_ament_install']
[0.235s] Level 1:colcon.colcon_core.package_identification:_identify(log) by extension 'ignore'
[0.235s] Level 1:colcon.colcon_core.package_identification:_identify(log) ignored
[0.235s] Level 1:colcon.colcon_core.package_identification:_identify(piper_ros) by extensions ['ignore', 'ignore_ament_install']
[0.235s] Level 1:colcon.colcon_core.package_identification:_identify(piper_ros) by extension 'ignore'
[0.235s] Level 1:colcon.colcon_core.package_identification:_identify(piper_ros) by extension 'ignore_ament_install'
[0.235s] Level 1:colcon.colcon_core.package_identification:_identify(piper_ros) by extensions ['colcon_pkg']
[0.235s] Level 1:colcon.colcon_core.package_identification:_identify(piper_ros) by extension 'colcon_pkg'
[0.235s] Level 1:colcon.colcon_core.package_identification:_identify(piper_ros) by extensions ['colcon_meta']
[0.235s] Level 1:colcon.colcon_core.package_identification:_identify(piper_ros) by extension 'colcon_meta'
[0.235s] Level 1:colcon.colcon_core.package_identification:_identify(piper_ros) by extensions ['ros']
[0.235s] Level 1:colcon.colcon_core.package_identification:_identify(piper_ros) by extension 'ros'
[0.236s] Level 1:colcon.colcon_core.package_identification:_identify(piper_ros) by extensions ['cmake', 'python']
[0.236s] Level 1:colcon.colcon_core.package_identification:_identify(piper_ros) by extension 'cmake'
[0.236s] Level 1:colcon.colcon_core.package_identification:_identify(piper_ros) by extension 'python'
[0.236s] Level 1:colcon.colcon_core.package_identification:_identify(piper_ros) by extensions ['python_setup_py']
[0.236s] Level 1:colcon.colcon_core.package_identification:_identify(piper_ros) by extension 'python_setup_py'
[0.236s] Level 1:colcon.colcon_core.package_identification:_identify(piper_ros/piper_bringup) by extensions ['ignore', 'ignore_ament_install']
[0.236s] Level 1:colcon.colcon_core.package_identification:_identify(piper_ros/piper_bringup) by extension 'ignore'
[0.236s] Level 1:colcon.colcon_core.package_identification:_identify(piper_ros/piper_bringup) by extension 'ignore_ament_install'
[0.236s] Level 1:colcon.colcon_core.package_identification:_identify(piper_ros/piper_bringup) by extensions ['colcon_pkg']
[0.236s] Level 1:colcon.colcon_core.package_identification:_identify(piper_ros/piper_bringup) by extension 'colcon_pkg'
[0.236s] Level 1:colcon.colcon_core.package_identification:_identify(piper_ros/piper_bringup) by extensions ['colcon_meta']
[0.236s] Level 1:colcon.colcon_core.package_identification:_identify(piper_ros/piper_bringup) by extension 'colcon_meta'
[0.236s] Level 1:colcon.colcon_core.package_identification:_identify(piper_ros/piper_bringup) by extensions ['ros']
[0.236s] Level 1:colcon.colcon_core.package_identification:_identify(piper_ros/piper_bringup) by extension 'ros'
[0.237s] DEBUG:colcon.colcon_core.package_identification:Package 'piper_ros/piper_bringup' with type 'ros.ament_cmake' and name 'piper_bringup'
[0.237s] Level 1:colcon.colcon_core.package_identification:_identify(piper_ros/piper_hfhub_vendor) by extensions ['ignore', 'ignore_ament_install']
[0.237s] Level 1:colcon.colcon_core.package_identification:_identify(piper_ros/piper_hfhub_vendor) by extension 'ignore'
[0.237s] Level 1:colcon.colcon_core.package_identification:_identify(piper_ros/piper_hfhub_vendor) by extension 'ignore_ament_install'
[0.237s] Level 1:colcon.colcon_core.package_identification:_identify(piper_ros/piper_hfhub_vendor) by extensions ['colcon_pkg']
[0.238s] Level 1:colcon.colcon_core.package_identification:_identify(piper_ros/piper_hfhub_vendor) by extension 'colcon_pkg'
[0.238s] Level 1:colcon.colcon_core.package_identification:_identify(piper_ros/piper_hfhub_vendor) by extensions ['colcon_meta']
[0.238s] Level 1:colcon.colcon_core.package_identification:_identify(piper_ros/piper_hfhub_vendor) by extension 'colcon_meta'
[0.238s] Level 1:colcon.colcon_core.package_identification:_identify(piper_ros/piper_hfhub_vendor) by extensions ['ros']
[0.238s] Level 1:colcon.colcon_core.package_identification:_identify(piper_ros/piper_hfhub_vendor) by extension 'ros'
[0.238s] DEBUG:colcon.colcon_core.package_identification:Package 'piper_ros/piper_hfhub_vendor' with type 'ros.ament_cmake' and name 'piper_hfhub_vendor'
[0.238s] Level 1:colcon.colcon_core.package_identification:_identify(piper_ros/piper_ros) by extensions ['ignore', 'ignore_ament_install']
[0.238s] Level 1:colcon.colcon_core.package_identification:_identify(piper_ros/piper_ros) by extension 'ignore'
[0.238s] Level 1:colcon.colcon_core.package_identification:_identify(piper_ros/piper_ros) by extension 'ignore_ament_install'
[0.239s] Level 1:colcon.colcon_core.package_identification:_identify(piper_ros/piper_ros) by extensions ['colcon_pkg']
[0.239s] Level 1:colcon.colcon_core.package_identification:_identify(piper_ros/piper_ros) by extension 'colcon_pkg'
[0.239s] Level 1:colcon.colcon_core.package_identification:_identify(piper_ros/piper_ros) by extensions ['colcon_meta']
[0.239s] Level 1:colcon.colcon_core.package_identification:_identify(piper_ros/piper_ros) by extension 'colcon_meta'
[0.239s] Level 1:colcon.colcon_core.package_identification:_identify(piper_ros/piper_ros) by extensions ['ros']
[0.239s] Level 1:colcon.colcon_core.package_identification:_identify(piper_ros/piper_ros) by extension 'ros'
[0.239s] DEBUG:colcon.colcon_core.package_identification:Package 'piper_ros/piper_ros' with type 'ros.ament_cmake' and name 'piper_ros'
[0.240s] Level 1:colcon.colcon_core.package_identification:_identify(piper_ros/piper_vendor) by extensions ['ignore', 'ignore_ament_install']
[0.240s] Level 1:colcon.colcon_core.package_identification:_identify(piper_ros/piper_vendor) by extension 'ignore'
[0.240s] Level 1:colcon.colcon_core.package_identification:_identify(piper_ros/piper_vendor) by extension 'ignore_ament_install'
[0.240s] Level 1:colcon.colcon_core.package_identification:_identify(piper_ros/piper_vendor) by extensions ['colcon_pkg']
[0.240s] Level 1:colcon.colcon_core.package_identification:_identify(piper_ros/piper_vendor) by extension 'colcon_pkg'
[0.240s] Level 1:colcon.colcon_core.package_identification:_identify(piper_ros/piper_vendor) by extensions ['colcon_meta']
[0.240s] Level 1:colcon.colcon_core.package_identification:_identify(piper_ros/piper_vendor) by extension 'colcon_meta'
[0.240s] Level 1:colcon.colcon_core.package_identification:_identify(piper_ros/piper_vendor) by extensions ['ros']
[0.240s] Level 1:colcon.colcon_core.package_identification:_identify(piper_ros/piper_vendor) by extension 'ros'
[0.240s] DEBUG:colcon.colcon_core.package_identification:Package 'piper_ros/piper_vendor' with type 'ros.ament_cmake' and name 'piper_vendor'
[0.241s] Level 1:colcon.colcon_core.package_identification:_identify(xarm_pyhton_sdk) by extensions ['ignore', 'ignore_ament_install']
[0.241s] Level 1:colcon.colcon_core.package_identification:_identify(xarm_pyhton_sdk) by extension 'ignore'
[0.241s] Level 1:colcon.colcon_core.package_identification:_identify(xarm_pyhton_sdk) by extension 'ignore_ament_install'
[0.241s] Level 1:colcon.colcon_core.package_identification:_identify(xarm_pyhton_sdk) by extensions ['colcon_pkg']
[0.241s] Level 1:colcon.colcon_core.package_identification:_identify(xarm_pyhton_sdk) by extension 'colcon_pkg'
[0.241s] Level 1:colcon.colcon_core.package_identification:_identify(xarm_pyhton_sdk) by extensions ['colcon_meta']
[0.241s] Level 1:colcon.colcon_core.package_identification:_identify(xarm_pyhton_sdk) by extension 'colcon_meta'
[0.241s] Level 1:colcon.colcon_core.package_identification:_identify(xarm_pyhton_sdk) by extensions ['ros']
[0.241s] Level 1:colcon.colcon_core.package_identification:_identify(xarm_pyhton_sdk) by extension 'ros'
[0.241s] DEBUG:colcon.colcon_core.package_identification:Package 'xarm_pyhton_sdk' with type 'ros.ament_python' and name 'kopikia_bot'
[0.241s] Level 1:colcon.colcon_core.package_identification:_identify(xarm_ros2) by extensions ['ignore', 'ignore_ament_install']
[0.242s] Level 1:colcon.colcon_core.package_identification:_identify(xarm_ros2) by extension 'ignore'
[0.242s] Level 1:colcon.colcon_core.package_identification:_identify(xarm_ros2) by extension 'ignore_ament_install'
[0.242s] Level 1:colcon.colcon_core.package_identification:_identify(xarm_ros2) by extensions ['colcon_pkg']
[0.242s] Level 1:colcon.colcon_core.package_identification:_identify(xarm_ros2) by extension 'colcon_pkg'
[0.242s] Level 1:colcon.colcon_core.package_identification:_identify(xarm_ros2) by extensions ['colcon_meta']
[0.242s] Level 1:colcon.colcon_core.package_identification:_identify(xarm_ros2) by extension 'colcon_meta'
[0.242s] Level 1:colcon.colcon_core.package_identification:_identify(xarm_ros2) by extensions ['ros']
[0.242s] Level 1:colcon.colcon_core.package_identification:_identify(xarm_ros2) by extension 'ros'
[0.242s] Level 1:colcon.colcon_core.package_identification:_identify(xarm_ros2) by extensions ['cmake', 'python']
[0.242s] Level 1:colcon.colcon_core.package_identification:_identify(xarm_ros2) by extension 'cmake'
[0.242s] Level 1:colcon.colcon_core.package_identification:_identify(xarm_ros2) by extension 'python'
[0.242s] Level 1:colcon.colcon_core.package_identification:_identify(xarm_ros2) by extensions ['python_setup_py']
[0.242s] Level 1:colcon.colcon_core.package_identification:_identify(xarm_ros2) by extension 'python_setup_py'
[0.242s] Level 1:colcon.colcon_core.package_identification:_identify(xarm_ros2/demo) by extensions ['ignore', 'ignore_ament_install']
[0.242s] Level 1:colcon.colcon_core.package_identification:_identify(xarm_ros2/demo) by extension 'ignore'
[0.242s] Level 1:colcon.colcon_core.package_identification:_identify(xarm_ros2/demo) by extension 'ignore_ament_install'
[0.242s] Level 1:colcon.colcon_core.package_identification:_identify(xarm_ros2/demo) by extensions ['colcon_pkg']
[0.242s] Level 1:colcon.colcon_core.package_identification:_identify(xarm_ros2/demo) by extension 'colcon_pkg'
[0.242s] Level 1:colcon.colcon_core.package_identification:_identify(xarm_ros2/demo) by extensions ['colcon_meta']
[0.242s] Level 1:colcon.colcon_core.package_identification:_identify(xarm_ros2/demo) by extension 'colcon_meta'
[0.242s] Level 1:colcon.colcon_core.package_identification:_identify(xarm_ros2/demo) by extensions ['ros']
[0.242s] Level 1:colcon.colcon_core.package_identification:_identify(xarm_ros2/demo) by extension 'ros'
[0.242s] Level 1:colcon.colcon_core.package_identification:_identify(xarm_ros2/demo) by extensions ['cmake', 'python']
[0.242s] Level 1:colcon.colcon_core.package_identification:_identify(xarm_ros2/demo) by extension 'cmake'
[0.243s] Level 1:colcon.colcon_core.package_identification:_identify(xarm_ros2/demo) by extension 'python'
[0.243s] Level 1:colcon.colcon_core.package_identification:_identify(xarm_ros2/demo) by extensions ['python_setup_py']
[0.243s] Level 1:colcon.colcon_core.package_identification:_identify(xarm_ros2/demo) by extension 'python_setup_py'
[0.243s] Level 1:colcon.colcon_core.package_identification:_identify(xarm_ros2/demo/mbot_demo) by extensions ['ignore', 'ignore_ament_install']
[0.243s] Level 1:colcon.colcon_core.package_identification:_identify(xarm_ros2/demo/mbot_demo) by extension 'ignore'
[0.243s] Level 1:colcon.colcon_core.package_identification:_identify(xarm_ros2/demo/mbot_demo) by extension 'ignore_ament_install'
[0.243s] Level 1:colcon.colcon_core.package_identification:_identify(xarm_ros2/demo/mbot_demo) by extensions ['colcon_pkg']
[0.243s] Level 1:colcon.colcon_core.package_identification:_identify(xarm_ros2/demo/mbot_demo) by extension 'colcon_pkg'
[0.243s] Level 1:colcon.colcon_core.package_identification:_identify(xarm_ros2/demo/mbot_demo) by extensions ['colcon_meta']
[0.243s] Level 1:colcon.colcon_core.package_identification:_identify(xarm_ros2/demo/mbot_demo) by extension 'colcon_meta'
[0.243s] Level 1:colcon.colcon_core.package_identification:_identify(xarm_ros2/demo/mbot_demo) by extensions ['ros']
[0.243s] Level 1:colcon.colcon_core.package_identification:_identify(xarm_ros2/demo/mbot_demo) by extension 'ros'
[0.245s] DEBUG:colcon.colcon_core.package_identification:Package 'xarm_ros2/demo/mbot_demo' with type 'ros.ament_cmake' and name 'mbot_demo'
[0.245s] Level 1:colcon.colcon_core.package_identification:_identify(xarm_ros2/thirdparty) by extensions ['ignore', 'ignore_ament_install']
[0.245s] Level 1:colcon.colcon_core.package_identification:_identify(xarm_ros2/thirdparty) by extension 'ignore'
[0.246s] Level 1:colcon.colcon_core.package_identification:_identify(xarm_ros2/thirdparty) by extension 'ignore_ament_install'
[0.246s] Level 1:colcon.colcon_core.package_identification:_identify(xarm_ros2/thirdparty) by extensions ['colcon_pkg']
[0.246s] Level 1:colcon.colcon_core.package_identification:_identify(xarm_ros2/thirdparty) by extension 'colcon_pkg'
[0.246s] Level 1:colcon.colcon_core.package_identification:_identify(xarm_ros2/thirdparty) by extensions ['colcon_meta']
[0.246s] Level 1:colcon.colcon_core.package_identification:_identify(xarm_ros2/thirdparty) by extension 'colcon_meta'
[0.246s] Level 1:colcon.colcon_core.package_identification:_identify(xarm_ros2/thirdparty) by extensions ['ros']
[0.246s] Level 1:colcon.colcon_core.package_identification:_identify(xarm_ros2/thirdparty) by extension 'ros'
[0.246s] Level 1:colcon.colcon_core.package_identification:_identify(xarm_ros2/thirdparty) by extensions ['cmake', 'python']
[0.246s] Level 1:colcon.colcon_core.package_identification:_identify(xarm_ros2/thirdparty) by extension 'cmake'
[0.246s] Level 1:colcon.colcon_core.package_identification:_identify(xarm_ros2/thirdparty) by extension 'python'
[0.246s] Level 1:colcon.colcon_core.package_identification:_identify(xarm_ros2/thirdparty) by extensions ['python_setup_py']
[0.246s] Level 1:colcon.colcon_core.package_identification:_identify(xarm_ros2/thirdparty) by extension 'python_setup_py'
[0.246s] Level 1:colcon.colcon_core.package_identification:_identify(xarm_ros2/thirdparty/realsense_gazebo_plugin) by extensions ['ignore', 'ignore_ament_install']
[0.246s] Level 1:colcon.colcon_core.package_identification:_identify(xarm_ros2/thirdparty/realsense_gazebo_plugin) by extension 'ignore'
[0.246s] Level 1:colcon.colcon_core.package_identification:_identify(xarm_ros2/thirdparty/realsense_gazebo_plugin) by extension 'ignore_ament_install'
[0.246s] Level 1:colcon.colcon_core.package_identification:_identify(xarm_ros2/thirdparty/realsense_gazebo_plugin) by extensions ['colcon_pkg']
[0.246s] Level 1:colcon.colcon_core.package_identification:_identify(xarm_ros2/thirdparty/realsense_gazebo_plugin) by extension 'colcon_pkg'
[0.246s] Level 1:colcon.colcon_core.package_identification:_identify(xarm_ros2/thirdparty/realsense_gazebo_plugin) by extensions ['colcon_meta']
[0.246s] Level 1:colcon.colcon_core.package_identification:_identify(xarm_ros2/thirdparty/realsense_gazebo_plugin) by extension 'colcon_meta'
[0.246s] Level 1:colcon.colcon_core.package_identification:_identify(xarm_ros2/thirdparty/realsense_gazebo_plugin) by extensions ['ros']
[0.246s] Level 1:colcon.colcon_core.package_identification:_identify(xarm_ros2/thirdparty/realsense_gazebo_plugin) by extension 'ros'
[0.247s] DEBUG:colcon.colcon_core.package_identification:Package 'xarm_ros2/thirdparty/realsense_gazebo_plugin' with type 'ros.ament_cmake' and name 'realsense_gazebo_plugin'
[0.247s] Level 1:colcon.colcon_core.package_identification:_identify(xarm_ros2/uf_ros_lib) by extensions ['ignore', 'ignore_ament_install']
[0.247s] Level 1:colcon.colcon_core.package_identification:_identify(xarm_ros2/uf_ros_lib) by extension 'ignore'
[0.248s] Level 1:colcon.colcon_core.package_identification:_identify(xarm_ros2/uf_ros_lib) by extension 'ignore_ament_install'
[0.248s] Level 1:colcon.colcon_core.package_identification:_identify(xarm_ros2/uf_ros_lib) by extensions ['colcon_pkg']
[0.248s] Level 1:colcon.colcon_core.package_identification:_identify(xarm_ros2/uf_ros_lib) by extension 'colcon_pkg'
[0.248s] Level 1:colcon.colcon_core.package_identification:_identify(xarm_ros2/uf_ros_lib) by extensions ['colcon_meta']
[0.248s] Level 1:colcon.colcon_core.package_identification:_identify(xarm_ros2/uf_ros_lib) by extension 'colcon_meta'
[0.248s] Level 1:colcon.colcon_core.package_identification:_identify(xarm_ros2/uf_ros_lib) by extensions ['ros']
[0.248s] Level 1:colcon.colcon_core.package_identification:_identify(xarm_ros2/uf_ros_lib) by extension 'ros'
[0.248s] DEBUG:colcon.colcon_core.package_identification:Package 'xarm_ros2/uf_ros_lib' with type 'ros.ament_python' and name 'uf_ros_lib'
[0.248s] Level 1:colcon.colcon_core.package_identification:_identify(xarm_ros2/xarm_api) by extensions ['ignore', 'ignore_ament_install']
[0.248s] Level 1:colcon.colcon_core.package_identification:_identify(xarm_ros2/xarm_api) by extension 'ignore'
[0.248s] Level 1:colcon.colcon_core.package_identification:_identify(xarm_ros2/xarm_api) by extension 'ignore_ament_install'
[0.249s] Level 1:colcon.colcon_core.package_identification:_identify(xarm_ros2/xarm_api) by extensions ['colcon_pkg']
[0.249s] Level 1:colcon.colcon_core.package_identification:_identify(xarm_ros2/xarm_api) by extension 'colcon_pkg'
[0.249s] Level 1:colcon.colcon_core.package_identification:_identify(xarm_ros2/xarm_api) by extensions ['colcon_meta']
[0.249s] Level 1:colcon.colcon_core.package_identification:_identify(xarm_ros2/xarm_api) by extension 'colcon_meta'
[0.249s] Level 1:colcon.colcon_core.package_identification:_identify(xarm_ros2/xarm_api) by extensions ['ros']
[0.249s] Level 1:colcon.colcon_core.package_identification:_identify(xarm_ros2/xarm_api) by extension 'ros'
[0.250s] DEBUG:colcon.colcon_core.package_identification:Package 'xarm_ros2/xarm_api' with type 'ros.ament_cmake' and name 'xarm_api'
[0.250s] Level 1:colcon.colcon_core.package_identification:_identify(xarm_ros2/xarm_controller) by extensions ['ignore', 'ignore_ament_install']
[0.250s] Level 1:colcon.colcon_core.package_identification:_identify(xarm_ros2/xarm_controller) by extension 'ignore'
[0.250s] Level 1:colcon.colcon_core.package_identification:_identify(xarm_ros2/xarm_controller) by extension 'ignore_ament_install'
[0.250s] Level 1:colcon.colcon_core.package_identification:_identify(xarm_ros2/xarm_controller) by extensions ['colcon_pkg']
[0.250s] Level 1:colcon.colcon_core.package_identification:_identify(xarm_ros2/xarm_controller) by extension 'colcon_pkg'
[0.250s] Level 1:colcon.colcon_core.package_identification:_identify(xarm_ros2/xarm_controller) by extensions ['colcon_meta']
[0.250s] Level 1:colcon.colcon_core.package_identification:_identify(xarm_ros2/xarm_controller) by extension 'colcon_meta'
[0.250s] Level 1:colcon.colcon_core.package_identification:_identify(xarm_ros2/xarm_controller) by extensions ['ros']
[0.250s] Level 1:colcon.colcon_core.package_identification:_identify(xarm_ros2/xarm_controller) by extension 'ros'
[0.260s] DEBUG:colcon.colcon_core.package_identification:Package 'xarm_ros2/xarm_controller' with type 'ros.ament_cmake' and name 'xarm_controller'
[0.260s] Level 1:colcon.colcon_core.package_identification:_identify(xarm_ros2/xarm_description) by extensions ['ignore', 'ignore_ament_install']
[0.260s] Level 1:colcon.colcon_core.package_identification:_identify(xarm_ros2/xarm_description) by extension 'ignore'
[0.260s] Level 1:colcon.colcon_core.package_identification:_identify(xarm_ros2/xarm_description) by extension 'ignore_ament_install'
[0.260s] Level 1:colcon.colcon_core.package_identification:_identify(xarm_ros2/xarm_description) by extensions ['colcon_pkg']
[0.261s] Level 1:colcon.colcon_core.package_identification:_identify(xarm_ros2/xarm_description) by extension 'colcon_pkg'
[0.261s] Level 1:colcon.colcon_core.package_identification:_identify(xarm_ros2/xarm_description) by extensions ['colcon_meta']
[0.261s] Level 1:colcon.colcon_core.package_identification:_identify(xarm_ros2/xarm_description) by extension 'colcon_meta'
[0.261s] Level 1:colcon.colcon_core.package_identification:_identify(xarm_ros2/xarm_description) by extensions ['ros']
[0.261s] Level 1:colcon.colcon_core.package_identification:_identify(xarm_ros2/xarm_description) by extension 'ros'
[0.261s] DEBUG:colcon.colcon_core.package_identification:Package 'xarm_ros2/xarm_description' with type 'ros.ament_cmake' and name 'xarm_description'
[0.261s] Level 1:colcon.colcon_core.package_identification:_identify(xarm_ros2/xarm_gazebo) by extensions ['ignore', 'ignore_ament_install']
[0.261s] Level 1:colcon.colcon_core.package_identification:_identify(xarm_ros2/xarm_gazebo) by extension 'ignore'
[0.261s] Level 1:colcon.colcon_core.package_identification:_identify(xarm_ros2/xarm_gazebo) by extension 'ignore_ament_install'
[0.261s] Level 1:colcon.colcon_core.package_identification:_identify(xarm_ros2/xarm_gazebo) by extensions ['colcon_pkg']
[0.262s] Level 1:colcon.colcon_core.package_identification:_identify(xarm_ros2/xarm_gazebo) by extension 'colcon_pkg'
[0.262s] Level 1:colcon.colcon_core.package_identification:_identify(xarm_ros2/xarm_gazebo) by extensions ['colcon_meta']
[0.262s] Level 1:colcon.colcon_core.package_identification:_identify(xarm_ros2/xarm_gazebo) by extension 'colcon_meta'
[0.262s] Level 1:colcon.colcon_core.package_identification:_identify(xarm_ros2/xarm_gazebo) by extensions ['ros']
[0.262s] Level 1:colcon.colcon_core.package_identification:_identify(xarm_ros2/xarm_gazebo) by extension 'ros'
[0.262s] DEBUG:colcon.colcon_core.package_identification:Package 'xarm_ros2/xarm_gazebo' with type 'ros.ament_cmake' and name 'xarm_gazebo'
[0.262s] Level 1:colcon.colcon_core.package_identification:_identify(xarm_ros2/xarm_moveit_config) by extensions ['ignore', 'ignore_ament_install']
[0.263s] Level 1:colcon.colcon_core.package_identification:_identify(xarm_ros2/xarm_moveit_config) by extension 'ignore'
[0.263s] Level 1:colcon.colcon_core.package_identification:_identify(xarm_ros2/xarm_moveit_config) by extension 'ignore_ament_install'
[0.263s] Level 1:colcon.colcon_core.package_identification:_identify(xarm_ros2/xarm_moveit_config) by extensions ['colcon_pkg']
[0.263s] Level 1:colcon.colcon_core.package_identification:_identify(xarm_ros2/xarm_moveit_config) by extension 'colcon_pkg'
[0.263s] Level 1:colcon.colcon_core.package_identification:_identify(xarm_ros2/xarm_moveit_config) by extensions ['colcon_meta']
[0.263s] Level 1:colcon.colcon_core.package_identification:_identify(xarm_ros2/xarm_moveit_config) by extension 'colcon_meta'
[0.263s] Level 1:colcon.colcon_core.package_identification:_identify(xarm_ros2/xarm_moveit_config) by extensions ['ros']
[0.263s] Level 1:colcon.colcon_core.package_identification:_identify(xarm_ros2/xarm_moveit_config) by extension 'ros'
[0.264s] DEBUG:colcon.colcon_core.package_identification:Package 'xarm_ros2/xarm_moveit_config' with type 'ros.ament_cmake' and name 'xarm_moveit_config'
[0.264s] Level 1:colcon.colcon_core.package_identification:_identify(xarm_ros2/xarm_moveit_servo) by extensions ['ignore', 'ignore_ament_install']
[0.264s] Level 1:colcon.colcon_core.package_identification:_identify(xarm_ros2/xarm_moveit_servo) by extension 'ignore'
[0.264s] Level 1:colcon.colcon_core.package_identification:_identify(xarm_ros2/xarm_moveit_servo) by extension 'ignore_ament_install'
[0.264s] Level 1:colcon.colcon_core.package_identification:_identify(xarm_ros2/xarm_moveit_servo) by extensions ['colcon_pkg']
[0.264s] Level 1:colcon.colcon_core.package_identification:_identify(xarm_ros2/xarm_moveit_servo) by extension 'colcon_pkg'
[0.264s] Level 1:colcon.colcon_core.package_identification:_identify(xarm_ros2/xarm_moveit_servo) by extensions ['colcon_meta']
[0.264s] Level 1:colcon.colcon_core.package_identification:_identify(xarm_ros2/xarm_moveit_servo) by extension 'colcon_meta'
[0.264s] Level 1:colcon.colcon_core.package_identification:_identify(xarm_ros2/xarm_moveit_servo) by extensions ['ros']
[0.264s] Level 1:colcon.colcon_core.package_identification:_identify(xarm_ros2/xarm_moveit_servo) by extension 'ros'
[0.265s] DEBUG:colcon.colcon_core.package_identification:Package 'xarm_ros2/xarm_moveit_servo' with type 'ros.ament_cmake' and name 'xarm_moveit_servo'
[0.265s] Level 1:colcon.colcon_core.package_identification:_identify(xarm_ros2/xarm_msgs) by extensions ['ignore', 'ignore_ament_install']
[0.265s] Level 1:colcon.colcon_core.package_identification:_identify(xarm_ros2/xarm_msgs) by extension 'ignore'
[0.265s] Level 1:colcon.colcon_core.package_identification:_identify(xarm_ros2/xarm_msgs) by extension 'ignore_ament_install'
[0.265s] Level 1:colcon.colcon_core.package_identification:_identify(xarm_ros2/xarm_msgs) by extensions ['colcon_pkg']
[0.265s] Level 1:colcon.colcon_core.package_identification:_identify(xarm_ros2/xarm_msgs) by extension 'colcon_pkg'
[0.265s] Level 1:colcon.colcon_core.package_identification:_identify(xarm_ros2/xarm_msgs) by extensions ['colcon_meta']
[0.265s] Level 1:colcon.colcon_core.package_identification:_identify(xarm_ros2/xarm_msgs) by extension 'colcon_meta'
[0.265s] Level 1:colcon.colcon_core.package_identification:_identify(xarm_ros2/xarm_msgs) by extensions ['ros']
[0.265s] Level 1:colcon.colcon_core.package_identification:_identify(xarm_ros2/xarm_msgs) by extension 'ros'
[0.266s] DEBUG:colcon.colcon_core.package_identification:Package 'xarm_ros2/xarm_msgs' with type 'ros.ament_cmake' and name 'xarm_msgs'
[0.266s] Level 1:colcon.colcon_core.package_identification:_identify(xarm_ros2/xarm_planner) by extensions ['ignore', 'ignore_ament_install']
[0.266s] Level 1:colcon.colcon_core.package_identification:_identify(xarm_ros2/xarm_planner) by extension 'ignore'
[0.266s] Level 1:colcon.colcon_core.package_identification:_identify(xarm_ros2/xarm_planner) by extension 'ignore_ament_install'
[0.266s] Level 1:colcon.colcon_core.package_identification:_identify(xarm_ros2/xarm_planner) by extensions ['colcon_pkg']
[0.266s] Level 1:colcon.colcon_core.package_identification:_identify(xarm_ros2/xarm_planner) by extension 'colcon_pkg'
[0.266s] Level 1:colcon.colcon_core.package_identification:_identify(xarm_ros2/xarm_planner) by extensions ['colcon_meta']
[0.266s] Level 1:colcon.colcon_core.package_identification:_identify(xarm_ros2/xarm_planner) by extension 'colcon_meta'
[0.266s] Level 1:colcon.colcon_core.package_identification:_identify(xarm_ros2/xarm_planner) by extensions ['ros']
[0.266s] Level 1:colcon.colcon_core.package_identification:_identify(xarm_ros2/xarm_planner) by extension 'ros'
[0.267s] DEBUG:colcon.colcon_core.package_identification:Package 'xarm_ros2/xarm_planner' with type 'ros.ament_cmake' and name 'xarm_planner'
[0.267s] Level 1:colcon.colcon_core.package_identification:_identify(xarm_ros2/xarm_sdk) by extensions ['ignore', 'ignore_ament_install']
[0.267s] Level 1:colcon.colcon_core.package_identification:_identify(xarm_ros2/xarm_sdk) by extension 'ignore'
[0.267s] Level 1:colcon.colcon_core.package_identification:_identify(xarm_ros2/xarm_sdk) by extension 'ignore_ament_install'
[0.268s] Level 1:colcon.colcon_core.package_identification:_identify(xarm_ros2/xarm_sdk) by extensions ['colcon_pkg']
[0.268s] Level 1:colcon.colcon_core.package_identification:_identify(xarm_ros2/xarm_sdk) by extension 'colcon_pkg'
[0.268s] Level 1:colcon.colcon_core.package_identification:_identify(xarm_ros2/xarm_sdk) by extensions ['colcon_meta']
[0.268s] Level 1:colcon.colcon_core.package_identification:_identify(xarm_ros2/xarm_sdk) by extension 'colcon_meta'
[0.268s] Level 1:colcon.colcon_core.package_identification:_identify(xarm_ros2/xarm_sdk) by extensions ['ros']
[0.268s] Level 1:colcon.colcon_core.package_identification:_identify(xarm_ros2/xarm_sdk) by extension 'ros'
[0.268s] DEBUG:colcon.colcon_core.package_identification:Package 'xarm_ros2/xarm_sdk' with type 'ros.ament_cmake' and name 'xarm_sdk'
[0.268s] Level 1:colcon.colcon_core.package_identification:_identify(xarm_ros2/xarm_vision) by extensions ['ignore', 'ignore_ament_install']
[0.268s] Level 1:colcon.colcon_core.package_identification:_identify(xarm_ros2/xarm_vision) by extension 'ignore'
[0.268s] Level 1:colcon.colcon_core.package_identification:_identify(xarm_ros2/xarm_vision) by extension 'ignore_ament_install'
[0.268s] Level 1:colcon.colcon_core.package_identification:_identify(xarm_ros2/xarm_vision) by extensions ['colcon_pkg']
[0.268s] Level 1:colcon.colcon_core.package_identification:_identify(xarm_ros2/xarm_vision) by extension 'colcon_pkg'
[0.268s] Level 1:colcon.colcon_core.package_identification:_identify(xarm_ros2/xarm_vision) by extensions ['colcon_meta']
[0.268s] Level 1:colcon.colcon_core.package_identification:_identify(xarm_ros2/xarm_vision) by extension 'colcon_meta'
[0.268s] Level 1:colcon.colcon_core.package_identification:_identify(xarm_ros2/xarm_vision) by extensions ['ros']
[0.269s] Level 1:colcon.colcon_core.package_identification:_identify(xarm_ros2/xarm_vision) by extension 'ros'
[0.269s] Level 1:colcon.colcon_core.package_identification:_identify(xarm_ros2/xarm_vision) by extensions ['cmake', 'python']
[0.269s] Level 1:colcon.colcon_core.package_identification:_identify(xarm_ros2/xarm_vision) by extension 'cmake'
[0.269s] Level 1:colcon.colcon_core.package_identification:_identify(xarm_ros2/xarm_vision) by extension 'python'
[0.269s] Level 1:colcon.colcon_core.package_identification:_identify(xarm_ros2/xarm_vision) by extensions ['python_setup_py']
[0.269s] Level 1:colcon.colcon_core.package_identification:_identify(xarm_ros2/xarm_vision) by extension 'python_setup_py'
[0.269s] Level 1:colcon.colcon_core.package_identification:_identify(xarm_ros2/xarm_vision/d435i_xarm_setup) by extensions ['ignore', 'ignore_ament_install']
[0.269s] Level 1:colcon.colcon_core.package_identification:_identify(xarm_ros2/xarm_vision/d435i_xarm_setup) by extension 'ignore'
[0.269s] Level 1:colcon.colcon_core.package_identification:_identify(xarm_ros2/xarm_vision/d435i_xarm_setup) by extension 'ignore_ament_install'
[0.269s] Level 1:colcon.colcon_core.package_identification:_identify(xarm_ros2/xarm_vision/d435i_xarm_setup) by extensions ['colcon_pkg']
[0.269s] Level 1:colcon.colcon_core.package_identification:_identify(xarm_ros2/xarm_vision/d435i_xarm_setup) by extension 'colcon_pkg'
[0.269s] Level 1:colcon.colcon_core.package_identification:_identify(xarm_ros2/xarm_vision/d435i_xarm_setup) by extensions ['colcon_meta']
[0.269s] Level 1:colcon.colcon_core.package_identification:_identify(xarm_ros2/xarm_vision/d435i_xarm_setup) by extension 'colcon_meta'
[0.269s] Level 1:colcon.colcon_core.package_identification:_identify(xarm_ros2/xarm_vision/d435i_xarm_setup) by extensions ['ros']
[0.269s] Level 1:colcon.colcon_core.package_identification:_identify(xarm_ros2/xarm_vision/d435i_xarm_setup) by extension 'ros'
[0.270s] DEBUG:colcon.colcon_core.package_identification:Package 'xarm_ros2/xarm_vision/d435i_xarm_setup' with type 'ros.ament_cmake' and name 'd435i_xarm_setup'
[0.270s] Level 1:colcon.colcon_core.package_discovery:discover_packages(recursive) using defaults
[0.270s] Level 1:colcon.colcon_core.package_discovery:discover_packages(ignore) discover
[0.270s] Level 1:colcon.colcon_core.package_discovery:discover_packages(ignore) using defaults
[0.270s] Level 1:colcon.colcon_core.package_discovery:discover_packages(path) discover
[0.270s] Level 1:colcon.colcon_core.package_discovery:discover_packages(path) using defaults
[0.291s] INFO:colcon.colcon_core.package_selection:Skipping not selected package 'kopikia_bot' in 'xarm_pyhton_sdk'
[0.291s] INFO:colcon.colcon_core.package_selection:Skipping not selected package 'mbot_demo' in 'xarm_ros2/demo/mbot_demo'
[0.292s] INFO:colcon.colcon_core.package_selection:Skipping not selected package 'piper_hfhub_vendor' in 'piper_ros/piper_hfhub_vendor'
[0.292s] INFO:colcon.colcon_core.package_selection:Skipping not selected package 'piper_vendor' in 'piper_ros/piper_vendor'
[0.292s] INFO:colcon.colcon_core.package_selection:Skipping not selected package 'realsense_gazebo_plugin' in 'xarm_ros2/thirdparty/realsense_gazebo_plugin'
[0.292s] INFO:colcon.colcon_core.package_selection:Skipping not selected package 'uf_ros_lib' in 'xarm_ros2/uf_ros_lib'
[0.292s] INFO:colcon.colcon_core.package_selection:Skipping not selected package 'xarm_description' in 'xarm_ros2/xarm_description'
[0.292s] INFO:colcon.colcon_core.package_selection:Skipping not selected package 'xarm_msgs' in 'xarm_ros2/xarm_msgs'
[0.292s] INFO:colcon.colcon_core.package_selection:Skipping not selected package 'xarm_sdk' in 'xarm_ros2/xarm_sdk'
[0.292s] INFO:colcon.colcon_core.package_selection:Skipping not selected package 'audio_capture' in 'audio_common/audio_capture'
[0.292s] INFO:colcon.colcon_core.package_selection:Skipping not selected package 'audio_play' in 'audio_common/audio_play'
[0.292s] INFO:colcon.colcon_core.package_selection:Skipping not selected package 'piper_ros' in 'piper_ros/piper_ros'
[0.292s] INFO:colcon.colcon_core.package_selection:Skipping not selected package 'sound_play' in 'audio_common/sound_play'
[0.292s] INFO:colcon.colcon_core.package_selection:Skipping not selected package 'xarm_api' in 'xarm_ros2/xarm_api'
[0.292s] INFO:colcon.colcon_core.package_selection:Skipping not selected package 'audio_common' in 'audio_common/audio_common'
[0.292s] INFO:colcon.colcon_core.package_selection:Skipping not selected package 'd435i_xarm_setup' in 'xarm_ros2/xarm_vision/d435i_xarm_setup'
[0.292s] INFO:colcon.colcon_core.package_selection:Skipping not selected package 'xarm_controller' in 'xarm_ros2/xarm_controller'
[0.292s] INFO:colcon.colcon_core.package_selection:Skipping not selected package 'piper_bringup' in 'piper_ros/piper_bringup'
[0.292s] INFO:colcon.colcon_core.package_selection:Skipping not selected package 'xarm_gazebo' in 'xarm_ros2/xarm_gazebo'
[0.292s] INFO:colcon.colcon_core.package_selection:Skipping not selected package 'xarm_moveit_config' in 'xarm_ros2/xarm_moveit_config'
[0.292s] INFO:colcon.colcon_core.package_selection:Skipping not selected package 'xarm_moveit_servo' in 'xarm_ros2/xarm_moveit_servo'
[0.292s] INFO:colcon.colcon_core.package_selection:Skipping not selected package 'xarm_planner' in 'xarm_ros2/xarm_planner'
[0.292s] Level 1:colcon.colcon_core.package_discovery:discover_packages(prefix_path) check parameters
[0.292s] Level 1:colcon.colcon_core.package_discovery:discover_packages(prefix_path) discover
[0.294s] DEBUG:colcon.colcon_installed_package_information.package_discovery:Found 19 installed packages in /home/jetsonros2/MyProject/kopikia_ws/install
[0.294s] DEBUG:colcon.colcon_installed_package_information.package_discovery:Found 4 installed packages in /home/jetsonros2/MyProject/smartgardener_ws/install
[0.295s] DEBUG:colcon.colcon_installed_package_information.package_discovery:Found 387 installed packages in /opt/ros/humble
[0.296s] Level 1:colcon.colcon_core.package_discovery:discover_packages(prefix_path) using defaults
[0.327s] WARNING:colcon.colcon_core.package_selection:Some selected packages are already built in one or more underlay workspaces:
	'audio_common_msgs' is in: /home/jetsonros2/MyProject/kopikia_ws/install/audio_common_msgs
If a package in a merged underlay workspace is overridden and it installs headers, then all packages in the overlay must sort their include directories by workspace order. Failure to do so may result in build failures or undefined behavior at run time.
If the overridden package is used by another package in any underlay, then the overriding package in the overlay must be API and ABI compatible or undefined behavior at run time may occur.

If you understand the risks and want to override a package anyways, add the following to the command line:
	--allow-overriding audio_common_msgs

This may be promoted to an error in a future release of colcon-override-check.
[0.327s] Level 5:colcon.colcon_core.verb:set package 'audio_common_msgs' build argument 'cmake_args' from command line to 'None'
[0.327s] Level 5:colcon.colcon_core.verb:set package 'audio_common_msgs' build argument 'cmake_target' from command line to 'None'
[0.327s] Level 5:colcon.colcon_core.verb:set package 'audio_common_msgs' build argument 'cmake_target_skip_unavailable' from command line to 'False'
[0.328s] Level 5:colcon.colcon_core.verb:set package 'audio_common_msgs' build argument 'cmake_clean_cache' from command line to 'False'
[0.328s] Level 5:colcon.colcon_core.verb:set package 'audio_common_msgs' build argument 'cmake_clean_first' from command line to 'False'
[0.328s] Level 5:colcon.colcon_core.verb:set package 'audio_common_msgs' build argument 'cmake_force_configure' from command line to 'False'
[0.328s] Level 5:colcon.colcon_core.verb:set package 'audio_common_msgs' build argument 'ament_cmake_args' from command line to 'None'
[0.328s] Level 5:colcon.colcon_core.verb:set package 'audio_common_msgs' build argument 'catkin_cmake_args' from command line to 'None'
[0.328s] Level 5:colcon.colcon_core.verb:set package 'audio_common_msgs' build argument 'catkin_skip_building_tests' from command line to 'False'
[0.328s] DEBUG:colcon.colcon_core.verb:Building package 'audio_common_msgs' with the following arguments: {'ament_cmake_args': None, 'build_base': '/home/jetsonros2/MyProject/kopikia_ws/src/build/audio_common_msgs', 'catkin_cmake_args': None, 'catkin_skip_building_tests': False, 'cmake_args': None, 'cmake_clean_cache': False, 'cmake_clean_first': False, 'cmake_force_configure': False, 'cmake_target': None, 'cmake_target_skip_unavailable': False, 'install_base': '/home/jetsonros2/MyProject/kopikia_ws/src/install/audio_common_msgs', 'merge_install': False, 'path': '/home/jetsonros2/MyProject/kopikia_ws/src/audio_common/audio_common_msgs', 'symlink_install': False, 'test_result_base': None}
[0.328s] INFO:colcon.colcon_core.executor:Executing jobs using 'parallel' executor
[0.329s] DEBUG:colcon.colcon_parallel_executor.executor.parallel:run_until_complete
[0.329s] INFO:colcon.colcon_ros.task.ament_cmake.build:Building ROS package in '/home/jetsonros2/MyProject/kopikia_ws/src/audio_common/audio_common_msgs' with build type 'ament_cmake'
[0.329s] INFO:colcon.colcon_cmake.task.cmake.build:Building CMake package in '/home/jetsonros2/MyProject/kopikia_ws/src/audio_common/audio_common_msgs'
[0.332s] INFO:colcon.colcon_core.plugin_system:Skipping extension 'colcon_core.shell.bat': Not used on non-Windows systems
[0.333s] INFO:colcon.colcon_core.shell:Skip shell extension 'powershell' for command environment: Not usable outside of PowerShell
[0.333s] DEBUG:colcon.colcon_core.shell:Skip shell extension 'dsv' for command environment
[0.344s] DEBUG:colcon.colcon_core.event_handler.log_command:Invoking command in '/home/jetsonros2/MyProject/kopikia_ws/src/build/audio_common_msgs': CMAKE_PREFIX_PATH=${CMAKE_PREFIX_PATH}:/home/jetsonros2/MyProject/kopikia_ws/install/uf_ros_lib:/home/jetsonros2/MyProject/kopikia_ws/install/kopikia_bot:/opt/ros/humble /usr/bin/cmake /home/jetsonros2/MyProject/kopikia_ws/src/audio_common/audio_common_msgs -DCMAKE_INSTALL_PREFIX=/home/jetsonros2/MyProject/kopikia_ws/src/install/audio_common_msgs
[1.604s] DEBUG:colcon.colcon_core.event_handler.log_command:Invoked command in '/home/jetsonros2/MyProject/kopikia_ws/src/build/audio_common_msgs' returned '0': CMAKE_PREFIX_PATH=${CMAKE_PREFIX_PATH}:/home/jetsonros2/MyProject/kopikia_ws/install/uf_ros_lib:/home/jetsonros2/MyProject/kopikia_ws/install/kopikia_bot:/opt/ros/humble /usr/bin/cmake /home/jetsonros2/MyProject/kopikia_ws/src/audio_common/audio_common_msgs -DCMAKE_INSTALL_PREFIX=/home/jetsonros2/MyProject/kopikia_ws/src/install/audio_common_msgs
[1.605s] DEBUG:colcon.colcon_core.event_handler.log_command:Invoking command in '/home/jetsonros2/MyProject/kopikia_ws/src/build/audio_common_msgs': CMAKE_PREFIX_PATH=${CMAKE_PREFIX_PATH}:/home/jetsonros2/MyProject/kopikia_ws/install/uf_ros_lib:/home/jetsonros2/MyProject/kopikia_ws/install/kopikia_bot:/opt/ros/humble /usr/bin/cmake --build /home/jetsonros2/MyProject/kopikia_ws/src/build/audio_common_msgs -- -j20 -l20
[3.806s] DEBUG:colcon.colcon_core.event_handler.log_command:Invoked command in '/home/jetsonros2/MyProject/kopikia_ws/src/build/audio_common_msgs' returned '0': CMAKE_PREFIX_PATH=${CMAKE_PREFIX_PATH}:/home/jetsonros2/MyProject/kopikia_ws/install/uf_ros_lib:/home/jetsonros2/MyProject/kopikia_ws/install/kopikia_bot:/opt/ros/humble /usr/bin/cmake --build /home/jetsonros2/MyProject/kopikia_ws/src/build/audio_common_msgs -- -j20 -l20
[3.815s] DEBUG:colcon.colcon_core.event_handler.log_command:Invoking command in '/home/jetsonros2/MyProject/kopikia_ws/src/build/audio_common_msgs': CMAKE_PREFIX_PATH=${CMAKE_PREFIX_PATH}:/home/jetsonros2/MyProject/kopikia_ws/install/uf_ros_lib:/home/jetsonros2/MyProject/kopikia_ws/install/kopikia_bot:/opt/ros/humble /usr/bin/cmake --install /home/jetsonros2/MyProject/kopikia_ws/src/build/audio_common_msgs
[3.883s] Level 1:colcon.colcon_core.environment:create_environment_scripts_only(audio_common_msgs)
[3.883s] DEBUG:colcon.colcon_core.event_handler.log_command:Invoked command in '/home/jetsonros2/MyProject/kopikia_ws/src/build/audio_common_msgs' returned '0': CMAKE_PREFIX_PATH=${CMAKE_PREFIX_PATH}:/home/jetsonros2/MyProject/kopikia_ws/install/uf_ros_lib:/home/jetsonros2/MyProject/kopikia_ws/install/kopikia_bot:/opt/ros/humble /usr/bin/cmake --install /home/jetsonros2/MyProject/kopikia_ws/src/build/audio_common_msgs
[3.885s] Level 1:colcon.colcon_core.environment:checking '/home/jetsonros2/MyProject/kopikia_ws/src/install/audio_common_msgs' for CMake module files
[3.886s] Level 1:colcon.colcon_core.environment:checking '/home/jetsonros2/MyProject/kopikia_ws/src/install/audio_common_msgs' for CMake config files
[3.886s] Level 1:colcon.colcon_core.shell:create_environment_hook('audio_common_msgs', 'cmake_prefix_path')
[3.886s] INFO:colcon.colcon_core.shell:Creating environment hook '/home/jetsonros2/MyProject/kopikia_ws/src/install/audio_common_msgs/share/audio_common_msgs/hook/cmake_prefix_path.ps1'
[3.887s] INFO:colcon.colcon_core.shell:Creating environment descriptor '/home/jetsonros2/MyProject/kopikia_ws/src/install/audio_common_msgs/share/audio_common_msgs/hook/cmake_prefix_path.dsv'
[3.887s] INFO:colcon.colcon_core.shell:Creating environment hook '/home/jetsonros2/MyProject/kopikia_ws/src/install/audio_common_msgs/share/audio_common_msgs/hook/cmake_prefix_path.sh'
[3.888s] Level 1:colcon.colcon_core.environment:checking '/home/jetsonros2/MyProject/kopikia_ws/src/install/audio_common_msgs/lib'
[3.888s] Level 1:colcon.colcon_core.shell:create_environment_hook('audio_common_msgs', 'ld_library_path_lib')
[3.888s] INFO:colcon.colcon_core.shell:Creating environment hook '/home/jetsonros2/MyProject/kopikia_ws/src/install/audio_common_msgs/share/audio_common_msgs/hook/ld_library_path_lib.ps1'
[3.889s] INFO:colcon.colcon_core.shell:Creating environment descriptor '/home/jetsonros2/MyProject/kopikia_ws/src/install/audio_common_msgs/share/audio_common_msgs/hook/ld_library_path_lib.dsv'
[3.889s] INFO:colcon.colcon_core.shell:Creating environment hook '/home/jetsonros2/MyProject/kopikia_ws/src/install/audio_common_msgs/share/audio_common_msgs/hook/ld_library_path_lib.sh'
[3.889s] Level 1:colcon.colcon_core.environment:checking '/home/jetsonros2/MyProject/kopikia_ws/src/install/audio_common_msgs/bin'
[3.889s] Level 1:colcon.colcon_core.environment:checking '/home/jetsonros2/MyProject/kopikia_ws/src/install/audio_common_msgs/lib/pkgconfig/audio_common_msgs.pc'
[3.889s] Level 1:colcon.colcon_core.environment:checking '/home/jetsonros2/MyProject/kopikia_ws/src/install/audio_common_msgs/lib/python3.10/site-packages'
[3.890s] Level 1:colcon.colcon_core.environment:checking '/home/jetsonros2/MyProject/kopikia_ws/src/install/audio_common_msgs/bin'
[3.890s] INFO:colcon.colcon_core.shell:Creating package script '/home/jetsonros2/MyProject/kopikia_ws/src/install/audio_common_msgs/share/audio_common_msgs/package.ps1'
[3.891s] INFO:colcon.colcon_core.shell:Creating package descriptor '/home/jetsonros2/MyProject/kopikia_ws/src/install/audio_common_msgs/share/audio_common_msgs/package.dsv'
[3.891s] INFO:colcon.colcon_core.shell:Creating package script '/home/jetsonros2/MyProject/kopikia_ws/src/install/audio_common_msgs/share/audio_common_msgs/package.sh'
[3.892s] INFO:colcon.colcon_core.shell:Creating package script '/home/jetsonros2/MyProject/kopikia_ws/src/install/audio_common_msgs/share/audio_common_msgs/package.bash'
[3.893s] INFO:colcon.colcon_core.shell:Creating package script '/home/jetsonros2/MyProject/kopikia_ws/src/install/audio_common_msgs/share/audio_common_msgs/package.zsh'
[3.893s] Level 1:colcon.colcon_core.environment:create_file_with_runtime_dependencies(/home/jetsonros2/MyProject/kopikia_ws/src/install/audio_common_msgs/share/colcon-core/packages/audio_common_msgs)
[3.894s] Level 1:colcon.colcon_core.environment:create_environment_scripts_only(audio_common_msgs)
[3.895s] Level 1:colcon.colcon_core.environment:checking '/home/jetsonros2/MyProject/kopikia_ws/src/install/audio_common_msgs' for CMake module files
[3.895s] Level 1:colcon.colcon_core.environment:checking '/home/jetsonros2/MyProject/kopikia_ws/src/install/audio_common_msgs' for CMake config files
[3.896s] Level 1:colcon.colcon_core.shell:create_environment_hook('audio_common_msgs', 'cmake_prefix_path')
[3.896s] INFO:colcon.colcon_core.shell:Creating environment hook '/home/jetsonros2/MyProject/kopikia_ws/src/install/audio_common_msgs/share/audio_common_msgs/hook/cmake_prefix_path.ps1'
[3.897s] INFO:colcon.colcon_core.shell:Creating environment descriptor '/home/jetsonros2/MyProject/kopikia_ws/src/install/audio_common_msgs/share/audio_common_msgs/hook/cmake_prefix_path.dsv'
[3.897s] INFO:colcon.colcon_core.shell:Creating environment hook '/home/jetsonros2/MyProject/kopikia_ws/src/install/audio_common_msgs/share/audio_common_msgs/hook/cmake_prefix_path.sh'
[3.898s] Level 1:colcon.colcon_core.environment:checking '/home/jetsonros2/MyProject/kopikia_ws/src/install/audio_common_msgs/lib'
[3.898s] Level 1:colcon.colcon_core.shell:create_environment_hook('audio_common_msgs', 'ld_library_path_lib')
[3.898s] INFO:colcon.colcon_core.shell:Creating environment hook '/home/jetsonros2/MyProject/kopikia_ws/src/install/audio_common_msgs/share/audio_common_msgs/hook/ld_library_path_lib.ps1'
[3.899s] INFO:colcon.colcon_core.shell:Creating environment descriptor '/home/jetsonros2/MyProject/kopikia_ws/src/install/audio_common_msgs/share/audio_common_msgs/hook/ld_library_path_lib.dsv'
[3.900s] INFO:colcon.colcon_core.shell:Creating environment hook '/home/jetsonros2/MyProject/kopikia_ws/src/install/audio_common_msgs/share/audio_common_msgs/hook/ld_library_path_lib.sh'
[3.900s] Level 1:colcon.colcon_core.environment:checking '/home/jetsonros2/MyProject/kopikia_ws/src/install/audio_common_msgs/bin'
[3.900s] Level 1:colcon.colcon_core.environment:checking '/home/jetsonros2/MyProject/kopikia_ws/src/install/audio_common_msgs/lib/pkgconfig/audio_common_msgs.pc'
[3.900s] Level 1:colcon.colcon_core.environment:checking '/home/jetsonros2/MyProject/kopikia_ws/src/install/audio_common_msgs/lib/python3.10/site-packages'
[3.901s] Level 1:colcon.colcon_core.environment:checking '/home/jetsonros2/MyProject/kopikia_ws/src/install/audio_common_msgs/bin'
[3.901s] INFO:colcon.colcon_core.shell:Creating package script '/home/jetsonros2/MyProject/kopikia_ws/src/install/audio_common_msgs/share/audio_common_msgs/package.ps1'
[3.902s] INFO:colcon.colcon_core.shell:Creating package descriptor '/home/jetsonros2/MyProject/kopikia_ws/src/install/audio_common_msgs/share/audio_common_msgs/package.dsv'
[3.902s] INFO:colcon.colcon_core.shell:Creating package script '/home/jetsonros2/MyProject/kopikia_ws/src/install/audio_common_msgs/share/audio_common_msgs/package.sh'
[3.903s] INFO:colcon.colcon_core.shell:Creating package script '/home/jetsonros2/MyProject/kopikia_ws/src/install/audio_common_msgs/share/audio_common_msgs/package.bash'
[3.903s] INFO:colcon.colcon_core.shell:Creating package script '/home/jetsonros2/MyProject/kopikia_ws/src/install/audio_common_msgs/share/audio_common_msgs/package.zsh'
[3.904s] Level 1:colcon.colcon_core.environment:create_file_with_runtime_dependencies(/home/jetsonros2/MyProject/kopikia_ws/src/install/audio_common_msgs/share/colcon-core/packages/audio_common_msgs)
[3.904s] DEBUG:colcon.colcon_parallel_executor.executor.parallel:closing loop
[3.904s] DEBUG:colcon.colcon_parallel_executor.executor.parallel:loop closed
[3.904s] DEBUG:colcon.colcon_parallel_executor.executor.parallel:run_until_complete finished with '0'
[3.904s] DEBUG:colcon.colcon_core.event_reactor:joining thread
[3.910s] INFO:colcon.colcon_core.plugin_system:Skipping extension 'colcon_notification.desktop_notification.terminal_notifier': Not used on non-Darwin systems
[3.910s] INFO:colcon.colcon_core.plugin_system:Skipping extension 'colcon_notification.desktop_notification.win32': Not used on non-Windows systems
[3.910s] INFO:colcon.colcon_notification.desktop_notification:Sending desktop notification using 'notify2'
[3.911s] DEBUG:colcon.colcon_notification.desktop_notification.notify2:Failed to initialize notify2: org.freedesktop.DBus.Error.ServiceUnknown: The name org.freedesktop.Notifications was not provided by any .service files
[3.911s] DEBUG:colcon.colcon_core.event_reactor:joined thread
[3.912s] INFO:colcon.colcon_core.shell:Creating prefix script '/home/jetsonros2/MyProject/kopikia_ws/src/install/local_setup.ps1'
[3.913s] INFO:colcon.colcon_core.shell:Creating prefix util module '/home/jetsonros2/MyProject/kopikia_ws/src/install/_local_setup_util_ps1.py'
[3.914s] INFO:colcon.colcon_core.shell:Creating prefix chain script '/home/jetsonros2/MyProject/kopikia_ws/src/install/setup.ps1'
[3.915s] INFO:colcon.colcon_core.shell:Creating prefix script '/home/jetsonros2/MyProject/kopikia_ws/src/install/local_setup.sh'
[3.916s] INFO:colcon.colcon_core.shell:Creating prefix util module '/home/jetsonros2/MyProject/kopikia_ws/src/install/_local_setup_util_sh.py'
[3.917s] INFO:colcon.colcon_core.shell:Creating prefix chain script '/home/jetsonros2/MyProject/kopikia_ws/src/install/setup.sh'
[3.918s] INFO:colcon.colcon_core.shell:Creating prefix script '/home/jetsonros2/MyProject/kopikia_ws/src/install/local_setup.bash'
[3.918s] INFO:colcon.colcon_core.shell:Creating prefix chain script '/home/jetsonros2/MyProject/kopikia_ws/src/install/setup.bash'
[3.920s] INFO:colcon.colcon_core.shell:Creating prefix script '/home/jetsonros2/MyProject/kopikia_ws/src/install/local_setup.zsh'
[3.921s] INFO:colcon.colcon_core.shell:Creating prefix chain script '/home/jetsonros2/MyProject/kopikia_ws/src/install/setup.zsh'
